[0.273s] Invoking command in '/home/hung/ws_offboard_control/src/build/px4_avoidance': CMAKE_PREFIX_PATH=/home/hung/ws_offboard_control/src/install/px4_msgs:/home/hung/ws_offboard_control/src/install/px4_avoidance:/opt/ros/jazzy/opt/gz_sim_vendor:/opt/ros/jazzy/opt/gz_sensors_vendor:/opt/ros/jazzy/opt/gz_physics_vendor:/opt/ros/jazzy/opt/sdformat_vendor:/opt/ros/jazzy/opt/gz_gui_vendor:/opt/ros/jazzy/opt/gz_transport_vendor:/opt/ros/jazzy/opt/gz_rendering_vendor:/opt/ros/jazzy/opt/gz_plugin_vendor:/opt/ros/jazzy/opt/gz_fuel_tools_vendor:/opt/ros/jazzy/opt/gz_msgs_vendor:/opt/ros/jazzy/opt/gz_common_vendor:/opt/ros/jazzy/opt/gz_math_vendor:/opt/ros/jazzy/opt/gz_utils_vendor:/opt/ros/jazzy/opt/gz_tools_vendor:/opt/ros/jazzy/opt/gz_ogre_next_vendor:/opt/ros/jazzy/opt/gz_dartsim_vendor:/opt/ros/jazzy/opt/gz_cmake_vendor:/opt/ros/jazzy DEBUGINFOD_URLS=https://debuginfod.ubuntu.com /usr/bin/cmake --build /home/hung/ws_offboard_control/src/build/px4_avoidance -- -j12 -l12
[0.431s] [ 10%] [32mBuilding CXX object CMakeFiles/vfh_star_node.dir/src/candidate_search.cpp.o[0m
[0.931s] [01m[K/home/hung/ws_offboard_control/src/px4_avoidance/src/candidate_search.cpp:[m[K In member function ‘[01m[Kstd::vector<double> CandidateSearch::[01;32m[KfindCandidates[m[K(const std::vector<int>&, int)[m[K’:
[0.931s] [01m[K/home/hung/ws_offboard_control/src/px4_avoidance/src/candidate_search.cpp:48:18:[m[K [01;31m[Kerror: [m[K‘[01m[Kcout[m[K’ is not a member of ‘[01m[Kstd[m[K’
[0.931s]    48 |             std::[01;31m[Kcout[m[K << "Opening: [" << kr << ", " << kl << "]\n";
[0.932s]       |                  [01;31m[K^~~~[m[K
[0.932s] [01m[K/home/hung/ws_offboard_control/src/px4_avoidance/src/candidate_search.cpp:4:1:[m[K [01;36m[Knote: [m[K‘[01m[Kstd::cout[m[K’ is defined in header ‘[01m[K<iostream>[m[K’; did you forget to ‘[01m[K#include <iostream>[m[K’?
[0.932s]     3 | #include <algorithm>
[0.932s]   +++ |+[32m[K#include <iostream>[m[K
[0.932s]     4 | 
[0.932s] [01m[K/home/hung/ws_offboard_control/src/px4_avoidance/src/candidate_search.cpp:49:18:[m[K [01;31m[Kerror: [m[K‘[01m[Kcout[m[K’ is not a member of ‘[01m[Kstd[m[K’
[0.932s]    49 |             std::[01;31m[Kcout[m[K << "cr = " << cr << ", cl = " << cl << std::endl;
[0.932s]       |                  [01;31m[K^~~~[m[K
[0.932s] [01m[K/home/hung/ws_offboard_control/src/px4_avoidance/src/candidate_search.cpp:49:18:[m[K [01;36m[Knote: [m[K‘[01m[Kstd::cout[m[K’ is defined in header ‘[01m[K<iostream>[m[K’; did you forget to ‘[01m[K#include <iostream>[m[K’?
[0.932s] [01m[K/home/hung/ws_offboard_control/src/px4_avoidance/src/candidate_search.cpp:49:67:[m[K [01;31m[Kerror: [m[K‘[01m[Kendl[m[K’ is not a member of ‘[01m[Kstd[m[K’
[0.932s]    49 |             std::cout << "cr = " << cr << ", cl = " << cl << std::[01;31m[Kendl[m[K;
[0.933s]       |                                                                   [01;31m[K^~~~[m[K
[0.933s] [01m[K/home/hung/ws_offboard_control/src/px4_avoidance/src/candidate_search.cpp:4:1:[m[K [01;36m[Knote: [m[K‘[01m[Kstd::endl[m[K’ is defined in header ‘[01m[K<ostream>[m[K’; did you forget to ‘[01m[K#include <ostream>[m[K’?
[0.933s]     3 | #include <algorithm>
[0.933s]   +++ |+[32m[K#include <ostream>[m[K
[0.933s]     4 | 
[1.024s] gmake[2]: *** [CMakeFiles/vfh_star_node.dir/build.make:146: CMakeFiles/vfh_star_node.dir/src/candidate_search.cpp.o] Error 1
[1.025s] gmake[1]: *** [CMakeFiles/Makefile2:139: CMakeFiles/vfh_star_node.dir/all] Error 2
[1.026s] gmake: *** [Makefile:146: all] Error 2
[1.035s] Invoked command in '/home/hung/ws_offboard_control/src/build/px4_avoidance' returned '2': CMAKE_PREFIX_PATH=/home/hung/ws_offboard_control/src/install/px4_msgs:/home/hung/ws_offboard_control/src/install/px4_avoidance:/opt/ros/jazzy/opt/gz_sim_vendor:/opt/ros/jazzy/opt/gz_sensors_vendor:/opt/ros/jazzy/opt/gz_physics_vendor:/opt/ros/jazzy/opt/sdformat_vendor:/opt/ros/jazzy/opt/gz_gui_vendor:/opt/ros/jazzy/opt/gz_transport_vendor:/opt/ros/jazzy/opt/gz_rendering_vendor:/opt/ros/jazzy/opt/gz_plugin_vendor:/opt/ros/jazzy/opt/gz_fuel_tools_vendor:/opt/ros/jazzy/opt/gz_msgs_vendor:/opt/ros/jazzy/opt/gz_common_vendor:/opt/ros/jazzy/opt/gz_math_vendor:/opt/ros/jazzy/opt/gz_utils_vendor:/opt/ros/jazzy/opt/gz_tools_vendor:/opt/ros/jazzy/opt/gz_ogre_next_vendor:/opt/ros/jazzy/opt/gz_dartsim_vendor:/opt/ros/jazzy/opt/gz_cmake_vendor:/opt/ros/jazzy DEBUGINFOD_URLS=https://debuginfod.ubuntu.com /usr/bin/cmake --build /home/hung/ws_offboard_control/src/build/px4_avoidance -- -j12 -l12
