[0.327s] DEBUG:colcon:Command line arguments: ['/usr/bin/colcon', 'build']
[0.327s] DEBUG:colcon:Parsed command line arguments: Namespace(log_base=None, log_level=None, verb_name='build', build_base='build', install_base='install', merge_install=False, symlink_install=False, test_result_base=None, continue_on_error=False, executor='parallel', parallel_workers=12, event_handlers=None, ignore_user_meta=False, metas=['./colcon.meta'], base_paths=['.'], packages_ignore=None, packages_ignore_regex=None, paths=None, packages_up_to=None, packages_up_to_regex=None, packages_above=None, packages_above_and_dependencies=None, packages_above_depth=None, packages_select_by_dep=None, packages_skip_by_dep=None, packages_skip_up_to=None, packages_select_build_failed=False, packages_skip_build_finished=False, packages_select_test_failures=False, packages_skip_test_passed=False, packages_select=None, packages_skip=None, packages_select_regex=None, packages_skip_regex=None, packages_start=None, packages_end=None, allow_overriding=[], cmake_args=None, cmake_target=None, cmake_target_skip_unavailable=False, cmake_clean_cache=False, cmake_clean_first=False, cmake_force_configure=False, ament_cmake_args=None, catkin_cmake_args=None, catkin_skip_building_tests=False, verb_parser=<colcon_defaults.argument_parser.defaults.DefaultArgumentsDecorator object at 0x734f86b80380>, verb_extension=<colcon_core.verb.build.BuildVerb object at 0x734f86cbd940>, main=<bound method BuildVerb.main of <colcon_core.verb.build.BuildVerb object at 0x734f86cbd940>>)
[0.396s] Level 1:colcon.colcon_core.package_discovery:discover_packages(colcon_meta) check parameters
[0.397s] Level 1:colcon.colcon_core.package_discovery:discover_packages(recursive) check parameters
[0.397s] Level 1:colcon.colcon_core.package_discovery:discover_packages(ignore) check parameters
[0.397s] Level 1:colcon.colcon_core.package_discovery:discover_packages(path) check parameters
[0.397s] Level 1:colcon.colcon_core.package_discovery:discover_packages(colcon_meta) discover
[0.397s] Level 1:colcon.colcon_core.package_discovery:discover_packages(recursive) discover
[0.397s] INFO:colcon.colcon_core.package_discovery:Crawling recursively for packages in '/home/hung/ws_offboard_control/src'
[0.397s] Level 1:colcon.colcon_core.package_identification:_identify(.) by extensions ['ignore', 'ignore_ament_install']
[0.397s] Level 1:colcon.colcon_core.package_identification:_identify(.) by extension 'ignore'
[0.397s] Level 1:colcon.colcon_core.package_identification:_identify(.) by extension 'ignore_ament_install'
[0.397s] Level 1:colcon.colcon_core.package_identification:_identify(.) by extensions ['colcon_pkg']
[0.397s] Level 1:colcon.colcon_core.package_identification:_identify(.) by extension 'colcon_pkg'
[0.397s] Level 1:colcon.colcon_core.package_identification:_identify(.) by extensions ['colcon_meta']
[0.398s] Level 1:colcon.colcon_core.package_identification:_identify(.) by extension 'colcon_meta'
[0.398s] Level 1:colcon.colcon_core.package_identification:_identify(.) by extensions ['ros']
[0.398s] Level 1:colcon.colcon_core.package_identification:_identify(.) by extension 'ros'
[0.441s] Level 1:colcon.colcon_core.package_identification:_identify(.) by extensions ['cmake', 'python']
[0.441s] Level 1:colcon.colcon_core.package_identification:_identify(.) by extension 'cmake'
[0.441s] Level 1:colcon.colcon_core.package_identification:_identify(.) by extension 'python'
[0.441s] Level 1:colcon.colcon_core.package_identification:_identify(.) by extensions ['python_setup_py']
[0.441s] Level 1:colcon.colcon_core.package_identification:_identify(.) by extension 'python_setup_py'
[0.442s] Level 1:colcon.colcon_core.package_identification:_identify(build) by extensions ['ignore', 'ignore_ament_install']
[0.442s] Level 1:colcon.colcon_core.package_identification:_identify(build) by extension 'ignore'
[0.442s] Level 1:colcon.colcon_core.package_identification:_identify(build) ignored
[0.442s] Level 1:colcon.colcon_core.package_identification:_identify(install) by extensions ['ignore', 'ignore_ament_install']
[0.442s] Level 1:colcon.colcon_core.package_identification:_identify(install) by extension 'ignore'
[0.442s] Level 1:colcon.colcon_core.package_identification:_identify(install) ignored
[0.442s] Level 1:colcon.colcon_core.package_identification:_identify(log) by extensions ['ignore', 'ignore_ament_install']
[0.442s] Level 1:colcon.colcon_core.package_identification:_identify(log) by extension 'ignore'
[0.442s] Level 1:colcon.colcon_core.package_identification:_identify(log) ignored
[0.442s] Level 1:colcon.colcon_core.package_identification:_identify(px4_avoidance) by extensions ['ignore', 'ignore_ament_install']
[0.443s] Level 1:colcon.colcon_core.package_identification:_identify(px4_avoidance) by extension 'ignore'
[0.443s] Level 1:colcon.colcon_core.package_identification:_identify(px4_avoidance) by extension 'ignore_ament_install'
[0.443s] Level 1:colcon.colcon_core.package_identification:_identify(px4_avoidance) by extensions ['colcon_pkg']
[0.443s] Level 1:colcon.colcon_core.package_identification:_identify(px4_avoidance) by extension 'colcon_pkg'
[0.443s] Level 1:colcon.colcon_core.package_identification:_identify(px4_avoidance) by extensions ['colcon_meta']
[0.443s] Level 1:colcon.colcon_core.package_identification:_identify(px4_avoidance) by extension 'colcon_meta'
[0.443s] Level 1:colcon.colcon_core.package_identification:_identify(px4_avoidance) by extensions ['ros']
[0.443s] Level 1:colcon.colcon_core.package_identification:_identify(px4_avoidance) by extension 'ros'
[0.446s] DEBUG:colcon.colcon_core.package_identification:Package 'px4_avoidance' with type 'ros.ament_cmake' and name 'px4_avoidance'
[0.446s] Level 1:colcon.colcon_core.package_identification:_identify(px4_msgs) by extensions ['ignore', 'ignore_ament_install']
[0.446s] Level 1:colcon.colcon_core.package_identification:_identify(px4_msgs) by extension 'ignore'
[0.446s] Level 1:colcon.colcon_core.package_identification:_identify(px4_msgs) by extension 'ignore_ament_install'
[0.446s] Level 1:colcon.colcon_core.package_identification:_identify(px4_msgs) by extensions ['colcon_pkg']
[0.446s] Level 1:colcon.colcon_core.package_identification:_identify(px4_msgs) by extension 'colcon_pkg'
[0.446s] Level 1:colcon.colcon_core.package_identification:_identify(px4_msgs) by extensions ['colcon_meta']
[0.446s] Level 1:colcon.colcon_core.package_identification:_identify(px4_msgs) by extension 'colcon_meta'
[0.446s] Level 1:colcon.colcon_core.package_identification:_identify(px4_msgs) by extensions ['ros']
[0.446s] Level 1:colcon.colcon_core.package_identification:_identify(px4_msgs) by extension 'ros'
[0.447s] DEBUG:colcon.colcon_core.package_identification:Package 'px4_msgs' with type 'ros.ament_cmake' and name 'px4_msgs'
[0.447s] Level 1:colcon.colcon_core.package_discovery:discover_packages(recursive) using defaults
[0.447s] Level 1:colcon.colcon_core.package_discovery:discover_packages(ignore) discover
[0.447s] Level 1:colcon.colcon_core.package_discovery:discover_packages(ignore) using defaults
[0.447s] Level 1:colcon.colcon_core.package_discovery:discover_packages(path) discover
[0.447s] Level 1:colcon.colcon_core.package_discovery:discover_packages(path) using defaults
[0.478s] Level 1:colcon.colcon_core.package_discovery:discover_packages(prefix_path) check parameters
[0.478s] Level 1:colcon.colcon_core.package_discovery:discover_packages(prefix_path) discover
[0.481s] DEBUG:colcon.colcon_installed_package_information.package_discovery:Found 2 installed packages in /home/hung/ws_offboard_control/src/install
[0.483s] DEBUG:colcon.colcon_installed_package_information.package_discovery:Found 320 installed packages in /opt/ros/jazzy
[0.485s] Level 1:colcon.colcon_core.package_discovery:discover_packages(prefix_path) using defaults
[0.562s] Level 5:colcon.colcon_core.verb:set package 'px4_msgs' build argument 'cmake_args' from command line to 'None'
[0.562s] Level 5:colcon.colcon_core.verb:set package 'px4_msgs' build argument 'cmake_target' from command line to 'None'
[0.562s] Level 5:colcon.colcon_core.verb:set package 'px4_msgs' build argument 'cmake_target_skip_unavailable' from command line to 'False'
[0.562s] Level 5:colcon.colcon_core.verb:set package 'px4_msgs' build argument 'cmake_clean_cache' from command line to 'False'
[0.562s] Level 5:colcon.colcon_core.verb:set package 'px4_msgs' build argument 'cmake_clean_first' from command line to 'False'
[0.562s] Level 5:colcon.colcon_core.verb:set package 'px4_msgs' build argument 'cmake_force_configure' from command line to 'False'
[0.562s] Level 5:colcon.colcon_core.verb:set package 'px4_msgs' build argument 'ament_cmake_args' from command line to 'None'
[0.562s] Level 5:colcon.colcon_core.verb:set package 'px4_msgs' build argument 'catkin_cmake_args' from command line to 'None'
[0.562s] Level 5:colcon.colcon_core.verb:set package 'px4_msgs' build argument 'catkin_skip_building_tests' from command line to 'False'
[0.562s] DEBUG:colcon.colcon_core.verb:Building package 'px4_msgs' with the following arguments: {'ament_cmake_args': None, 'build_base': '/home/hung/ws_offboard_control/src/build/px4_msgs', 'catkin_cmake_args': None, 'catkin_skip_building_tests': False, 'cmake_args': None, 'cmake_clean_cache': False, 'cmake_clean_first': False, 'cmake_force_configure': False, 'cmake_target': None, 'cmake_target_skip_unavailable': False, 'install_base': '/home/hung/ws_offboard_control/src/install/px4_msgs', 'merge_install': False, 'path': '/home/hung/ws_offboard_control/src/px4_msgs', 'symlink_install': False, 'test_result_base': None}
[0.563s] Level 5:colcon.colcon_core.verb:set package 'px4_avoidance' build argument 'cmake_args' from command line to 'None'
[0.563s] Level 5:colcon.colcon_core.verb:set package 'px4_avoidance' build argument 'cmake_target' from command line to 'None'
[0.563s] Level 5:colcon.colcon_core.verb:set package 'px4_avoidance' build argument 'cmake_target_skip_unavailable' from command line to 'False'
[0.563s] Level 5:colcon.colcon_core.verb:set package 'px4_avoidance' build argument 'cmake_clean_cache' from command line to 'False'
[0.563s] Level 5:colcon.colcon_core.verb:set package 'px4_avoidance' build argument 'cmake_clean_first' from command line to 'False'
[0.563s] Level 5:colcon.colcon_core.verb:set package 'px4_avoidance' build argument 'cmake_force_configure' from command line to 'False'
[0.563s] Level 5:colcon.colcon_core.verb:set package 'px4_avoidance' build argument 'ament_cmake_args' from command line to 'None'
[0.563s] Level 5:colcon.colcon_core.verb:set package 'px4_avoidance' build argument 'catkin_cmake_args' from command line to 'None'
[0.563s] Level 5:colcon.colcon_core.verb:set package 'px4_avoidance' build argument 'catkin_skip_building_tests' from command line to 'False'
[0.563s] DEBUG:colcon.colcon_core.verb:Building package 'px4_avoidance' with the following arguments: {'ament_cmake_args': None, 'build_base': '/home/hung/ws_offboard_control/src/build/px4_avoidance', 'catkin_cmake_args': None, 'catkin_skip_building_tests': False, 'cmake_args': None, 'cmake_clean_cache': False, 'cmake_clean_first': False, 'cmake_force_configure': False, 'cmake_target': None, 'cmake_target_skip_unavailable': False, 'install_base': '/home/hung/ws_offboard_control/src/install/px4_avoidance', 'merge_install': False, 'path': '/home/hung/ws_offboard_control/src/px4_avoidance', 'symlink_install': False, 'test_result_base': None}
[0.563s] INFO:colcon.colcon_core.executor:Executing jobs using 'parallel' executor
[0.565s] DEBUG:colcon.colcon_parallel_executor.executor.parallel:run_until_complete
[0.565s] INFO:colcon.colcon_ros.task.ament_cmake.build:Building ROS package in '/home/hung/ws_offboard_control/src/px4_msgs' with build type 'ament_cmake'
[0.566s] INFO:colcon.colcon_cmake.task.cmake.build:Building CMake package in '/home/hung/ws_offboard_control/src/px4_msgs'
[0.568s] INFO:colcon.colcon_core.plugin_system:Skipping extension 'colcon_core.shell.bat': Not used on non-Windows systems
[0.569s] INFO:colcon.colcon_core.shell:Skip shell extension 'powershell' for command environment: Not usable outside of PowerShell
[0.569s] DEBUG:colcon.colcon_core.shell:Skip shell extension 'dsv' for command environment
[0.584s] DEBUG:colcon.colcon_core.event_handler.log_command:Invoking command in '/home/hung/ws_offboard_control/src/build/px4_msgs': CMAKE_PREFIX_PATH=${CMAKE_PREFIX_PATH}:/opt/ros/jazzy DEBUGINFOD_URLS=https://debuginfod.ubuntu.com /usr/bin/cmake --build /home/hung/ws_offboard_control/src/build/px4_msgs -- -j12 -l12
[5.458s] DEBUG:colcon.colcon_core.event_handler.log_command:Invoked command in '/home/hung/ws_offboard_control/src/build/px4_msgs' returned '0': CMAKE_PREFIX_PATH=${CMAKE_PREFIX_PATH}:/opt/ros/jazzy DEBUGINFOD_URLS=https://debuginfod.ubuntu.com /usr/bin/cmake --build /home/hung/ws_offboard_control/src/build/px4_msgs -- -j12 -l12
[5.488s] DEBUG:colcon.colcon_core.event_handler.log_command:Invoking command in '/home/hung/ws_offboard_control/src/build/px4_msgs': CMAKE_PREFIX_PATH=${CMAKE_PREFIX_PATH}:/opt/ros/jazzy DEBUGINFOD_URLS=https://debuginfod.ubuntu.com /usr/bin/cmake --install /home/hung/ws_offboard_control/src/build/px4_msgs
[6.900s] Level 1:colcon.colcon_core.environment:create_environment_scripts_only(px4_msgs)
[6.903s] Level 1:colcon.colcon_core.environment:checking '/home/hung/ws_offboard_control/src/install/px4_msgs' for CMake module files
[6.903s] Level 1:colcon.colcon_core.environment:checking '/home/hung/ws_offboard_control/src/install/px4_msgs' for CMake config files
[6.904s] Level 1:colcon.colcon_core.shell:create_environment_hook('px4_msgs', 'cmake_prefix_path')
[6.904s] INFO:colcon.colcon_core.shell:Creating environment hook '/home/hung/ws_offboard_control/src/install/px4_msgs/share/px4_msgs/hook/cmake_prefix_path.ps1'
[6.905s] DEBUG:colcon.colcon_core.event_handler.log_command:Invoked command in '/home/hung/ws_offboard_control/src/build/px4_msgs' returned '0': CMAKE_PREFIX_PATH=${CMAKE_PREFIX_PATH}:/opt/ros/jazzy DEBUGINFOD_URLS=https://debuginfod.ubuntu.com /usr/bin/cmake --install /home/hung/ws_offboard_control/src/build/px4_msgs
[6.906s] INFO:colcon.colcon_core.shell:Creating environment descriptor '/home/hung/ws_offboard_control/src/install/px4_msgs/share/px4_msgs/hook/cmake_prefix_path.dsv'
[6.906s] INFO:colcon.colcon_core.shell:Creating environment hook '/home/hung/ws_offboard_control/src/install/px4_msgs/share/px4_msgs/hook/cmake_prefix_path.sh'
[6.907s] Level 1:colcon.colcon_core.environment:checking '/home/hung/ws_offboard_control/src/install/px4_msgs/lib'
[6.908s] Level 1:colcon.colcon_core.shell:create_environment_hook('px4_msgs', 'ld_library_path_lib')
[6.908s] INFO:colcon.colcon_core.shell:Creating environment hook '/home/hung/ws_offboard_control/src/install/px4_msgs/share/px4_msgs/hook/ld_library_path_lib.ps1'
[6.909s] INFO:colcon.colcon_core.shell:Creating environment descriptor '/home/hung/ws_offboard_control/src/install/px4_msgs/share/px4_msgs/hook/ld_library_path_lib.dsv'
[6.910s] INFO:colcon.colcon_core.shell:Creating environment hook '/home/hung/ws_offboard_control/src/install/px4_msgs/share/px4_msgs/hook/ld_library_path_lib.sh'
[6.910s] Level 1:colcon.colcon_core.environment:checking '/home/hung/ws_offboard_control/src/install/px4_msgs/bin'
[6.910s] Level 1:colcon.colcon_core.environment:checking '/home/hung/ws_offboard_control/src/install/px4_msgs/lib/pkgconfig/px4_msgs.pc'
[6.911s] Level 1:colcon.colcon_core.environment:checking '/home/hung/ws_offboard_control/src/install/px4_msgs/lib/python3.12/site-packages'
[6.911s] Level 1:colcon.colcon_core.shell:create_environment_hook('px4_msgs', 'pythonpath')
[6.911s] INFO:colcon.colcon_core.shell:Creating environment hook '/home/hung/ws_offboard_control/src/install/px4_msgs/share/px4_msgs/hook/pythonpath.ps1'
[6.912s] INFO:colcon.colcon_core.shell:Creating environment descriptor '/home/hung/ws_offboard_control/src/install/px4_msgs/share/px4_msgs/hook/pythonpath.dsv'
[6.913s] INFO:colcon.colcon_core.shell:Creating environment hook '/home/hung/ws_offboard_control/src/install/px4_msgs/share/px4_msgs/hook/pythonpath.sh'
[6.914s] Level 1:colcon.colcon_core.environment:checking '/home/hung/ws_offboard_control/src/install/px4_msgs/bin'
[6.915s] INFO:colcon.colcon_core.shell:Creating package script '/home/hung/ws_offboard_control/src/install/px4_msgs/share/px4_msgs/package.ps1'
[6.915s] INFO:colcon.colcon_core.shell:Creating package descriptor '/home/hung/ws_offboard_control/src/install/px4_msgs/share/px4_msgs/package.dsv'
[6.916s] INFO:colcon.colcon_core.shell:Creating package script '/home/hung/ws_offboard_control/src/install/px4_msgs/share/px4_msgs/package.sh'
[6.917s] INFO:colcon.colcon_core.shell:Creating package script '/home/hung/ws_offboard_control/src/install/px4_msgs/share/px4_msgs/package.bash'
[6.917s] INFO:colcon.colcon_core.shell:Creating package script '/home/hung/ws_offboard_control/src/install/px4_msgs/share/px4_msgs/package.zsh'
[6.918s] Level 1:colcon.colcon_core.environment:create_file_with_runtime_dependencies(/home/hung/ws_offboard_control/src/install/px4_msgs/share/colcon-core/packages/px4_msgs)
[6.919s] Level 1:colcon.colcon_core.environment:create_environment_scripts_only(px4_msgs)
[6.919s] Level 1:colcon.colcon_core.environment:checking '/home/hung/ws_offboard_control/src/install/px4_msgs' for CMake module files
[6.920s] Level 1:colcon.colcon_core.environment:checking '/home/hung/ws_offboard_control/src/install/px4_msgs' for CMake config files
[6.920s] Level 1:colcon.colcon_core.shell:create_environment_hook('px4_msgs', 'cmake_prefix_path')
[6.920s] INFO:colcon.colcon_core.shell:Creating environment hook '/home/hung/ws_offboard_control/src/install/px4_msgs/share/px4_msgs/hook/cmake_prefix_path.ps1'
[6.921s] INFO:colcon.colcon_core.shell:Creating environment descriptor '/home/hung/ws_offboard_control/src/install/px4_msgs/share/px4_msgs/hook/cmake_prefix_path.dsv'
[6.921s] INFO:colcon.colcon_core.shell:Creating environment hook '/home/hung/ws_offboard_control/src/install/px4_msgs/share/px4_msgs/hook/cmake_prefix_path.sh'
[6.922s] Level 1:colcon.colcon_core.environment:checking '/home/hung/ws_offboard_control/src/install/px4_msgs/lib'
[6.922s] Level 1:colcon.colcon_core.shell:create_environment_hook('px4_msgs', 'ld_library_path_lib')
[6.922s] INFO:colcon.colcon_core.shell:Creating environment hook '/home/hung/ws_offboard_control/src/install/px4_msgs/share/px4_msgs/hook/ld_library_path_lib.ps1'
[6.923s] INFO:colcon.colcon_core.shell:Creating environment descriptor '/home/hung/ws_offboard_control/src/install/px4_msgs/share/px4_msgs/hook/ld_library_path_lib.dsv'
[6.923s] INFO:colcon.colcon_core.shell:Creating environment hook '/home/hung/ws_offboard_control/src/install/px4_msgs/share/px4_msgs/hook/ld_library_path_lib.sh'
[6.924s] Level 1:colcon.colcon_core.environment:checking '/home/hung/ws_offboard_control/src/install/px4_msgs/bin'
[6.924s] Level 1:colcon.colcon_core.environment:checking '/home/hung/ws_offboard_control/src/install/px4_msgs/lib/pkgconfig/px4_msgs.pc'
[6.925s] Level 1:colcon.colcon_core.environment:checking '/home/hung/ws_offboard_control/src/install/px4_msgs/lib/python3.12/site-packages'
[6.925s] Level 1:colcon.colcon_core.shell:create_environment_hook('px4_msgs', 'pythonpath')
[6.925s] INFO:colcon.colcon_core.shell:Creating environment hook '/home/hung/ws_offboard_control/src/install/px4_msgs/share/px4_msgs/hook/pythonpath.ps1'
[6.926s] INFO:colcon.colcon_core.shell:Creating environment descriptor '/home/hung/ws_offboard_control/src/install/px4_msgs/share/px4_msgs/hook/pythonpath.dsv'
[6.926s] INFO:colcon.colcon_core.shell:Creating environment hook '/home/hung/ws_offboard_control/src/install/px4_msgs/share/px4_msgs/hook/pythonpath.sh'
[6.928s] Level 1:colcon.colcon_core.environment:checking '/home/hung/ws_offboard_control/src/install/px4_msgs/bin'
[6.929s] INFO:colcon.colcon_core.shell:Creating package script '/home/hung/ws_offboard_control/src/install/px4_msgs/share/px4_msgs/package.ps1'
[6.930s] INFO:colcon.colcon_core.shell:Creating package descriptor '/home/hung/ws_offboard_control/src/install/px4_msgs/share/px4_msgs/package.dsv'
[6.930s] INFO:colcon.colcon_core.shell:Creating package script '/home/hung/ws_offboard_control/src/install/px4_msgs/share/px4_msgs/package.sh'
[6.931s] INFO:colcon.colcon_core.shell:Creating package script '/home/hung/ws_offboard_control/src/install/px4_msgs/share/px4_msgs/package.bash'
[6.932s] INFO:colcon.colcon_core.shell:Creating package script '/home/hung/ws_offboard_control/src/install/px4_msgs/share/px4_msgs/package.zsh'
[6.932s] Level 1:colcon.colcon_core.environment:create_file_with_runtime_dependencies(/home/hung/ws_offboard_control/src/install/px4_msgs/share/colcon-core/packages/px4_msgs)
[6.933s] INFO:colcon.colcon_ros.task.ament_cmake.build:Building ROS package in '/home/hung/ws_offboard_control/src/px4_avoidance' with build type 'ament_cmake'
[6.933s] INFO:colcon.colcon_cmake.task.cmake.build:Building CMake package in '/home/hung/ws_offboard_control/src/px4_avoidance'
[6.933s] INFO:colcon.colcon_core.shell:Skip shell extension 'powershell' for command environment: Not usable outside of PowerShell
[6.933s] DEBUG:colcon.colcon_core.shell:Skip shell extension 'dsv' for command environment
[7.182s] DEBUG:colcon.colcon_core.event_handler.log_command:Invoking command in '/home/hung/ws_offboard_control/src/build/px4_avoidance': CMAKE_PREFIX_PATH=/home/hung/ws_offboard_control/src/install/px4_msgs:/home/hung/ws_offboard_control/src/install/px4_avoidance:/opt/ros/jazzy/opt/gz_sim_vendor:/opt/ros/jazzy/opt/gz_sensors_vendor:/opt/ros/jazzy/opt/gz_physics_vendor:/opt/ros/jazzy/opt/sdformat_vendor:/opt/ros/jazzy/opt/gz_gui_vendor:/opt/ros/jazzy/opt/gz_transport_vendor:/opt/ros/jazzy/opt/gz_rendering_vendor:/opt/ros/jazzy/opt/gz_plugin_vendor:/opt/ros/jazzy/opt/gz_fuel_tools_vendor:/opt/ros/jazzy/opt/gz_msgs_vendor:/opt/ros/jazzy/opt/gz_common_vendor:/opt/ros/jazzy/opt/gz_math_vendor:/opt/ros/jazzy/opt/gz_utils_vendor:/opt/ros/jazzy/opt/gz_tools_vendor:/opt/ros/jazzy/opt/gz_ogre_next_vendor:/opt/ros/jazzy/opt/gz_dartsim_vendor:/opt/ros/jazzy/opt/gz_cmake_vendor:/opt/ros/jazzy DEBUGINFOD_URLS=https://debuginfod.ubuntu.com /usr/bin/cmake --build /home/hung/ws_offboard_control/src/build/px4_avoidance -- -j12 -l12
[34.518s] DEBUG:colcon.colcon_core.event_handler.log_command:Invoked command in '/home/hung/ws_offboard_control/src/build/px4_avoidance' returned '0': CMAKE_PREFIX_PATH=/home/hung/ws_offboard_control/src/install/px4_msgs:/home/hung/ws_offboard_control/src/install/px4_avoidance:/opt/ros/jazzy/opt/gz_sim_vendor:/opt/ros/jazzy/opt/gz_sensors_vendor:/opt/ros/jazzy/opt/gz_physics_vendor:/opt/ros/jazzy/opt/sdformat_vendor:/opt/ros/jazzy/opt/gz_gui_vendor:/opt/ros/jazzy/opt/gz_transport_vendor:/opt/ros/jazzy/opt/gz_rendering_vendor:/opt/ros/jazzy/opt/gz_plugin_vendor:/opt/ros/jazzy/opt/gz_fuel_tools_vendor:/opt/ros/jazzy/opt/gz_msgs_vendor:/opt/ros/jazzy/opt/gz_common_vendor:/opt/ros/jazzy/opt/gz_math_vendor:/opt/ros/jazzy/opt/gz_utils_vendor:/opt/ros/jazzy/opt/gz_tools_vendor:/opt/ros/jazzy/opt/gz_ogre_next_vendor:/opt/ros/jazzy/opt/gz_dartsim_vendor:/opt/ros/jazzy/opt/gz_cmake_vendor:/opt/ros/jazzy DEBUGINFOD_URLS=https://debuginfod.ubuntu.com /usr/bin/cmake --build /home/hung/ws_offboard_control/src/build/px4_avoidance -- -j12 -l12
[34.519s] DEBUG:colcon.colcon_core.event_handler.log_command:Invoking command in '/home/hung/ws_offboard_control/src/build/px4_avoidance': CMAKE_PREFIX_PATH=/home/hung/ws_offboard_control/src/install/px4_msgs:/home/hung/ws_offboard_control/src/install/px4_avoidance:/opt/ros/jazzy/opt/gz_sim_vendor:/opt/ros/jazzy/opt/gz_sensors_vendor:/opt/ros/jazzy/opt/gz_physics_vendor:/opt/ros/jazzy/opt/sdformat_vendor:/opt/ros/jazzy/opt/gz_gui_vendor:/opt/ros/jazzy/opt/gz_transport_vendor:/opt/ros/jazzy/opt/gz_rendering_vendor:/opt/ros/jazzy/opt/gz_plugin_vendor:/opt/ros/jazzy/opt/gz_fuel_tools_vendor:/opt/ros/jazzy/opt/gz_msgs_vendor:/opt/ros/jazzy/opt/gz_common_vendor:/opt/ros/jazzy/opt/gz_math_vendor:/opt/ros/jazzy/opt/gz_utils_vendor:/opt/ros/jazzy/opt/gz_tools_vendor:/opt/ros/jazzy/opt/gz_ogre_next_vendor:/opt/ros/jazzy/opt/gz_dartsim_vendor:/opt/ros/jazzy/opt/gz_cmake_vendor:/opt/ros/jazzy DEBUGINFOD_URLS=https://debuginfod.ubuntu.com /usr/bin/cmake --install /home/hung/ws_offboard_control/src/build/px4_avoidance
[34.579s] Level 1:colcon.colcon_core.environment:create_environment_scripts_only(px4_avoidance)
[34.580s] Level 1:colcon.colcon_core.environment:checking '/home/hung/ws_offboard_control/src/install/px4_avoidance' for CMake module files
[34.581s] Level 1:colcon.colcon_core.environment:checking '/home/hung/ws_offboard_control/src/install/px4_avoidance' for CMake config files
[34.584s] DEBUG:colcon.colcon_core.event_handler.log_command:Invoked command in '/home/hung/ws_offboard_control/src/build/px4_avoidance' returned '0': CMAKE_PREFIX_PATH=/home/hung/ws_offboard_control/src/install/px4_msgs:/home/hung/ws_offboard_control/src/install/px4_avoidance:/opt/ros/jazzy/opt/gz_sim_vendor:/opt/ros/jazzy/opt/gz_sensors_vendor:/opt/ros/jazzy/opt/gz_physics_vendor:/opt/ros/jazzy/opt/sdformat_vendor:/opt/ros/jazzy/opt/gz_gui_vendor:/opt/ros/jazzy/opt/gz_transport_vendor:/opt/ros/jazzy/opt/gz_rendering_vendor:/opt/ros/jazzy/opt/gz_plugin_vendor:/opt/ros/jazzy/opt/gz_fuel_tools_vendor:/opt/ros/jazzy/opt/gz_msgs_vendor:/opt/ros/jazzy/opt/gz_common_vendor:/opt/ros/jazzy/opt/gz_math_vendor:/opt/ros/jazzy/opt/gz_utils_vendor:/opt/ros/jazzy/opt/gz_tools_vendor:/opt/ros/jazzy/opt/gz_ogre_next_vendor:/opt/ros/jazzy/opt/gz_dartsim_vendor:/opt/ros/jazzy/opt/gz_cmake_vendor:/opt/ros/jazzy DEBUGINFOD_URLS=https://debuginfod.ubuntu.com /usr/bin/cmake --install /home/hung/ws_offboard_control/src/build/px4_avoidance
[34.585s] Level 1:colcon.colcon_core.shell:create_environment_hook('px4_avoidance', 'cmake_prefix_path')
[34.586s] INFO:colcon.colcon_core.shell:Creating environment hook '/home/hung/ws_offboard_control/src/install/px4_avoidance/share/px4_avoidance/hook/cmake_prefix_path.ps1'
[34.587s] INFO:colcon.colcon_core.shell:Creating environment descriptor '/home/hung/ws_offboard_control/src/install/px4_avoidance/share/px4_avoidance/hook/cmake_prefix_path.dsv'
[34.588s] INFO:colcon.colcon_core.shell:Creating environment hook '/home/hung/ws_offboard_control/src/install/px4_avoidance/share/px4_avoidance/hook/cmake_prefix_path.sh'
[34.589s] Level 1:colcon.colcon_core.environment:checking '/home/hung/ws_offboard_control/src/install/px4_avoidance/lib'
[34.589s] Level 1:colcon.colcon_core.environment:checking '/home/hung/ws_offboard_control/src/install/px4_avoidance/bin'
[34.589s] Level 1:colcon.colcon_core.environment:checking '/home/hung/ws_offboard_control/src/install/px4_avoidance/lib/pkgconfig/px4_avoidance.pc'
[34.589s] Level 1:colcon.colcon_core.environment:checking '/home/hung/ws_offboard_control/src/install/px4_avoidance/lib/python3.12/site-packages'
[34.590s] Level 1:colcon.colcon_core.environment:checking '/home/hung/ws_offboard_control/src/install/px4_avoidance/bin'
[34.590s] INFO:colcon.colcon_core.shell:Creating package script '/home/hung/ws_offboard_control/src/install/px4_avoidance/share/px4_avoidance/package.ps1'
[34.591s] INFO:colcon.colcon_core.shell:Creating package descriptor '/home/hung/ws_offboard_control/src/install/px4_avoidance/share/px4_avoidance/package.dsv'
[34.591s] INFO:colcon.colcon_core.shell:Creating package script '/home/hung/ws_offboard_control/src/install/px4_avoidance/share/px4_avoidance/package.sh'
[34.592s] INFO:colcon.colcon_core.shell:Creating package script '/home/hung/ws_offboard_control/src/install/px4_avoidance/share/px4_avoidance/package.bash'
[34.592s] INFO:colcon.colcon_core.shell:Creating package script '/home/hung/ws_offboard_control/src/install/px4_avoidance/share/px4_avoidance/package.zsh'
[34.593s] Level 1:colcon.colcon_core.environment:create_file_with_runtime_dependencies(/home/hung/ws_offboard_control/src/install/px4_avoidance/share/colcon-core/packages/px4_avoidance)
[34.593s] Level 1:colcon.colcon_core.environment:create_environment_scripts_only(px4_avoidance)
[34.593s] Level 1:colcon.colcon_core.environment:checking '/home/hung/ws_offboard_control/src/install/px4_avoidance' for CMake module files
[34.594s] Level 1:colcon.colcon_core.environment:checking '/home/hung/ws_offboard_control/src/install/px4_avoidance' for CMake config files
[34.594s] Level 1:colcon.colcon_core.shell:create_environment_hook('px4_avoidance', 'cmake_prefix_path')
[34.595s] INFO:colcon.colcon_core.shell:Creating environment hook '/home/hung/ws_offboard_control/src/install/px4_avoidance/share/px4_avoidance/hook/cmake_prefix_path.ps1'
[34.595s] INFO:colcon.colcon_core.shell:Creating environment descriptor '/home/hung/ws_offboard_control/src/install/px4_avoidance/share/px4_avoidance/hook/cmake_prefix_path.dsv'
[34.596s] INFO:colcon.colcon_core.shell:Creating environment hook '/home/hung/ws_offboard_control/src/install/px4_avoidance/share/px4_avoidance/hook/cmake_prefix_path.sh'
[34.597s] Level 1:colcon.colcon_core.environment:checking '/home/hung/ws_offboard_control/src/install/px4_avoidance/lib'
[34.597s] Level 1:colcon.colcon_core.environment:checking '/home/hung/ws_offboard_control/src/install/px4_avoidance/bin'
[34.597s] Level 1:colcon.colcon_core.environment:checking '/home/hung/ws_offboard_control/src/install/px4_avoidance/lib/pkgconfig/px4_avoidance.pc'
[34.597s] Level 1:colcon.colcon_core.environment:checking '/home/hung/ws_offboard_control/src/install/px4_avoidance/lib/python3.12/site-packages'
[34.597s] Level 1:colcon.colcon_core.environment:checking '/home/hung/ws_offboard_control/src/install/px4_avoidance/bin'
[34.598s] INFO:colcon.colcon_core.shell:Creating package script '/home/hung/ws_offboard_control/src/install/px4_avoidance/share/px4_avoidance/package.ps1'
[34.598s] INFO:colcon.colcon_core.shell:Creating package descriptor '/home/hung/ws_offboard_control/src/install/px4_avoidance/share/px4_avoidance/package.dsv'
[34.598s] INFO:colcon.colcon_core.shell:Creating package script '/home/hung/ws_offboard_control/src/install/px4_avoidance/share/px4_avoidance/package.sh'
[34.599s] INFO:colcon.colcon_core.shell:Creating package script '/home/hung/ws_offboard_control/src/install/px4_avoidance/share/px4_avoidance/package.bash'
[34.600s] INFO:colcon.colcon_core.shell:Creating package script '/home/hung/ws_offboard_control/src/install/px4_avoidance/share/px4_avoidance/package.zsh'
[34.600s] Level 1:colcon.colcon_core.environment:create_file_with_runtime_dependencies(/home/hung/ws_offboard_control/src/install/px4_avoidance/share/colcon-core/packages/px4_avoidance)
[34.601s] DEBUG:colcon.colcon_parallel_executor.executor.parallel:closing loop
[34.601s] DEBUG:colcon.colcon_parallel_executor.executor.parallel:loop closed
[34.601s] DEBUG:colcon.colcon_parallel_executor.executor.parallel:run_until_complete finished with '0'
[34.601s] DEBUG:colcon.colcon_core.event_reactor:joining thread
[34.724s] INFO:colcon.colcon_core.plugin_system:Skipping extension 'colcon_notification.desktop_notification.notify_send': Could not find 'notify-send'
[34.724s] INFO:colcon.colcon_core.plugin_system:Skipping extension 'colcon_notification.desktop_notification.terminal_notifier': Not used on non-Darwin systems
[34.724s] INFO:colcon.colcon_core.plugin_system:Skipping extension 'colcon_notification.desktop_notification.win32': Not used on non-Windows systems
[34.724s] INFO:colcon.colcon_notification.desktop_notification:Sending desktop notification using 'notify2'
[34.728s] DEBUG:colcon.colcon_notification.desktop_notification.notify2:Failed to initialize notify2: org.freedesktop.DBus.Error.ServiceUnknown: The name org.freedesktop.Notifications was not provided by any .service files
[34.728s] DEBUG:colcon.colcon_core.event_reactor:joined thread
[34.728s] INFO:colcon.colcon_core.shell:Creating prefix script '/home/hung/ws_offboard_control/src/install/local_setup.ps1'
[34.729s] INFO:colcon.colcon_core.shell:Creating prefix util module '/home/hung/ws_offboard_control/src/install/_local_setup_util_ps1.py'
[34.731s] INFO:colcon.colcon_core.shell:Creating prefix chain script '/home/hung/ws_offboard_control/src/install/setup.ps1'
[34.733s] INFO:colcon.colcon_core.shell:Creating prefix script '/home/hung/ws_offboard_control/src/install/local_setup.sh'
[34.734s] INFO:colcon.colcon_core.shell:Creating prefix util module '/home/hung/ws_offboard_control/src/install/_local_setup_util_sh.py'
[34.736s] INFO:colcon.colcon_core.shell:Creating prefix chain script '/home/hung/ws_offboard_control/src/install/setup.sh'
[34.738s] INFO:colcon.colcon_core.shell:Creating prefix script '/home/hung/ws_offboard_control/src/install/local_setup.bash'
[34.739s] INFO:colcon.colcon_core.shell:Creating prefix chain script '/home/hung/ws_offboard_control/src/install/setup.bash'
[34.742s] INFO:colcon.colcon_core.shell:Creating prefix script '/home/hung/ws_offboard_control/src/install/local_setup.zsh'
[34.742s] INFO:colcon.colcon_core.shell:Creating prefix chain script '/home/hung/ws_offboard_control/src/install/setup.zsh'
