[0.280s] Invoking command in '/home/hung/ws_offboard_control/src/build/px4_avoidance': CMAKE_PREFIX_PATH=/home/hung/ws_offboard_control/src/install/px4_msgs:/home/hung/ws_offboard_control/src/install/px4_avoidance:/opt/ros/jazzy/opt/gz_sim_vendor:/opt/ros/jazzy/opt/gz_sensors_vendor:/opt/ros/jazzy/opt/gz_physics_vendor:/opt/ros/jazzy/opt/sdformat_vendor:/opt/ros/jazzy/opt/gz_gui_vendor:/opt/ros/jazzy/opt/gz_transport_vendor:/opt/ros/jazzy/opt/gz_rendering_vendor:/opt/ros/jazzy/opt/gz_plugin_vendor:/opt/ros/jazzy/opt/gz_fuel_tools_vendor:/opt/ros/jazzy/opt/gz_msgs_vendor:/opt/ros/jazzy/opt/gz_common_vendor:/opt/ros/jazzy/opt/gz_math_vendor:/opt/ros/jazzy/opt/gz_utils_vendor:/opt/ros/jazzy/opt/gz_tools_vendor:/opt/ros/jazzy/opt/gz_ogre_next_vendor:/opt/ros/jazzy/opt/gz_dartsim_vendor:/opt/ros/jazzy/opt/gz_cmake_vendor:/opt/ros/jazzy DEBUGINFOD_URLS=https://debuginfod.ubuntu.com /usr/bin/cmake --build /home/hung/ws_offboard_control/src/build/px4_avoidance -- -j12 -l12
[0.440s] [ 10%] [32mBuilding CXX object CMakeFiles/vfh_star_node.dir/src/candidate_search.cpp.o[0m
[6.948s] [ 20%] [32m[1mLinking CXX executable vfh_star_node[0m
[8.510s] [ 80%] Built target vfh_star_node
[8.567s] [100%] Built target odom_tf
[8.603s] Invoked command in '/home/hung/ws_offboard_control/src/build/px4_avoidance' returned '0': CMAKE_PREFIX_PATH=/home/hung/ws_offboard_control/src/install/px4_msgs:/home/hung/ws_offboard_control/src/install/px4_avoidance:/opt/ros/jazzy/opt/gz_sim_vendor:/opt/ros/jazzy/opt/gz_sensors_vendor:/opt/ros/jazzy/opt/gz_physics_vendor:/opt/ros/jazzy/opt/sdformat_vendor:/opt/ros/jazzy/opt/gz_gui_vendor:/opt/ros/jazzy/opt/gz_transport_vendor:/opt/ros/jazzy/opt/gz_rendering_vendor:/opt/ros/jazzy/opt/gz_plugin_vendor:/opt/ros/jazzy/opt/gz_fuel_tools_vendor:/opt/ros/jazzy/opt/gz_msgs_vendor:/opt/ros/jazzy/opt/gz_common_vendor:/opt/ros/jazzy/opt/gz_math_vendor:/opt/ros/jazzy/opt/gz_utils_vendor:/opt/ros/jazzy/opt/gz_tools_vendor:/opt/ros/jazzy/opt/gz_ogre_next_vendor:/opt/ros/jazzy/opt/gz_dartsim_vendor:/opt/ros/jazzy/opt/gz_cmake_vendor:/opt/ros/jazzy DEBUGINFOD_URLS=https://debuginfod.ubuntu.com /usr/bin/cmake --build /home/hung/ws_offboard_control/src/build/px4_avoidance -- -j12 -l12
[8.604s] Invoking command in '/home/hung/ws_offboard_control/src/build/px4_avoidance': CMAKE_PREFIX_PATH=/home/hung/ws_offboard_control/src/install/px4_msgs:/home/hung/ws_offboard_control/src/install/px4_avoidance:/opt/ros/jazzy/opt/gz_sim_vendor:/opt/ros/jazzy/opt/gz_sensors_vendor:/opt/ros/jazzy/opt/gz_physics_vendor:/opt/ros/jazzy/opt/sdformat_vendor:/opt/ros/jazzy/opt/gz_gui_vendor:/opt/ros/jazzy/opt/gz_transport_vendor:/opt/ros/jazzy/opt/gz_rendering_vendor:/opt/ros/jazzy/opt/gz_plugin_vendor:/opt/ros/jazzy/opt/gz_fuel_tools_vendor:/opt/ros/jazzy/opt/gz_msgs_vendor:/opt/ros/jazzy/opt/gz_common_vendor:/opt/ros/jazzy/opt/gz_math_vendor:/opt/ros/jazzy/opt/gz_utils_vendor:/opt/ros/jazzy/opt/gz_tools_vendor:/opt/ros/jazzy/opt/gz_ogre_next_vendor:/opt/ros/jazzy/opt/gz_dartsim_vendor:/opt/ros/jazzy/opt/gz_cmake_vendor:/opt/ros/jazzy DEBUGINFOD_URLS=https://debuginfod.ubuntu.com /usr/bin/cmake --install /home/hung/ws_offboard_control/src/build/px4_avoidance
[8.636s] -- Install configuration: ""
[8.636s] -- Installing: /home/hung/ws_offboard_control/src/install/px4_avoidance/lib/px4_avoidance/vfh_star_node
[8.668s] -- Set non-toolchain portion of runtime path of "/home/hung/ws_offboard_control/src/install/px4_avoidance/lib/px4_avoidance/vfh_star_node" to ""
[8.668s] -- Up-to-date: /home/hung/ws_offboard_control/src/install/px4_avoidance/lib/px4_avoidance/odom_tf
[8.669s] -- Up-to-date: /home/hung/ws_offboard_control/src/install/px4_avoidance/share/ament_index/resource_index/package_run_dependencies/px4_avoidance
[8.669s] -- Up-to-date: /home/hung/ws_offboard_control/src/install/px4_avoidance/share/ament_index/resource_index/parent_prefix_path/px4_avoidance
[8.669s] -- Up-to-date: /home/hung/ws_offboard_control/src/install/px4_avoidance/share/px4_avoidance/environment/ament_prefix_path.sh
[8.669s] -- Up-to-date: /home/hung/ws_offboard_control/src/install/px4_avoidance/share/px4_avoidance/environment/ament_prefix_path.dsv
[8.669s] -- Up-to-date: /home/hung/ws_offboard_control/src/install/px4_avoidance/share/px4_avoidance/environment/path.sh
[8.669s] -- Up-to-date: /home/hung/ws_offboard_control/src/install/px4_avoidance/share/px4_avoidance/environment/path.dsv
[8.669s] -- Up-to-date: /home/hung/ws_offboard_control/src/install/px4_avoidance/share/px4_avoidance/local_setup.bash
[8.669s] -- Up-to-date: /home/hung/ws_offboard_control/src/install/px4_avoidance/share/px4_avoidance/local_setup.sh
[8.669s] -- Up-to-date: /home/hung/ws_offboard_control/src/install/px4_avoidance/share/px4_avoidance/local_setup.zsh
[8.669s] -- Up-to-date: /home/hung/ws_offboard_control/src/install/px4_avoidance/share/px4_avoidance/local_setup.dsv
[8.669s] -- Installing: /home/hung/ws_offboard_control/src/install/px4_avoidance/share/px4_avoidance/package.dsv
[8.669s] -- Up-to-date: /home/hung/ws_offboard_control/src/install/px4_avoidance/share/ament_index/resource_index/packages/px4_avoidance
[8.670s] -- Up-to-date: /home/hung/ws_offboard_control/src/install/px4_avoidance/share/px4_avoidance/cmake/px4_avoidanceConfig.cmake
[8.670s] -- Up-to-date: /home/hung/ws_offboard_control/src/install/px4_avoidance/share/px4_avoidance/cmake/px4_avoidanceConfig-version.cmake
[8.670s] -- Up-to-date: /home/hung/ws_offboard_control/src/install/px4_avoidance/share/px4_avoidance/package.xml
[8.673s] Invoked command in '/home/hung/ws_offboard_control/src/build/px4_avoidance' returned '0': CMAKE_PREFIX_PATH=/home/hung/ws_offboard_control/src/install/px4_msgs:/home/hung/ws_offboard_control/src/install/px4_avoidance:/opt/ros/jazzy/opt/gz_sim_vendor:/opt/ros/jazzy/opt/gz_sensors_vendor:/opt/ros/jazzy/opt/gz_physics_vendor:/opt/ros/jazzy/opt/sdformat_vendor:/opt/ros/jazzy/opt/gz_gui_vendor:/opt/ros/jazzy/opt/gz_transport_vendor:/opt/ros/jazzy/opt/gz_rendering_vendor:/opt/ros/jazzy/opt/gz_plugin_vendor:/opt/ros/jazzy/opt/gz_fuel_tools_vendor:/opt/ros/jazzy/opt/gz_msgs_vendor:/opt/ros/jazzy/opt/gz_common_vendor:/opt/ros/jazzy/opt/gz_math_vendor:/opt/ros/jazzy/opt/gz_utils_vendor:/opt/ros/jazzy/opt/gz_tools_vendor:/opt/ros/jazzy/opt/gz_ogre_next_vendor:/opt/ros/jazzy/opt/gz_dartsim_vendor:/opt/ros/jazzy/opt/gz_cmake_vendor:/opt/ros/jazzy DEBUGINFOD_URLS=https://debuginfod.ubuntu.com /usr/bin/cmake --install /home/hung/ws_offboard_control/src/build/px4_avoidance
