[0.302s] DEBUG:colcon:Command line arguments: ['/usr/bin/colcon', 'build']
[0.302s] DEBUG:colcon:Parsed command line arguments: Namespace(log_base=None, log_level=None, verb_name='build', build_base='build', install_base='install', merge_install=False, symlink_install=False, test_result_base=None, continue_on_error=False, executor='parallel', parallel_workers=12, event_handlers=None, ignore_user_meta=False, metas=['./colcon.meta'], base_paths=['.'], packages_ignore=None, packages_ignore_regex=None, paths=None, packages_up_to=None, packages_up_to_regex=None, packages_above=None, packages_above_and_dependencies=None, packages_above_depth=None, packages_select_by_dep=None, packages_skip_by_dep=None, packages_skip_up_to=None, packages_select_build_failed=False, packages_skip_build_finished=False, packages_select_test_failures=False, packages_skip_test_passed=False, packages_select=None, packages_skip=None, packages_select_regex=None, packages_skip_regex=None, packages_start=None, packages_end=None, allow_overriding=[], cmake_args=None, cmake_target=None, cmake_target_skip_unavailable=False, cmake_clean_cache=False, cmake_clean_first=False, cmake_force_configure=False, ament_cmake_args=None, catkin_cmake_args=None, catkin_skip_building_tests=False, verb_parser=<colcon_defaults.argument_parser.defaults.DefaultArgumentsDecorator object at 0x7ba673e0ffe0>, verb_extension=<colcon_core.verb.build.BuildVerb object at 0x7ba673fb8710>, main=<bound method BuildVerb.main of <colcon_core.verb.build.BuildVerb object at 0x7ba673fb8710>>)
[0.362s] Level 1:colcon.colcon_core.package_discovery:discover_packages(colcon_meta) check parameters
[0.362s] Level 1:colcon.colcon_core.package_discovery:discover_packages(recursive) check parameters
[0.362s] Level 1:colcon.colcon_core.package_discovery:discover_packages(ignore) check parameters
[0.362s] Level 1:colcon.colcon_core.package_discovery:discover_packages(path) check parameters
[0.362s] Level 1:colcon.colcon_core.package_discovery:discover_packages(colcon_meta) discover
[0.362s] Level 1:colcon.colcon_core.package_discovery:discover_packages(recursive) discover
[0.362s] INFO:colcon.colcon_core.package_discovery:Crawling recursively for packages in '/home/hung/ws_offboard_control/src'
[0.362s] Level 1:colcon.colcon_core.package_identification:_identify(.) by extensions ['ignore', 'ignore_ament_install']
[0.362s] Level 1:colcon.colcon_core.package_identification:_identify(.) by extension 'ignore'
[0.362s] Level 1:colcon.colcon_core.package_identification:_identify(.) by extension 'ignore_ament_install'
[0.362s] Level 1:colcon.colcon_core.package_identification:_identify(.) by extensions ['colcon_pkg']
[0.362s] Level 1:colcon.colcon_core.package_identification:_identify(.) by extension 'colcon_pkg'
[0.362s] Level 1:colcon.colcon_core.package_identification:_identify(.) by extensions ['colcon_meta']
[0.362s] Level 1:colcon.colcon_core.package_identification:_identify(.) by extension 'colcon_meta'
[0.362s] Level 1:colcon.colcon_core.package_identification:_identify(.) by extensions ['ros']
[0.362s] Level 1:colcon.colcon_core.package_identification:_identify(.) by extension 'ros'
[0.399s] Level 1:colcon.colcon_core.package_identification:_identify(.) by extensions ['cmake', 'python']
[0.399s] Level 1:colcon.colcon_core.package_identification:_identify(.) by extension 'cmake'
[0.399s] Level 1:colcon.colcon_core.package_identification:_identify(.) by extension 'python'
[0.399s] Level 1:colcon.colcon_core.package_identification:_identify(.) by extensions ['python_setup_py']
[0.399s] Level 1:colcon.colcon_core.package_identification:_identify(.) by extension 'python_setup_py'
[0.399s] Level 1:colcon.colcon_core.package_identification:_identify(build) by extensions ['ignore', 'ignore_ament_install']
[0.399s] Level 1:colcon.colcon_core.package_identification:_identify(build) by extension 'ignore'
[0.400s] Level 1:colcon.colcon_core.package_identification:_identify(build) ignored
[0.400s] Level 1:colcon.colcon_core.package_identification:_identify(install) by extensions ['ignore', 'ignore_ament_install']
[0.400s] Level 1:colcon.colcon_core.package_identification:_identify(install) by extension 'ignore'
[0.400s] Level 1:colcon.colcon_core.package_identification:_identify(install) ignored
[0.400s] Level 1:colcon.colcon_core.package_identification:_identify(log) by extensions ['ignore', 'ignore_ament_install']
[0.400s] Level 1:colcon.colcon_core.package_identification:_identify(log) by extension 'ignore'
[0.400s] Level 1:colcon.colcon_core.package_identification:_identify(log) ignored
[0.401s] Level 1:colcon.colcon_core.package_identification:_identify(px4_avoidance) by extensions ['ignore', 'ignore_ament_install']
[0.401s] Level 1:colcon.colcon_core.package_identification:_identify(px4_avoidance) by extension 'ignore'
[0.401s] Level 1:colcon.colcon_core.package_identification:_identify(px4_avoidance) by extension 'ignore_ament_install'
[0.401s] Level 1:colcon.colcon_core.package_identification:_identify(px4_avoidance) by extensions ['colcon_pkg']
[0.401s] Level 1:colcon.colcon_core.package_identification:_identify(px4_avoidance) by extension 'colcon_pkg'
[0.401s] Level 1:colcon.colcon_core.package_identification:_identify(px4_avoidance) by extensions ['colcon_meta']
[0.401s] Level 1:colcon.colcon_core.package_identification:_identify(px4_avoidance) by extension 'colcon_meta'
[0.401s] Level 1:colcon.colcon_core.package_identification:_identify(px4_avoidance) by extensions ['ros']
[0.401s] Level 1:colcon.colcon_core.package_identification:_identify(px4_avoidance) by extension 'ros'
[0.405s] DEBUG:colcon.colcon_core.package_identification:Package 'px4_avoidance' with type 'ros.ament_cmake' and name 'px4_avoidance'
[0.405s] Level 1:colcon.colcon_core.package_identification:_identify(px4_msgs) by extensions ['ignore', 'ignore_ament_install']
[0.405s] Level 1:colcon.colcon_core.package_identification:_identify(px4_msgs) by extension 'ignore'
[0.405s] Level 1:colcon.colcon_core.package_identification:_identify(px4_msgs) by extension 'ignore_ament_install'
[0.405s] Level 1:colcon.colcon_core.package_identification:_identify(px4_msgs) by extensions ['colcon_pkg']
[0.406s] Level 1:colcon.colcon_core.package_identification:_identify(px4_msgs) by extension 'colcon_pkg'
[0.406s] Level 1:colcon.colcon_core.package_identification:_identify(px4_msgs) by extensions ['colcon_meta']
[0.406s] Level 1:colcon.colcon_core.package_identification:_identify(px4_msgs) by extension 'colcon_meta'
[0.406s] Level 1:colcon.colcon_core.package_identification:_identify(px4_msgs) by extensions ['ros']
[0.406s] Level 1:colcon.colcon_core.package_identification:_identify(px4_msgs) by extension 'ros'
[0.407s] DEBUG:colcon.colcon_core.package_identification:Package 'px4_msgs' with type 'ros.ament_cmake' and name 'px4_msgs'
[0.407s] Level 1:colcon.colcon_core.package_discovery:discover_packages(recursive) using defaults
[0.407s] Level 1:colcon.colcon_core.package_discovery:discover_packages(ignore) discover
[0.407s] Level 1:colcon.colcon_core.package_discovery:discover_packages(ignore) using defaults
[0.407s] Level 1:colcon.colcon_core.package_discovery:discover_packages(path) discover
[0.407s] Level 1:colcon.colcon_core.package_discovery:discover_packages(path) using defaults
[0.433s] Level 1:colcon.colcon_core.package_discovery:discover_packages(prefix_path) check parameters
[0.433s] Level 1:colcon.colcon_core.package_discovery:discover_packages(prefix_path) discover
[0.436s] DEBUG:colcon.colcon_installed_package_information.package_discovery:Found 2 installed packages in /home/hung/ws_offboard_control/src/install
[0.438s] DEBUG:colcon.colcon_installed_package_information.package_discovery:Found 320 installed packages in /opt/ros/jazzy
[0.439s] Level 1:colcon.colcon_core.package_discovery:discover_packages(prefix_path) using defaults
[0.501s] Level 5:colcon.colcon_core.verb:set package 'px4_msgs' build argument 'cmake_args' from command line to 'None'
[0.501s] Level 5:colcon.colcon_core.verb:set package 'px4_msgs' build argument 'cmake_target' from command line to 'None'
[0.501s] Level 5:colcon.colcon_core.verb:set package 'px4_msgs' build argument 'cmake_target_skip_unavailable' from command line to 'False'
[0.502s] Level 5:colcon.colcon_core.verb:set package 'px4_msgs' build argument 'cmake_clean_cache' from command line to 'False'
[0.502s] Level 5:colcon.colcon_core.verb:set package 'px4_msgs' build argument 'cmake_clean_first' from command line to 'False'
[0.502s] Level 5:colcon.colcon_core.verb:set package 'px4_msgs' build argument 'cmake_force_configure' from command line to 'False'
[0.502s] Level 5:colcon.colcon_core.verb:set package 'px4_msgs' build argument 'ament_cmake_args' from command line to 'None'
[0.502s] Level 5:colcon.colcon_core.verb:set package 'px4_msgs' build argument 'catkin_cmake_args' from command line to 'None'
[0.502s] Level 5:colcon.colcon_core.verb:set package 'px4_msgs' build argument 'catkin_skip_building_tests' from command line to 'False'
[0.502s] DEBUG:colcon.colcon_core.verb:Building package 'px4_msgs' with the following arguments: {'ament_cmake_args': None, 'build_base': '/home/hung/ws_offboard_control/src/build/px4_msgs', 'catkin_cmake_args': None, 'catkin_skip_building_tests': False, 'cmake_args': None, 'cmake_clean_cache': False, 'cmake_clean_first': False, 'cmake_force_configure': False, 'cmake_target': None, 'cmake_target_skip_unavailable': False, 'install_base': '/home/hung/ws_offboard_control/src/install/px4_msgs', 'merge_install': False, 'path': '/home/hung/ws_offboard_control/src/px4_msgs', 'symlink_install': False, 'test_result_base': None}
[0.503s] Level 5:colcon.colcon_core.verb:set package 'px4_avoidance' build argument 'cmake_args' from command line to 'None'
[0.503s] Level 5:colcon.colcon_core.verb:set package 'px4_avoidance' build argument 'cmake_target' from command line to 'None'
[0.503s] Level 5:colcon.colcon_core.verb:set package 'px4_avoidance' build argument 'cmake_target_skip_unavailable' from command line to 'False'
[0.503s] Level 5:colcon.colcon_core.verb:set package 'px4_avoidance' build argument 'cmake_clean_cache' from command line to 'False'
[0.503s] Level 5:colcon.colcon_core.verb:set package 'px4_avoidance' build argument 'cmake_clean_first' from command line to 'False'
[0.503s] Level 5:colcon.colcon_core.verb:set package 'px4_avoidance' build argument 'cmake_force_configure' from command line to 'False'
[0.503s] Level 5:colcon.colcon_core.verb:set package 'px4_avoidance' build argument 'ament_cmake_args' from command line to 'None'
[0.503s] Level 5:colcon.colcon_core.verb:set package 'px4_avoidance' build argument 'catkin_cmake_args' from command line to 'None'
[0.503s] Level 5:colcon.colcon_core.verb:set package 'px4_avoidance' build argument 'catkin_skip_building_tests' from command line to 'False'
[0.503s] DEBUG:colcon.colcon_core.verb:Building package 'px4_avoidance' with the following arguments: {'ament_cmake_args': None, 'build_base': '/home/hung/ws_offboard_control/src/build/px4_avoidance', 'catkin_cmake_args': None, 'catkin_skip_building_tests': False, 'cmake_args': None, 'cmake_clean_cache': False, 'cmake_clean_first': False, 'cmake_force_configure': False, 'cmake_target': None, 'cmake_target_skip_unavailable': False, 'install_base': '/home/hung/ws_offboard_control/src/install/px4_avoidance', 'merge_install': False, 'path': '/home/hung/ws_offboard_control/src/px4_avoidance', 'symlink_install': False, 'test_result_base': None}
[0.504s] INFO:colcon.colcon_core.executor:Executing jobs using 'parallel' executor
[0.506s] DEBUG:colcon.colcon_parallel_executor.executor.parallel:run_until_complete
[0.507s] INFO:colcon.colcon_ros.task.ament_cmake.build:Building ROS package in '/home/hung/ws_offboard_control/src/px4_msgs' with build type 'ament_cmake'
[0.507s] INFO:colcon.colcon_cmake.task.cmake.build:Building CMake package in '/home/hung/ws_offboard_control/src/px4_msgs'
[0.510s] INFO:colcon.colcon_core.plugin_system:Skipping extension 'colcon_core.shell.bat': Not used on non-Windows systems
[0.510s] INFO:colcon.colcon_core.shell:Skip shell extension 'powershell' for command environment: Not usable outside of PowerShell
[0.510s] DEBUG:colcon.colcon_core.shell:Skip shell extension 'dsv' for command environment
[0.524s] DEBUG:colcon.colcon_core.event_handler.log_command:Invoking command in '/home/hung/ws_offboard_control/src/build/px4_msgs': CMAKE_PREFIX_PATH=${CMAKE_PREFIX_PATH}:/opt/ros/jazzy DEBUGINFOD_URLS=https://debuginfod.ubuntu.com /usr/bin/cmake --build /home/hung/ws_offboard_control/src/build/px4_msgs -- -j12 -l12
[4.825s] DEBUG:colcon.colcon_core.event_handler.log_command:Invoked command in '/home/hung/ws_offboard_control/src/build/px4_msgs' returned '0': CMAKE_PREFIX_PATH=${CMAKE_PREFIX_PATH}:/opt/ros/jazzy DEBUGINFOD_URLS=https://debuginfod.ubuntu.com /usr/bin/cmake --build /home/hung/ws_offboard_control/src/build/px4_msgs -- -j12 -l12
[4.841s] DEBUG:colcon.colcon_core.event_handler.log_command:Invoking command in '/home/hung/ws_offboard_control/src/build/px4_msgs': CMAKE_PREFIX_PATH=${CMAKE_PREFIX_PATH}:/opt/ros/jazzy DEBUGINFOD_URLS=https://debuginfod.ubuntu.com /usr/bin/cmake --install /home/hung/ws_offboard_control/src/build/px4_msgs
[6.127s] Level 1:colcon.colcon_core.environment:create_environment_scripts_only(px4_msgs)
[6.128s] DEBUG:colcon.colcon_core.event_handler.log_command:Invoked command in '/home/hung/ws_offboard_control/src/build/px4_msgs' returned '0': CMAKE_PREFIX_PATH=${CMAKE_PREFIX_PATH}:/opt/ros/jazzy DEBUGINFOD_URLS=https://debuginfod.ubuntu.com /usr/bin/cmake --install /home/hung/ws_offboard_control/src/build/px4_msgs
[6.131s] Level 1:colcon.colcon_core.environment:checking '/home/hung/ws_offboard_control/src/install/px4_msgs' for CMake module files
[6.132s] Level 1:colcon.colcon_core.environment:checking '/home/hung/ws_offboard_control/src/install/px4_msgs' for CMake config files
[6.132s] Level 1:colcon.colcon_core.shell:create_environment_hook('px4_msgs', 'cmake_prefix_path')
[6.133s] INFO:colcon.colcon_core.shell:Creating environment hook '/home/hung/ws_offboard_control/src/install/px4_msgs/share/px4_msgs/hook/cmake_prefix_path.ps1'
[6.134s] INFO:colcon.colcon_core.shell:Creating environment descriptor '/home/hung/ws_offboard_control/src/install/px4_msgs/share/px4_msgs/hook/cmake_prefix_path.dsv'
[6.134s] INFO:colcon.colcon_core.shell:Creating environment hook '/home/hung/ws_offboard_control/src/install/px4_msgs/share/px4_msgs/hook/cmake_prefix_path.sh'
[6.136s] Level 1:colcon.colcon_core.environment:checking '/home/hung/ws_offboard_control/src/install/px4_msgs/lib'
[6.136s] Level 1:colcon.colcon_core.shell:create_environment_hook('px4_msgs', 'ld_library_path_lib')
[6.136s] INFO:colcon.colcon_core.shell:Creating environment hook '/home/hung/ws_offboard_control/src/install/px4_msgs/share/px4_msgs/hook/ld_library_path_lib.ps1'
[6.136s] INFO:colcon.colcon_core.shell:Creating environment descriptor '/home/hung/ws_offboard_control/src/install/px4_msgs/share/px4_msgs/hook/ld_library_path_lib.dsv'
[6.137s] INFO:colcon.colcon_core.shell:Creating environment hook '/home/hung/ws_offboard_control/src/install/px4_msgs/share/px4_msgs/hook/ld_library_path_lib.sh'
[6.137s] Level 1:colcon.colcon_core.environment:checking '/home/hung/ws_offboard_control/src/install/px4_msgs/bin'
[6.138s] Level 1:colcon.colcon_core.environment:checking '/home/hung/ws_offboard_control/src/install/px4_msgs/lib/pkgconfig/px4_msgs.pc'
[6.138s] Level 1:colcon.colcon_core.environment:checking '/home/hung/ws_offboard_control/src/install/px4_msgs/lib/python3.12/site-packages'
[6.138s] Level 1:colcon.colcon_core.shell:create_environment_hook('px4_msgs', 'pythonpath')
[6.138s] INFO:colcon.colcon_core.shell:Creating environment hook '/home/hung/ws_offboard_control/src/install/px4_msgs/share/px4_msgs/hook/pythonpath.ps1'
[6.139s] INFO:colcon.colcon_core.shell:Creating environment descriptor '/home/hung/ws_offboard_control/src/install/px4_msgs/share/px4_msgs/hook/pythonpath.dsv'
[6.139s] INFO:colcon.colcon_core.shell:Creating environment hook '/home/hung/ws_offboard_control/src/install/px4_msgs/share/px4_msgs/hook/pythonpath.sh'
[6.140s] Level 1:colcon.colcon_core.environment:checking '/home/hung/ws_offboard_control/src/install/px4_msgs/bin'
[6.141s] INFO:colcon.colcon_core.shell:Creating package script '/home/hung/ws_offboard_control/src/install/px4_msgs/share/px4_msgs/package.ps1'
[6.142s] INFO:colcon.colcon_core.shell:Creating package descriptor '/home/hung/ws_offboard_control/src/install/px4_msgs/share/px4_msgs/package.dsv'
[6.142s] INFO:colcon.colcon_core.shell:Creating package script '/home/hung/ws_offboard_control/src/install/px4_msgs/share/px4_msgs/package.sh'
[6.143s] INFO:colcon.colcon_core.shell:Creating package script '/home/hung/ws_offboard_control/src/install/px4_msgs/share/px4_msgs/package.bash'
[6.144s] INFO:colcon.colcon_core.shell:Creating package script '/home/hung/ws_offboard_control/src/install/px4_msgs/share/px4_msgs/package.zsh'
[6.145s] Level 1:colcon.colcon_core.environment:create_file_with_runtime_dependencies(/home/hung/ws_offboard_control/src/install/px4_msgs/share/colcon-core/packages/px4_msgs)
[6.146s] Level 1:colcon.colcon_core.environment:create_environment_scripts_only(px4_msgs)
[6.147s] Level 1:colcon.colcon_core.environment:checking '/home/hung/ws_offboard_control/src/install/px4_msgs' for CMake module files
[6.148s] Level 1:colcon.colcon_core.environment:checking '/home/hung/ws_offboard_control/src/install/px4_msgs' for CMake config files
[6.148s] Level 1:colcon.colcon_core.shell:create_environment_hook('px4_msgs', 'cmake_prefix_path')
[6.148s] INFO:colcon.colcon_core.shell:Creating environment hook '/home/hung/ws_offboard_control/src/install/px4_msgs/share/px4_msgs/hook/cmake_prefix_path.ps1'
[6.149s] INFO:colcon.colcon_core.shell:Creating environment descriptor '/home/hung/ws_offboard_control/src/install/px4_msgs/share/px4_msgs/hook/cmake_prefix_path.dsv'
[6.150s] INFO:colcon.colcon_core.shell:Creating environment hook '/home/hung/ws_offboard_control/src/install/px4_msgs/share/px4_msgs/hook/cmake_prefix_path.sh'
[6.151s] Level 1:colcon.colcon_core.environment:checking '/home/hung/ws_offboard_control/src/install/px4_msgs/lib'
[6.151s] Level 1:colcon.colcon_core.shell:create_environment_hook('px4_msgs', 'ld_library_path_lib')
[6.151s] INFO:colcon.colcon_core.shell:Creating environment hook '/home/hung/ws_offboard_control/src/install/px4_msgs/share/px4_msgs/hook/ld_library_path_lib.ps1'
[6.152s] INFO:colcon.colcon_core.shell:Creating environment descriptor '/home/hung/ws_offboard_control/src/install/px4_msgs/share/px4_msgs/hook/ld_library_path_lib.dsv'
[6.152s] INFO:colcon.colcon_core.shell:Creating environment hook '/home/hung/ws_offboard_control/src/install/px4_msgs/share/px4_msgs/hook/ld_library_path_lib.sh'
[6.153s] Level 1:colcon.colcon_core.environment:checking '/home/hung/ws_offboard_control/src/install/px4_msgs/bin'
[6.153s] Level 1:colcon.colcon_core.environment:checking '/home/hung/ws_offboard_control/src/install/px4_msgs/lib/pkgconfig/px4_msgs.pc'
[6.154s] Level 1:colcon.colcon_core.environment:checking '/home/hung/ws_offboard_control/src/install/px4_msgs/lib/python3.12/site-packages'
[6.154s] Level 1:colcon.colcon_core.shell:create_environment_hook('px4_msgs', 'pythonpath')
[6.154s] INFO:colcon.colcon_core.shell:Creating environment hook '/home/hung/ws_offboard_control/src/install/px4_msgs/share/px4_msgs/hook/pythonpath.ps1'
[6.155s] INFO:colcon.colcon_core.shell:Creating environment descriptor '/home/hung/ws_offboard_control/src/install/px4_msgs/share/px4_msgs/hook/pythonpath.dsv'
[6.155s] INFO:colcon.colcon_core.shell:Creating environment hook '/home/hung/ws_offboard_control/src/install/px4_msgs/share/px4_msgs/hook/pythonpath.sh'
[6.156s] Level 1:colcon.colcon_core.environment:checking '/home/hung/ws_offboard_control/src/install/px4_msgs/bin'
[6.157s] INFO:colcon.colcon_core.shell:Creating package script '/home/hung/ws_offboard_control/src/install/px4_msgs/share/px4_msgs/package.ps1'
[6.157s] INFO:colcon.colcon_core.shell:Creating package descriptor '/home/hung/ws_offboard_control/src/install/px4_msgs/share/px4_msgs/package.dsv'
[6.158s] INFO:colcon.colcon_core.shell:Creating package script '/home/hung/ws_offboard_control/src/install/px4_msgs/share/px4_msgs/package.sh'
[6.158s] INFO:colcon.colcon_core.shell:Creating package script '/home/hung/ws_offboard_control/src/install/px4_msgs/share/px4_msgs/package.bash'
[6.159s] INFO:colcon.colcon_core.shell:Creating package script '/home/hung/ws_offboard_control/src/install/px4_msgs/share/px4_msgs/package.zsh'
[6.159s] Level 1:colcon.colcon_core.environment:create_file_with_runtime_dependencies(/home/hung/ws_offboard_control/src/install/px4_msgs/share/colcon-core/packages/px4_msgs)
[6.160s] INFO:colcon.colcon_ros.task.ament_cmake.build:Building ROS package in '/home/hung/ws_offboard_control/src/px4_avoidance' with build type 'ament_cmake'
[6.160s] INFO:colcon.colcon_cmake.task.cmake.build:Building CMake package in '/home/hung/ws_offboard_control/src/px4_avoidance'
[6.161s] INFO:colcon.colcon_core.shell:Skip shell extension 'powershell' for command environment: Not usable outside of PowerShell
[6.161s] DEBUG:colcon.colcon_core.shell:Skip shell extension 'dsv' for command environment
[6.418s] DEBUG:colcon.colcon_core.event_handler.log_command:Invoking command in '/home/hung/ws_offboard_control/src/build/px4_avoidance': CMAKE_PREFIX_PATH=/home/hung/ws_offboard_control/src/install/px4_msgs:/home/hung/ws_offboard_control/src/install/px4_avoidance:/opt/ros/jazzy/opt/gz_sim_vendor:/opt/ros/jazzy/opt/gz_sensors_vendor:/opt/ros/jazzy/opt/gz_physics_vendor:/opt/ros/jazzy/opt/sdformat_vendor:/opt/ros/jazzy/opt/gz_gui_vendor:/opt/ros/jazzy/opt/gz_transport_vendor:/opt/ros/jazzy/opt/gz_rendering_vendor:/opt/ros/jazzy/opt/gz_plugin_vendor:/opt/ros/jazzy/opt/gz_fuel_tools_vendor:/opt/ros/jazzy/opt/gz_msgs_vendor:/opt/ros/jazzy/opt/gz_common_vendor:/opt/ros/jazzy/opt/gz_math_vendor:/opt/ros/jazzy/opt/gz_utils_vendor:/opt/ros/jazzy/opt/gz_tools_vendor:/opt/ros/jazzy/opt/gz_ogre_next_vendor:/opt/ros/jazzy/opt/gz_dartsim_vendor:/opt/ros/jazzy/opt/gz_cmake_vendor:/opt/ros/jazzy DEBUGINFOD_URLS=https://debuginfod.ubuntu.com /usr/bin/cmake --build /home/hung/ws_offboard_control/src/build/px4_avoidance -- -j12 -l12
[33.054s] DEBUG:colcon.colcon_core.event_handler.log_command:Invoked command in '/home/hung/ws_offboard_control/src/build/px4_avoidance' returned '0': CMAKE_PREFIX_PATH=/home/hung/ws_offboard_control/src/install/px4_msgs:/home/hung/ws_offboard_control/src/install/px4_avoidance:/opt/ros/jazzy/opt/gz_sim_vendor:/opt/ros/jazzy/opt/gz_sensors_vendor:/opt/ros/jazzy/opt/gz_physics_vendor:/opt/ros/jazzy/opt/sdformat_vendor:/opt/ros/jazzy/opt/gz_gui_vendor:/opt/ros/jazzy/opt/gz_transport_vendor:/opt/ros/jazzy/opt/gz_rendering_vendor:/opt/ros/jazzy/opt/gz_plugin_vendor:/opt/ros/jazzy/opt/gz_fuel_tools_vendor:/opt/ros/jazzy/opt/gz_msgs_vendor:/opt/ros/jazzy/opt/gz_common_vendor:/opt/ros/jazzy/opt/gz_math_vendor:/opt/ros/jazzy/opt/gz_utils_vendor:/opt/ros/jazzy/opt/gz_tools_vendor:/opt/ros/jazzy/opt/gz_ogre_next_vendor:/opt/ros/jazzy/opt/gz_dartsim_vendor:/opt/ros/jazzy/opt/gz_cmake_vendor:/opt/ros/jazzy DEBUGINFOD_URLS=https://debuginfod.ubuntu.com /usr/bin/cmake --build /home/hung/ws_offboard_control/src/build/px4_avoidance -- -j12 -l12
[33.055s] DEBUG:colcon.colcon_core.event_handler.log_command:Invoking command in '/home/hung/ws_offboard_control/src/build/px4_avoidance': CMAKE_PREFIX_PATH=/home/hung/ws_offboard_control/src/install/px4_msgs:/home/hung/ws_offboard_control/src/install/px4_avoidance:/opt/ros/jazzy/opt/gz_sim_vendor:/opt/ros/jazzy/opt/gz_sensors_vendor:/opt/ros/jazzy/opt/gz_physics_vendor:/opt/ros/jazzy/opt/sdformat_vendor:/opt/ros/jazzy/opt/gz_gui_vendor:/opt/ros/jazzy/opt/gz_transport_vendor:/opt/ros/jazzy/opt/gz_rendering_vendor:/opt/ros/jazzy/opt/gz_plugin_vendor:/opt/ros/jazzy/opt/gz_fuel_tools_vendor:/opt/ros/jazzy/opt/gz_msgs_vendor:/opt/ros/jazzy/opt/gz_common_vendor:/opt/ros/jazzy/opt/gz_math_vendor:/opt/ros/jazzy/opt/gz_utils_vendor:/opt/ros/jazzy/opt/gz_tools_vendor:/opt/ros/jazzy/opt/gz_ogre_next_vendor:/opt/ros/jazzy/opt/gz_dartsim_vendor:/opt/ros/jazzy/opt/gz_cmake_vendor:/opt/ros/jazzy DEBUGINFOD_URLS=https://debuginfod.ubuntu.com /usr/bin/cmake --install /home/hung/ws_offboard_control/src/build/px4_avoidance
[33.106s] Level 1:colcon.colcon_core.environment:create_environment_scripts_only(px4_avoidance)
[33.107s] Level 1:colcon.colcon_core.environment:checking '/home/hung/ws_offboard_control/src/install/px4_avoidance' for CMake module files
[33.107s] Level 1:colcon.colcon_core.environment:checking '/home/hung/ws_offboard_control/src/install/px4_avoidance' for CMake config files
[33.108s] Level 1:colcon.colcon_core.shell:create_environment_hook('px4_avoidance', 'cmake_prefix_path')
[33.108s] INFO:colcon.colcon_core.shell:Creating environment hook '/home/hung/ws_offboard_control/src/install/px4_avoidance/share/px4_avoidance/hook/cmake_prefix_path.ps1'
[33.109s] INFO:colcon.colcon_core.shell:Creating environment descriptor '/home/hung/ws_offboard_control/src/install/px4_avoidance/share/px4_avoidance/hook/cmake_prefix_path.dsv'
[33.110s] INFO:colcon.colcon_core.shell:Creating environment hook '/home/hung/ws_offboard_control/src/install/px4_avoidance/share/px4_avoidance/hook/cmake_prefix_path.sh'
[33.110s] DEBUG:colcon.colcon_core.event_handler.log_command:Invoked command in '/home/hung/ws_offboard_control/src/build/px4_avoidance' returned '0': CMAKE_PREFIX_PATH=/home/hung/ws_offboard_control/src/install/px4_msgs:/home/hung/ws_offboard_control/src/install/px4_avoidance:/opt/ros/jazzy/opt/gz_sim_vendor:/opt/ros/jazzy/opt/gz_sensors_vendor:/opt/ros/jazzy/opt/gz_physics_vendor:/opt/ros/jazzy/opt/sdformat_vendor:/opt/ros/jazzy/opt/gz_gui_vendor:/opt/ros/jazzy/opt/gz_transport_vendor:/opt/ros/jazzy/opt/gz_rendering_vendor:/opt/ros/jazzy/opt/gz_plugin_vendor:/opt/ros/jazzy/opt/gz_fuel_tools_vendor:/opt/ros/jazzy/opt/gz_msgs_vendor:/opt/ros/jazzy/opt/gz_common_vendor:/opt/ros/jazzy/opt/gz_math_vendor:/opt/ros/jazzy/opt/gz_utils_vendor:/opt/ros/jazzy/opt/gz_tools_vendor:/opt/ros/jazzy/opt/gz_ogre_next_vendor:/opt/ros/jazzy/opt/gz_dartsim_vendor:/opt/ros/jazzy/opt/gz_cmake_vendor:/opt/ros/jazzy DEBUGINFOD_URLS=https://debuginfod.ubuntu.com /usr/bin/cmake --install /home/hung/ws_offboard_control/src/build/px4_avoidance
[33.111s] Level 1:colcon.colcon_core.environment:checking '/home/hung/ws_offboard_control/src/install/px4_avoidance/lib'
[33.111s] Level 1:colcon.colcon_core.environment:checking '/home/hung/ws_offboard_control/src/install/px4_avoidance/bin'
[33.111s] Level 1:colcon.colcon_core.environment:checking '/home/hung/ws_offboard_control/src/install/px4_avoidance/lib/pkgconfig/px4_avoidance.pc'
[33.111s] Level 1:colcon.colcon_core.environment:checking '/home/hung/ws_offboard_control/src/install/px4_avoidance/lib/python3.12/site-packages'
[33.112s] Level 1:colcon.colcon_core.environment:checking '/home/hung/ws_offboard_control/src/install/px4_avoidance/bin'
[33.112s] INFO:colcon.colcon_core.shell:Creating package script '/home/hung/ws_offboard_control/src/install/px4_avoidance/share/px4_avoidance/package.ps1'
[33.113s] INFO:colcon.colcon_core.shell:Creating package descriptor '/home/hung/ws_offboard_control/src/install/px4_avoidance/share/px4_avoidance/package.dsv'
[33.113s] INFO:colcon.colcon_core.shell:Creating package script '/home/hung/ws_offboard_control/src/install/px4_avoidance/share/px4_avoidance/package.sh'
[33.114s] INFO:colcon.colcon_core.shell:Creating package script '/home/hung/ws_offboard_control/src/install/px4_avoidance/share/px4_avoidance/package.bash'
[33.114s] INFO:colcon.colcon_core.shell:Creating package script '/home/hung/ws_offboard_control/src/install/px4_avoidance/share/px4_avoidance/package.zsh'
[33.114s] Level 1:colcon.colcon_core.environment:create_file_with_runtime_dependencies(/home/hung/ws_offboard_control/src/install/px4_avoidance/share/colcon-core/packages/px4_avoidance)
[33.115s] Level 1:colcon.colcon_core.environment:create_environment_scripts_only(px4_avoidance)
[33.115s] Level 1:colcon.colcon_core.environment:checking '/home/hung/ws_offboard_control/src/install/px4_avoidance' for CMake module files
[33.116s] Level 1:colcon.colcon_core.environment:checking '/home/hung/ws_offboard_control/src/install/px4_avoidance' for CMake config files
[33.116s] Level 1:colcon.colcon_core.shell:create_environment_hook('px4_avoidance', 'cmake_prefix_path')
[33.116s] INFO:colcon.colcon_core.shell:Creating environment hook '/home/hung/ws_offboard_control/src/install/px4_avoidance/share/px4_avoidance/hook/cmake_prefix_path.ps1'
[33.117s] INFO:colcon.colcon_core.shell:Creating environment descriptor '/home/hung/ws_offboard_control/src/install/px4_avoidance/share/px4_avoidance/hook/cmake_prefix_path.dsv'
[33.117s] INFO:colcon.colcon_core.shell:Creating environment hook '/home/hung/ws_offboard_control/src/install/px4_avoidance/share/px4_avoidance/hook/cmake_prefix_path.sh'
[33.118s] Level 1:colcon.colcon_core.environment:checking '/home/hung/ws_offboard_control/src/install/px4_avoidance/lib'
[33.118s] Level 1:colcon.colcon_core.environment:checking '/home/hung/ws_offboard_control/src/install/px4_avoidance/bin'
[33.118s] Level 1:colcon.colcon_core.environment:checking '/home/hung/ws_offboard_control/src/install/px4_avoidance/lib/pkgconfig/px4_avoidance.pc'
[33.118s] Level 1:colcon.colcon_core.environment:checking '/home/hung/ws_offboard_control/src/install/px4_avoidance/lib/python3.12/site-packages'
[33.119s] Level 1:colcon.colcon_core.environment:checking '/home/hung/ws_offboard_control/src/install/px4_avoidance/bin'
[33.119s] INFO:colcon.colcon_core.shell:Creating package script '/home/hung/ws_offboard_control/src/install/px4_avoidance/share/px4_avoidance/package.ps1'
[33.120s] INFO:colcon.colcon_core.shell:Creating package descriptor '/home/hung/ws_offboard_control/src/install/px4_avoidance/share/px4_avoidance/package.dsv'
[33.120s] INFO:colcon.colcon_core.shell:Creating package script '/home/hung/ws_offboard_control/src/install/px4_avoidance/share/px4_avoidance/package.sh'
[33.121s] INFO:colcon.colcon_core.shell:Creating package script '/home/hung/ws_offboard_control/src/install/px4_avoidance/share/px4_avoidance/package.bash'
[33.121s] INFO:colcon.colcon_core.shell:Creating package script '/home/hung/ws_offboard_control/src/install/px4_avoidance/share/px4_avoidance/package.zsh'
[33.122s] Level 1:colcon.colcon_core.environment:create_file_with_runtime_dependencies(/home/hung/ws_offboard_control/src/install/px4_avoidance/share/colcon-core/packages/px4_avoidance)
[33.122s] DEBUG:colcon.colcon_parallel_executor.executor.parallel:closing loop
[33.123s] DEBUG:colcon.colcon_parallel_executor.executor.parallel:loop closed
[33.123s] DEBUG:colcon.colcon_parallel_executor.executor.parallel:run_until_complete finished with '0'
[33.124s] DEBUG:colcon.colcon_core.event_reactor:joining thread
[33.213s] INFO:colcon.colcon_core.plugin_system:Skipping extension 'colcon_notification.desktop_notification.notify_send': Could not find 'notify-send'
[33.214s] INFO:colcon.colcon_core.plugin_system:Skipping extension 'colcon_notification.desktop_notification.terminal_notifier': Not used on non-Darwin systems
[33.214s] INFO:colcon.colcon_core.plugin_system:Skipping extension 'colcon_notification.desktop_notification.win32': Not used on non-Windows systems
[33.214s] INFO:colcon.colcon_notification.desktop_notification:Sending desktop notification using 'notify2'
[33.215s] DEBUG:colcon.colcon_notification.desktop_notification.notify2:Failed to initialize notify2: org.freedesktop.DBus.Error.ServiceUnknown: The name org.freedesktop.Notifications was not provided by any .service files
[33.215s] DEBUG:colcon.colcon_core.event_reactor:joined thread
[33.216s] INFO:colcon.colcon_core.shell:Creating prefix script '/home/hung/ws_offboard_control/src/install/local_setup.ps1'
[33.217s] INFO:colcon.colcon_core.shell:Creating prefix util module '/home/hung/ws_offboard_control/src/install/_local_setup_util_ps1.py'
[33.218s] INFO:colcon.colcon_core.shell:Creating prefix chain script '/home/hung/ws_offboard_control/src/install/setup.ps1'
[33.220s] INFO:colcon.colcon_core.shell:Creating prefix script '/home/hung/ws_offboard_control/src/install/local_setup.sh'
[33.221s] INFO:colcon.colcon_core.shell:Creating prefix util module '/home/hung/ws_offboard_control/src/install/_local_setup_util_sh.py'
[33.221s] INFO:colcon.colcon_core.shell:Creating prefix chain script '/home/hung/ws_offboard_control/src/install/setup.sh'
[33.223s] INFO:colcon.colcon_core.shell:Creating prefix script '/home/hung/ws_offboard_control/src/install/local_setup.bash'
[33.224s] INFO:colcon.colcon_core.shell:Creating prefix chain script '/home/hung/ws_offboard_control/src/install/setup.bash'
[33.232s] INFO:colcon.colcon_core.shell:Creating prefix script '/home/hung/ws_offboard_control/src/install/local_setup.zsh'
[33.234s] INFO:colcon.colcon_core.shell:Creating prefix chain script '/home/hung/ws_offboard_control/src/install/setup.zsh'
