[0.326s] Invoking command in '/home/hung/ws_offboard_control/src/build/px4_avoidance': AMENT_PREFIX_PATH=/home/hung/ws_offboard_control/src/install/px4_msgs:${AMENT_PREFIX_PATH} CMAKE_PREFIX_PATH=/home/hung/ws_offboard_control/src/install/px4_msgs:/opt/ros/jazzy/opt/gz_sim_vendor:/opt/ros/jazzy/opt/gz_sensors_vendor:/opt/ros/jazzy/opt/gz_physics_vendor:/opt/ros/jazzy/opt/sdformat_vendor:/opt/ros/jazzy/opt/gz_gui_vendor:/opt/ros/jazzy/opt/gz_transport_vendor:/opt/ros/jazzy/opt/gz_rendering_vendor:/opt/ros/jazzy/opt/gz_plugin_vendor:/opt/ros/jazzy/opt/gz_fuel_tools_vendor:/opt/ros/jazzy/opt/gz_msgs_vendor:/opt/ros/jazzy/opt/gz_common_vendor:/opt/ros/jazzy/opt/gz_math_vendor:/opt/ros/jazzy/opt/gz_utils_vendor:/opt/ros/jazzy/opt/gz_tools_vendor:/opt/ros/jazzy/opt/gz_ogre_next_vendor:/opt/ros/jazzy/opt/gz_dartsim_vendor:/opt/ros/jazzy/opt/gz_cmake_vendor:/opt/ros/jazzy DEBUGINFOD_URLS=https://debuginfod.ubuntu.com LD_LIBRARY_PATH=/home/hung/ws_offboard_control/src/install/px4_msgs/lib:${LD_LIBRARY_PATH} PYTHONPATH=/home/hung/ws_offboard_control/src/install/px4_msgs/lib/python3.12/site-packages:${PYTHONPATH} /usr/bin/cmake --build /home/hung/ws_offboard_control/src/build/px4_avoidance -- -j12 -l12
[0.520s] [ 10%] [32mBuilding CXX object CMakeFiles/vfh_star_node.dir/src/candidate_search.cpp.o[0m
[1.214s] [ 20%] [32m[1mLinking CXX executable vfh_star_node[0m
[3.221s] [ 80%] Built target vfh_star_node
[3.302s] [100%] Built target odom_tf
[3.337s] Invoked command in '/home/hung/ws_offboard_control/src/build/px4_avoidance' returned '0': AMENT_PREFIX_PATH=/home/hung/ws_offboard_control/src/install/px4_msgs:${AMENT_PREFIX_PATH} CMAKE_PREFIX_PATH=/home/hung/ws_offboard_control/src/install/px4_msgs:/opt/ros/jazzy/opt/gz_sim_vendor:/opt/ros/jazzy/opt/gz_sensors_vendor:/opt/ros/jazzy/opt/gz_physics_vendor:/opt/ros/jazzy/opt/sdformat_vendor:/opt/ros/jazzy/opt/gz_gui_vendor:/opt/ros/jazzy/opt/gz_transport_vendor:/opt/ros/jazzy/opt/gz_rendering_vendor:/opt/ros/jazzy/opt/gz_plugin_vendor:/opt/ros/jazzy/opt/gz_fuel_tools_vendor:/opt/ros/jazzy/opt/gz_msgs_vendor:/opt/ros/jazzy/opt/gz_common_vendor:/opt/ros/jazzy/opt/gz_math_vendor:/opt/ros/jazzy/opt/gz_utils_vendor:/opt/ros/jazzy/opt/gz_tools_vendor:/opt/ros/jazzy/opt/gz_ogre_next_vendor:/opt/ros/jazzy/opt/gz_dartsim_vendor:/opt/ros/jazzy/opt/gz_cmake_vendor:/opt/ros/jazzy DEBUGINFOD_URLS=https://debuginfod.ubuntu.com LD_LIBRARY_PATH=/home/hung/ws_offboard_control/src/install/px4_msgs/lib:${LD_LIBRARY_PATH} PYTHONPATH=/home/hung/ws_offboard_control/src/install/px4_msgs/lib/python3.12/site-packages:${PYTHONPATH} /usr/bin/cmake --build /home/hung/ws_offboard_control/src/build/px4_avoidance -- -j12 -l12
[3.339s] Invoking command in '/home/hung/ws_offboard_control/src/build/px4_avoidance': AMENT_PREFIX_PATH=/home/hung/ws_offboard_control/src/install/px4_msgs:${AMENT_PREFIX_PATH} CMAKE_PREFIX_PATH=/home/hung/ws_offboard_control/src/install/px4_msgs:/opt/ros/jazzy/opt/gz_sim_vendor:/opt/ros/jazzy/opt/gz_sensors_vendor:/opt/ros/jazzy/opt/gz_physics_vendor:/opt/ros/jazzy/opt/sdformat_vendor:/opt/ros/jazzy/opt/gz_gui_vendor:/opt/ros/jazzy/opt/gz_transport_vendor:/opt/ros/jazzy/opt/gz_rendering_vendor:/opt/ros/jazzy/opt/gz_plugin_vendor:/opt/ros/jazzy/opt/gz_fuel_tools_vendor:/opt/ros/jazzy/opt/gz_msgs_vendor:/opt/ros/jazzy/opt/gz_common_vendor:/opt/ros/jazzy/opt/gz_math_vendor:/opt/ros/jazzy/opt/gz_utils_vendor:/opt/ros/jazzy/opt/gz_tools_vendor:/opt/ros/jazzy/opt/gz_ogre_next_vendor:/opt/ros/jazzy/opt/gz_dartsim_vendor:/opt/ros/jazzy/opt/gz_cmake_vendor:/opt/ros/jazzy DEBUGINFOD_URLS=https://debuginfod.ubuntu.com LD_LIBRARY_PATH=/home/hung/ws_offboard_control/src/install/px4_msgs/lib:${LD_LIBRARY_PATH} PYTHONPATH=/home/hung/ws_offboard_control/src/install/px4_msgs/lib/python3.12/site-packages:${PYTHONPATH} /usr/bin/cmake --install /home/hung/ws_offboard_control/src/build/px4_avoidance
[3.364s] -- Install configuration: ""
[3.371s] -- Installing: /home/hung/ws_offboard_control/src/install/px4_avoidance/lib/px4_avoidance/vfh_star_node
[3.399s] -- Set non-toolchain portion of runtime path of "/home/hung/ws_offboard_control/src/install/px4_avoidance/lib/px4_avoidance/vfh_star_node" to ""
[3.409s] -- Up-to-date: /home/hung/ws_offboard_control/src/install/px4_avoidance/lib/px4_avoidance/odom_tf
[3.410s] -- Up-to-date: /home/hung/ws_offboard_control/src/install/px4_avoidance/share/ament_index/resource_index/package_run_dependencies/px4_avoidance
[3.410s] -- Up-to-date: /home/hung/ws_offboard_control/src/install/px4_avoidance/share/ament_index/resource_index/parent_prefix_path/px4_avoidance
[3.410s] -- Up-to-date: /home/hung/ws_offboard_control/src/install/px4_avoidance/share/px4_avoidance/environment/ament_prefix_path.sh
[3.410s] -- Up-to-date: /home/hung/ws_offboard_control/src/install/px4_avoidance/share/px4_avoidance/environment/ament_prefix_path.dsv
[3.410s] -- Up-to-date: /home/hung/ws_offboard_control/src/install/px4_avoidance/share/px4_avoidance/environment/path.sh
[3.410s] -- Up-to-date: /home/hung/ws_offboard_control/src/install/px4_avoidance/share/px4_avoidance/environment/path.dsv
[3.410s] -- Up-to-date: /home/hung/ws_offboard_control/src/install/px4_avoidance/share/px4_avoidance/local_setup.bash
[3.411s] -- Up-to-date: /home/hung/ws_offboard_control/src/install/px4_avoidance/share/px4_avoidance/local_setup.sh
[3.411s] -- Up-to-date: /home/hung/ws_offboard_control/src/install/px4_avoidance/share/px4_avoidance/local_setup.zsh
[3.411s] -- Up-to-date: /home/hung/ws_offboard_control/src/install/px4_avoidance/share/px4_avoidance/local_setup.dsv
[3.411s] -- Installing: /home/hung/ws_offboard_control/src/install/px4_avoidance/share/px4_avoidance/package.dsv
[3.416s] -- Up-to-date: /home/hung/ws_offboard_control/src/install/px4_avoidance/share/ament_index/resource_index/packages/px4_avoidance
[3.418s] -- Up-to-date: /home/hung/ws_offboard_control/src/install/px4_avoidance/share/px4_avoidance/cmake/px4_avoidanceConfig.cmake
[3.418s] -- Up-to-date: /home/hung/ws_offboard_control/src/install/px4_avoidance/share/px4_avoidance/cmake/px4_avoidanceConfig-version.cmake
[3.418s] -- Up-to-date: /home/hung/ws_offboard_control/src/install/px4_avoidance/share/px4_avoidance/package.xml
[3.428s] Invoked command in '/home/hung/ws_offboard_control/src/build/px4_avoidance' returned '0': AMENT_PREFIX_PATH=/home/hung/ws_offboard_control/src/install/px4_msgs:${AMENT_PREFIX_PATH} CMAKE_PREFIX_PATH=/home/hung/ws_offboard_control/src/install/px4_msgs:/opt/ros/jazzy/opt/gz_sim_vendor:/opt/ros/jazzy/opt/gz_sensors_vendor:/opt/ros/jazzy/opt/gz_physics_vendor:/opt/ros/jazzy/opt/sdformat_vendor:/opt/ros/jazzy/opt/gz_gui_vendor:/opt/ros/jazzy/opt/gz_transport_vendor:/opt/ros/jazzy/opt/gz_rendering_vendor:/opt/ros/jazzy/opt/gz_plugin_vendor:/opt/ros/jazzy/opt/gz_fuel_tools_vendor:/opt/ros/jazzy/opt/gz_msgs_vendor:/opt/ros/jazzy/opt/gz_common_vendor:/opt/ros/jazzy/opt/gz_math_vendor:/opt/ros/jazzy/opt/gz_utils_vendor:/opt/ros/jazzy/opt/gz_tools_vendor:/opt/ros/jazzy/opt/gz_ogre_next_vendor:/opt/ros/jazzy/opt/gz_dartsim_vendor:/opt/ros/jazzy/opt/gz_cmake_vendor:/opt/ros/jazzy DEBUGINFOD_URLS=https://debuginfod.ubuntu.com LD_LIBRARY_PATH=/home/hung/ws_offboard_control/src/install/px4_msgs/lib:${LD_LIBRARY_PATH} PYTHONPATH=/home/hung/ws_offboard_control/src/install/px4_msgs/lib/python3.12/site-packages:${PYTHONPATH} /usr/bin/cmake --install /home/hung/ws_offboard_control/src/build/px4_avoidance
