[0.316s] DEBUG:colcon:Command line arguments: ['/usr/bin/colcon', 'build']
[0.316s] DEBUG:colcon:Parsed command line arguments: Namespace(log_base=None, log_level=None, verb_name='build', build_base='build', install_base='install', merge_install=False, symlink_install=False, test_result_base=None, continue_on_error=False, executor='parallel', parallel_workers=12, event_handlers=None, ignore_user_meta=False, metas=['./colcon.meta'], base_paths=['.'], packages_ignore=None, packages_ignore_regex=None, paths=None, packages_up_to=None, packages_up_to_regex=None, packages_above=None, packages_above_and_dependencies=None, packages_above_depth=None, packages_select_by_dep=None, packages_skip_by_dep=None, packages_skip_up_to=None, packages_select_build_failed=False, packages_skip_build_finished=False, packages_select_test_failures=False, packages_skip_test_passed=False, packages_select=None, packages_skip=None, packages_select_regex=None, packages_skip_regex=None, packages_start=None, packages_end=None, allow_overriding=[], cmake_args=None, cmake_target=None, cmake_target_skip_unavailable=False, cmake_clean_cache=False, cmake_clean_first=False, cmake_force_configure=False, ament_cmake_args=None, catkin_cmake_args=None, catkin_skip_building_tests=False, verb_parser=<colcon_defaults.argument_parser.defaults.DefaultArgumentsDecorator object at 0x738d90980230>, verb_extension=<colcon_core.verb.build.BuildVerb object at 0x738d91534d10>, main=<bound method BuildVerb.main of <colcon_core.verb.build.BuildVerb object at 0x738d91534d10>>)
[0.385s] Level 1:colcon.colcon_core.package_discovery:discover_packages(colcon_meta) check parameters
[0.386s] Level 1:colcon.colcon_core.package_discovery:discover_packages(recursive) check parameters
[0.386s] Level 1:colcon.colcon_core.package_discovery:discover_packages(ignore) check parameters
[0.386s] Level 1:colcon.colcon_core.package_discovery:discover_packages(path) check parameters
[0.386s] Level 1:colcon.colcon_core.package_discovery:discover_packages(colcon_meta) discover
[0.386s] Level 1:colcon.colcon_core.package_discovery:discover_packages(recursive) discover
[0.386s] INFO:colcon.colcon_core.package_discovery:Crawling recursively for packages in '/home/hung/ws_offboard_control/src'
[0.387s] Level 1:colcon.colcon_core.package_identification:_identify(.) by extensions ['ignore', 'ignore_ament_install']
[0.387s] Level 1:colcon.colcon_core.package_identification:_identify(.) by extension 'ignore'
[0.387s] Level 1:colcon.colcon_core.package_identification:_identify(.) by extension 'ignore_ament_install'
[0.387s] Level 1:colcon.colcon_core.package_identification:_identify(.) by extensions ['colcon_pkg']
[0.387s] Level 1:colcon.colcon_core.package_identification:_identify(.) by extension 'colcon_pkg'
[0.387s] Level 1:colcon.colcon_core.package_identification:_identify(.) by extensions ['colcon_meta']
[0.387s] Level 1:colcon.colcon_core.package_identification:_identify(.) by extension 'colcon_meta'
[0.388s] Level 1:colcon.colcon_core.package_identification:_identify(.) by extensions ['ros']
[0.388s] Level 1:colcon.colcon_core.package_identification:_identify(.) by extension 'ros'
[0.437s] Level 1:colcon.colcon_core.package_identification:_identify(.) by extensions ['cmake', 'python']
[0.437s] Level 1:colcon.colcon_core.package_identification:_identify(.) by extension 'cmake'
[0.437s] Level 1:colcon.colcon_core.package_identification:_identify(.) by extension 'python'
[0.437s] Level 1:colcon.colcon_core.package_identification:_identify(.) by extensions ['python_setup_py']
[0.437s] Level 1:colcon.colcon_core.package_identification:_identify(.) by extension 'python_setup_py'
[0.437s] Level 1:colcon.colcon_core.package_identification:_identify(build) by extensions ['ignore', 'ignore_ament_install']
[0.438s] Level 1:colcon.colcon_core.package_identification:_identify(build) by extension 'ignore'
[0.438s] Level 1:colcon.colcon_core.package_identification:_identify(build) ignored
[0.438s] Level 1:colcon.colcon_core.package_identification:_identify(install) by extensions ['ignore', 'ignore_ament_install']
[0.438s] Level 1:colcon.colcon_core.package_identification:_identify(install) by extension 'ignore'
[0.438s] Level 1:colcon.colcon_core.package_identification:_identify(install) ignored
[0.438s] Level 1:colcon.colcon_core.package_identification:_identify(log) by extensions ['ignore', 'ignore_ament_install']
[0.438s] Level 1:colcon.colcon_core.package_identification:_identify(log) by extension 'ignore'
[0.438s] Level 1:colcon.colcon_core.package_identification:_identify(log) ignored
[0.439s] Level 1:colcon.colcon_core.package_identification:_identify(px4_avoidance) by extensions ['ignore', 'ignore_ament_install']
[0.439s] Level 1:colcon.colcon_core.package_identification:_identify(px4_avoidance) by extension 'ignore'
[0.439s] Level 1:colcon.colcon_core.package_identification:_identify(px4_avoidance) by extension 'ignore_ament_install'
[0.439s] Level 1:colcon.colcon_core.package_identification:_identify(px4_avoidance) by extensions ['colcon_pkg']
[0.439s] Level 1:colcon.colcon_core.package_identification:_identify(px4_avoidance) by extension 'colcon_pkg'
[0.439s] Level 1:colcon.colcon_core.package_identification:_identify(px4_avoidance) by extensions ['colcon_meta']
[0.439s] Level 1:colcon.colcon_core.package_identification:_identify(px4_avoidance) by extension 'colcon_meta'
[0.439s] Level 1:colcon.colcon_core.package_identification:_identify(px4_avoidance) by extensions ['ros']
[0.439s] Level 1:colcon.colcon_core.package_identification:_identify(px4_avoidance) by extension 'ros'
[0.443s] DEBUG:colcon.colcon_core.package_identification:Package 'px4_avoidance' with type 'ros.ament_cmake' and name 'px4_avoidance'
[0.444s] Level 1:colcon.colcon_core.package_identification:_identify(px4_msgs) by extensions ['ignore', 'ignore_ament_install']
[0.444s] Level 1:colcon.colcon_core.package_identification:_identify(px4_msgs) by extension 'ignore'
[0.444s] Level 1:colcon.colcon_core.package_identification:_identify(px4_msgs) by extension 'ignore_ament_install'
[0.444s] Level 1:colcon.colcon_core.package_identification:_identify(px4_msgs) by extensions ['colcon_pkg']
[0.444s] Level 1:colcon.colcon_core.package_identification:_identify(px4_msgs) by extension 'colcon_pkg'
[0.444s] Level 1:colcon.colcon_core.package_identification:_identify(px4_msgs) by extensions ['colcon_meta']
[0.444s] Level 1:colcon.colcon_core.package_identification:_identify(px4_msgs) by extension 'colcon_meta'
[0.444s] Level 1:colcon.colcon_core.package_identification:_identify(px4_msgs) by extensions ['ros']
[0.444s] Level 1:colcon.colcon_core.package_identification:_identify(px4_msgs) by extension 'ros'
[0.445s] DEBUG:colcon.colcon_core.package_identification:Package 'px4_msgs' with type 'ros.ament_cmake' and name 'px4_msgs'
[0.445s] Level 1:colcon.colcon_core.package_discovery:discover_packages(recursive) using defaults
[0.445s] Level 1:colcon.colcon_core.package_discovery:discover_packages(ignore) discover
[0.445s] Level 1:colcon.colcon_core.package_discovery:discover_packages(ignore) using defaults
[0.445s] Level 1:colcon.colcon_core.package_discovery:discover_packages(path) discover
[0.445s] Level 1:colcon.colcon_core.package_discovery:discover_packages(path) using defaults
[0.475s] Level 1:colcon.colcon_core.package_discovery:discover_packages(prefix_path) check parameters
[0.476s] Level 1:colcon.colcon_core.package_discovery:discover_packages(prefix_path) discover
[0.481s] DEBUG:colcon.colcon_installed_package_information.package_discovery:Found 2 installed packages in /home/hung/ws_offboard_control/src/install
[0.484s] DEBUG:colcon.colcon_installed_package_information.package_discovery:Found 320 installed packages in /opt/ros/jazzy
[0.485s] Level 1:colcon.colcon_core.package_discovery:discover_packages(prefix_path) using defaults
[0.558s] Level 5:colcon.colcon_core.verb:set package 'px4_msgs' build argument 'cmake_args' from command line to 'None'
[0.558s] Level 5:colcon.colcon_core.verb:set package 'px4_msgs' build argument 'cmake_target' from command line to 'None'
[0.559s] Level 5:colcon.colcon_core.verb:set package 'px4_msgs' build argument 'cmake_target_skip_unavailable' from command line to 'False'
[0.559s] Level 5:colcon.colcon_core.verb:set package 'px4_msgs' build argument 'cmake_clean_cache' from command line to 'False'
[0.559s] Level 5:colcon.colcon_core.verb:set package 'px4_msgs' build argument 'cmake_clean_first' from command line to 'False'
[0.559s] Level 5:colcon.colcon_core.verb:set package 'px4_msgs' build argument 'cmake_force_configure' from command line to 'False'
[0.559s] Level 5:colcon.colcon_core.verb:set package 'px4_msgs' build argument 'ament_cmake_args' from command line to 'None'
[0.559s] Level 5:colcon.colcon_core.verb:set package 'px4_msgs' build argument 'catkin_cmake_args' from command line to 'None'
[0.559s] Level 5:colcon.colcon_core.verb:set package 'px4_msgs' build argument 'catkin_skip_building_tests' from command line to 'False'
[0.559s] DEBUG:colcon.colcon_core.verb:Building package 'px4_msgs' with the following arguments: {'ament_cmake_args': None, 'build_base': '/home/hung/ws_offboard_control/src/build/px4_msgs', 'catkin_cmake_args': None, 'catkin_skip_building_tests': False, 'cmake_args': None, 'cmake_clean_cache': False, 'cmake_clean_first': False, 'cmake_force_configure': False, 'cmake_target': None, 'cmake_target_skip_unavailable': False, 'install_base': '/home/hung/ws_offboard_control/src/install/px4_msgs', 'merge_install': False, 'path': '/home/hung/ws_offboard_control/src/px4_msgs', 'symlink_install': False, 'test_result_base': None}
[0.560s] Level 5:colcon.colcon_core.verb:set package 'px4_avoidance' build argument 'cmake_args' from command line to 'None'
[0.560s] Level 5:colcon.colcon_core.verb:set package 'px4_avoidance' build argument 'cmake_target' from command line to 'None'
[0.560s] Level 5:colcon.colcon_core.verb:set package 'px4_avoidance' build argument 'cmake_target_skip_unavailable' from command line to 'False'
[0.560s] Level 5:colcon.colcon_core.verb:set package 'px4_avoidance' build argument 'cmake_clean_cache' from command line to 'False'
[0.560s] Level 5:colcon.colcon_core.verb:set package 'px4_avoidance' build argument 'cmake_clean_first' from command line to 'False'
[0.560s] Level 5:colcon.colcon_core.verb:set package 'px4_avoidance' build argument 'cmake_force_configure' from command line to 'False'
[0.560s] Level 5:colcon.colcon_core.verb:set package 'px4_avoidance' build argument 'ament_cmake_args' from command line to 'None'
[0.560s] Level 5:colcon.colcon_core.verb:set package 'px4_avoidance' build argument 'catkin_cmake_args' from command line to 'None'
[0.560s] Level 5:colcon.colcon_core.verb:set package 'px4_avoidance' build argument 'catkin_skip_building_tests' from command line to 'False'
[0.560s] DEBUG:colcon.colcon_core.verb:Building package 'px4_avoidance' with the following arguments: {'ament_cmake_args': None, 'build_base': '/home/hung/ws_offboard_control/src/build/px4_avoidance', 'catkin_cmake_args': None, 'catkin_skip_building_tests': False, 'cmake_args': None, 'cmake_clean_cache': False, 'cmake_clean_first': False, 'cmake_force_configure': False, 'cmake_target': None, 'cmake_target_skip_unavailable': False, 'install_base': '/home/hung/ws_offboard_control/src/install/px4_avoidance', 'merge_install': False, 'path': '/home/hung/ws_offboard_control/src/px4_avoidance', 'symlink_install': False, 'test_result_base': None}
[0.561s] INFO:colcon.colcon_core.executor:Executing jobs using 'parallel' executor
[0.562s] DEBUG:colcon.colcon_parallel_executor.executor.parallel:run_until_complete
[0.562s] INFO:colcon.colcon_ros.task.ament_cmake.build:Building ROS package in '/home/hung/ws_offboard_control/src/px4_msgs' with build type 'ament_cmake'
[0.562s] INFO:colcon.colcon_cmake.task.cmake.build:Building CMake package in '/home/hung/ws_offboard_control/src/px4_msgs'
[0.565s] INFO:colcon.colcon_core.plugin_system:Skipping extension 'colcon_core.shell.bat': Not used on non-Windows systems
[0.565s] INFO:colcon.colcon_core.shell:Skip shell extension 'powershell' for command environment: Not usable outside of PowerShell
[0.566s] DEBUG:colcon.colcon_core.shell:Skip shell extension 'dsv' for command environment
[0.595s] DEBUG:colcon.colcon_core.event_handler.log_command:Invoking command in '/home/hung/ws_offboard_control/src/build/px4_msgs': CMAKE_PREFIX_PATH=${CMAKE_PREFIX_PATH}:/opt/ros/jazzy DEBUGINFOD_URLS=https://debuginfod.ubuntu.com /usr/bin/cmake --build /home/hung/ws_offboard_control/src/build/px4_msgs -- -j12 -l12
[3.790s] DEBUG:colcon.colcon_core.event_handler.log_command:Invoked command in '/home/hung/ws_offboard_control/src/build/px4_msgs' returned '0': CMAKE_PREFIX_PATH=${CMAKE_PREFIX_PATH}:/opt/ros/jazzy DEBUGINFOD_URLS=https://debuginfod.ubuntu.com /usr/bin/cmake --build /home/hung/ws_offboard_control/src/build/px4_msgs -- -j12 -l12
[3.814s] DEBUG:colcon.colcon_core.event_handler.log_command:Invoking command in '/home/hung/ws_offboard_control/src/build/px4_msgs': CMAKE_PREFIX_PATH=${CMAKE_PREFIX_PATH}:/opt/ros/jazzy DEBUGINFOD_URLS=https://debuginfod.ubuntu.com /usr/bin/cmake --install /home/hung/ws_offboard_control/src/build/px4_msgs
[5.160s] Level 1:colcon.colcon_core.environment:create_environment_scripts_only(px4_msgs)
[5.161s] DEBUG:colcon.colcon_core.event_handler.log_command:Invoked command in '/home/hung/ws_offboard_control/src/build/px4_msgs' returned '0': CMAKE_PREFIX_PATH=${CMAKE_PREFIX_PATH}:/opt/ros/jazzy DEBUGINFOD_URLS=https://debuginfod.ubuntu.com /usr/bin/cmake --install /home/hung/ws_offboard_control/src/build/px4_msgs
[5.165s] Level 1:colcon.colcon_core.environment:checking '/home/hung/ws_offboard_control/src/install/px4_msgs' for CMake module files
[5.167s] Level 1:colcon.colcon_core.environment:checking '/home/hung/ws_offboard_control/src/install/px4_msgs' for CMake config files
[5.167s] Level 1:colcon.colcon_core.shell:create_environment_hook('px4_msgs', 'cmake_prefix_path')
[5.168s] INFO:colcon.colcon_core.shell:Creating environment hook '/home/hung/ws_offboard_control/src/install/px4_msgs/share/px4_msgs/hook/cmake_prefix_path.ps1'
[5.169s] INFO:colcon.colcon_core.shell:Creating environment descriptor '/home/hung/ws_offboard_control/src/install/px4_msgs/share/px4_msgs/hook/cmake_prefix_path.dsv'
[5.169s] INFO:colcon.colcon_core.shell:Creating environment hook '/home/hung/ws_offboard_control/src/install/px4_msgs/share/px4_msgs/hook/cmake_prefix_path.sh'
[5.170s] Level 1:colcon.colcon_core.environment:checking '/home/hung/ws_offboard_control/src/install/px4_msgs/lib'
[5.171s] Level 1:colcon.colcon_core.shell:create_environment_hook('px4_msgs', 'ld_library_path_lib')
[5.171s] INFO:colcon.colcon_core.shell:Creating environment hook '/home/hung/ws_offboard_control/src/install/px4_msgs/share/px4_msgs/hook/ld_library_path_lib.ps1'
[5.171s] INFO:colcon.colcon_core.shell:Creating environment descriptor '/home/hung/ws_offboard_control/src/install/px4_msgs/share/px4_msgs/hook/ld_library_path_lib.dsv'
[5.172s] INFO:colcon.colcon_core.shell:Creating environment hook '/home/hung/ws_offboard_control/src/install/px4_msgs/share/px4_msgs/hook/ld_library_path_lib.sh'
[5.172s] Level 1:colcon.colcon_core.environment:checking '/home/hung/ws_offboard_control/src/install/px4_msgs/bin'
[5.172s] Level 1:colcon.colcon_core.environment:checking '/home/hung/ws_offboard_control/src/install/px4_msgs/lib/pkgconfig/px4_msgs.pc'
[5.172s] Level 1:colcon.colcon_core.environment:checking '/home/hung/ws_offboard_control/src/install/px4_msgs/lib/python3.12/site-packages'
[5.173s] Level 1:colcon.colcon_core.shell:create_environment_hook('px4_msgs', 'pythonpath')
[5.173s] INFO:colcon.colcon_core.shell:Creating environment hook '/home/hung/ws_offboard_control/src/install/px4_msgs/share/px4_msgs/hook/pythonpath.ps1'
[5.173s] INFO:colcon.colcon_core.shell:Creating environment descriptor '/home/hung/ws_offboard_control/src/install/px4_msgs/share/px4_msgs/hook/pythonpath.dsv'
[5.174s] INFO:colcon.colcon_core.shell:Creating environment hook '/home/hung/ws_offboard_control/src/install/px4_msgs/share/px4_msgs/hook/pythonpath.sh'
[5.174s] Level 1:colcon.colcon_core.environment:checking '/home/hung/ws_offboard_control/src/install/px4_msgs/bin'
[5.175s] INFO:colcon.colcon_core.shell:Creating package script '/home/hung/ws_offboard_control/src/install/px4_msgs/share/px4_msgs/package.ps1'
[5.176s] INFO:colcon.colcon_core.shell:Creating package descriptor '/home/hung/ws_offboard_control/src/install/px4_msgs/share/px4_msgs/package.dsv'
[5.176s] INFO:colcon.colcon_core.shell:Creating package script '/home/hung/ws_offboard_control/src/install/px4_msgs/share/px4_msgs/package.sh'
[5.177s] INFO:colcon.colcon_core.shell:Creating package script '/home/hung/ws_offboard_control/src/install/px4_msgs/share/px4_msgs/package.bash'
[5.177s] INFO:colcon.colcon_core.shell:Creating package script '/home/hung/ws_offboard_control/src/install/px4_msgs/share/px4_msgs/package.zsh'
[5.178s] Level 1:colcon.colcon_core.environment:create_file_with_runtime_dependencies(/home/hung/ws_offboard_control/src/install/px4_msgs/share/colcon-core/packages/px4_msgs)
[5.179s] Level 1:colcon.colcon_core.environment:create_environment_scripts_only(px4_msgs)
[5.179s] Level 1:colcon.colcon_core.environment:checking '/home/hung/ws_offboard_control/src/install/px4_msgs' for CMake module files
[5.180s] Level 1:colcon.colcon_core.environment:checking '/home/hung/ws_offboard_control/src/install/px4_msgs' for CMake config files
[5.181s] Level 1:colcon.colcon_core.shell:create_environment_hook('px4_msgs', 'cmake_prefix_path')
[5.181s] INFO:colcon.colcon_core.shell:Creating environment hook '/home/hung/ws_offboard_control/src/install/px4_msgs/share/px4_msgs/hook/cmake_prefix_path.ps1'
[5.181s] INFO:colcon.colcon_core.shell:Creating environment descriptor '/home/hung/ws_offboard_control/src/install/px4_msgs/share/px4_msgs/hook/cmake_prefix_path.dsv'
[5.182s] INFO:colcon.colcon_core.shell:Creating environment hook '/home/hung/ws_offboard_control/src/install/px4_msgs/share/px4_msgs/hook/cmake_prefix_path.sh'
[5.183s] Level 1:colcon.colcon_core.environment:checking '/home/hung/ws_offboard_control/src/install/px4_msgs/lib'
[5.183s] Level 1:colcon.colcon_core.shell:create_environment_hook('px4_msgs', 'ld_library_path_lib')
[5.183s] INFO:colcon.colcon_core.shell:Creating environment hook '/home/hung/ws_offboard_control/src/install/px4_msgs/share/px4_msgs/hook/ld_library_path_lib.ps1'
[5.184s] INFO:colcon.colcon_core.shell:Creating environment descriptor '/home/hung/ws_offboard_control/src/install/px4_msgs/share/px4_msgs/hook/ld_library_path_lib.dsv'
[5.184s] INFO:colcon.colcon_core.shell:Creating environment hook '/home/hung/ws_offboard_control/src/install/px4_msgs/share/px4_msgs/hook/ld_library_path_lib.sh'
[5.185s] Level 1:colcon.colcon_core.environment:checking '/home/hung/ws_offboard_control/src/install/px4_msgs/bin'
[5.185s] Level 1:colcon.colcon_core.environment:checking '/home/hung/ws_offboard_control/src/install/px4_msgs/lib/pkgconfig/px4_msgs.pc'
[5.185s] Level 1:colcon.colcon_core.environment:checking '/home/hung/ws_offboard_control/src/install/px4_msgs/lib/python3.12/site-packages'
[5.186s] Level 1:colcon.colcon_core.shell:create_environment_hook('px4_msgs', 'pythonpath')
[5.186s] INFO:colcon.colcon_core.shell:Creating environment hook '/home/hung/ws_offboard_control/src/install/px4_msgs/share/px4_msgs/hook/pythonpath.ps1'
[5.187s] INFO:colcon.colcon_core.shell:Creating environment descriptor '/home/hung/ws_offboard_control/src/install/px4_msgs/share/px4_msgs/hook/pythonpath.dsv'
[5.187s] INFO:colcon.colcon_core.shell:Creating environment hook '/home/hung/ws_offboard_control/src/install/px4_msgs/share/px4_msgs/hook/pythonpath.sh'
[5.189s] Level 1:colcon.colcon_core.environment:checking '/home/hung/ws_offboard_control/src/install/px4_msgs/bin'
[5.189s] INFO:colcon.colcon_core.shell:Creating package script '/home/hung/ws_offboard_control/src/install/px4_msgs/share/px4_msgs/package.ps1'
[5.190s] INFO:colcon.colcon_core.shell:Creating package descriptor '/home/hung/ws_offboard_control/src/install/px4_msgs/share/px4_msgs/package.dsv'
[5.191s] INFO:colcon.colcon_core.shell:Creating package script '/home/hung/ws_offboard_control/src/install/px4_msgs/share/px4_msgs/package.sh'
[5.192s] INFO:colcon.colcon_core.shell:Creating package script '/home/hung/ws_offboard_control/src/install/px4_msgs/share/px4_msgs/package.bash'
[5.192s] INFO:colcon.colcon_core.shell:Creating package script '/home/hung/ws_offboard_control/src/install/px4_msgs/share/px4_msgs/package.zsh'
[5.193s] Level 1:colcon.colcon_core.environment:create_file_with_runtime_dependencies(/home/hung/ws_offboard_control/src/install/px4_msgs/share/colcon-core/packages/px4_msgs)
[5.194s] INFO:colcon.colcon_ros.task.ament_cmake.build:Building ROS package in '/home/hung/ws_offboard_control/src/px4_avoidance' with build type 'ament_cmake'
[5.194s] INFO:colcon.colcon_cmake.task.cmake.build:Building CMake package in '/home/hung/ws_offboard_control/src/px4_avoidance'
[5.194s] INFO:colcon.colcon_core.shell:Skip shell extension 'powershell' for command environment: Not usable outside of PowerShell
[5.194s] DEBUG:colcon.colcon_core.shell:Skip shell extension 'dsv' for command environment
[5.435s] DEBUG:colcon.colcon_core.event_handler.log_command:Invoking command in '/home/hung/ws_offboard_control/src/build/px4_avoidance': CMAKE_PREFIX_PATH=/home/hung/ws_offboard_control/src/install/px4_msgs:/home/hung/ws_offboard_control/src/install/px4_avoidance:/opt/ros/jazzy/opt/gz_sim_vendor:/opt/ros/jazzy/opt/gz_sensors_vendor:/opt/ros/jazzy/opt/gz_physics_vendor:/opt/ros/jazzy/opt/sdformat_vendor:/opt/ros/jazzy/opt/gz_gui_vendor:/opt/ros/jazzy/opt/gz_transport_vendor:/opt/ros/jazzy/opt/gz_rendering_vendor:/opt/ros/jazzy/opt/gz_plugin_vendor:/opt/ros/jazzy/opt/gz_fuel_tools_vendor:/opt/ros/jazzy/opt/gz_msgs_vendor:/opt/ros/jazzy/opt/gz_common_vendor:/opt/ros/jazzy/opt/gz_math_vendor:/opt/ros/jazzy/opt/gz_utils_vendor:/opt/ros/jazzy/opt/gz_tools_vendor:/opt/ros/jazzy/opt/gz_ogre_next_vendor:/opt/ros/jazzy/opt/gz_dartsim_vendor:/opt/ros/jazzy/opt/gz_cmake_vendor:/opt/ros/jazzy DEBUGINFOD_URLS=https://debuginfod.ubuntu.com /usr/bin/cmake --build /home/hung/ws_offboard_control/src/build/px4_avoidance -- -j12 -l12
[40.253s] DEBUG:colcon.colcon_core.event_handler.log_command:Invoked command in '/home/hung/ws_offboard_control/src/build/px4_avoidance' returned '0': CMAKE_PREFIX_PATH=/home/hung/ws_offboard_control/src/install/px4_msgs:/home/hung/ws_offboard_control/src/install/px4_avoidance:/opt/ros/jazzy/opt/gz_sim_vendor:/opt/ros/jazzy/opt/gz_sensors_vendor:/opt/ros/jazzy/opt/gz_physics_vendor:/opt/ros/jazzy/opt/sdformat_vendor:/opt/ros/jazzy/opt/gz_gui_vendor:/opt/ros/jazzy/opt/gz_transport_vendor:/opt/ros/jazzy/opt/gz_rendering_vendor:/opt/ros/jazzy/opt/gz_plugin_vendor:/opt/ros/jazzy/opt/gz_fuel_tools_vendor:/opt/ros/jazzy/opt/gz_msgs_vendor:/opt/ros/jazzy/opt/gz_common_vendor:/opt/ros/jazzy/opt/gz_math_vendor:/opt/ros/jazzy/opt/gz_utils_vendor:/opt/ros/jazzy/opt/gz_tools_vendor:/opt/ros/jazzy/opt/gz_ogre_next_vendor:/opt/ros/jazzy/opt/gz_dartsim_vendor:/opt/ros/jazzy/opt/gz_cmake_vendor:/opt/ros/jazzy DEBUGINFOD_URLS=https://debuginfod.ubuntu.com /usr/bin/cmake --build /home/hung/ws_offboard_control/src/build/px4_avoidance -- -j12 -l12
[40.255s] DEBUG:colcon.colcon_core.event_handler.log_command:Invoking command in '/home/hung/ws_offboard_control/src/build/px4_avoidance': CMAKE_PREFIX_PATH=/home/hung/ws_offboard_control/src/install/px4_msgs:/home/hung/ws_offboard_control/src/install/px4_avoidance:/opt/ros/jazzy/opt/gz_sim_vendor:/opt/ros/jazzy/opt/gz_sensors_vendor:/opt/ros/jazzy/opt/gz_physics_vendor:/opt/ros/jazzy/opt/sdformat_vendor:/opt/ros/jazzy/opt/gz_gui_vendor:/opt/ros/jazzy/opt/gz_transport_vendor:/opt/ros/jazzy/opt/gz_rendering_vendor:/opt/ros/jazzy/opt/gz_plugin_vendor:/opt/ros/jazzy/opt/gz_fuel_tools_vendor:/opt/ros/jazzy/opt/gz_msgs_vendor:/opt/ros/jazzy/opt/gz_common_vendor:/opt/ros/jazzy/opt/gz_math_vendor:/opt/ros/jazzy/opt/gz_utils_vendor:/opt/ros/jazzy/opt/gz_tools_vendor:/opt/ros/jazzy/opt/gz_ogre_next_vendor:/opt/ros/jazzy/opt/gz_dartsim_vendor:/opt/ros/jazzy/opt/gz_cmake_vendor:/opt/ros/jazzy DEBUGINFOD_URLS=https://debuginfod.ubuntu.com /usr/bin/cmake --install /home/hung/ws_offboard_control/src/build/px4_avoidance
[40.323s] Level 1:colcon.colcon_core.environment:create_environment_scripts_only(px4_avoidance)
[40.323s] Level 1:colcon.colcon_core.environment:checking '/home/hung/ws_offboard_control/src/install/px4_avoidance' for CMake module files
[40.324s] DEBUG:colcon.colcon_core.event_handler.log_command:Invoked command in '/home/hung/ws_offboard_control/src/build/px4_avoidance' returned '0': CMAKE_PREFIX_PATH=/home/hung/ws_offboard_control/src/install/px4_msgs:/home/hung/ws_offboard_control/src/install/px4_avoidance:/opt/ros/jazzy/opt/gz_sim_vendor:/opt/ros/jazzy/opt/gz_sensors_vendor:/opt/ros/jazzy/opt/gz_physics_vendor:/opt/ros/jazzy/opt/sdformat_vendor:/opt/ros/jazzy/opt/gz_gui_vendor:/opt/ros/jazzy/opt/gz_transport_vendor:/opt/ros/jazzy/opt/gz_rendering_vendor:/opt/ros/jazzy/opt/gz_plugin_vendor:/opt/ros/jazzy/opt/gz_fuel_tools_vendor:/opt/ros/jazzy/opt/gz_msgs_vendor:/opt/ros/jazzy/opt/gz_common_vendor:/opt/ros/jazzy/opt/gz_math_vendor:/opt/ros/jazzy/opt/gz_utils_vendor:/opt/ros/jazzy/opt/gz_tools_vendor:/opt/ros/jazzy/opt/gz_ogre_next_vendor:/opt/ros/jazzy/opt/gz_dartsim_vendor:/opt/ros/jazzy/opt/gz_cmake_vendor:/opt/ros/jazzy DEBUGINFOD_URLS=https://debuginfod.ubuntu.com /usr/bin/cmake --install /home/hung/ws_offboard_control/src/build/px4_avoidance
[40.325s] Level 1:colcon.colcon_core.environment:checking '/home/hung/ws_offboard_control/src/install/px4_avoidance' for CMake config files
[40.325s] Level 1:colcon.colcon_core.shell:create_environment_hook('px4_avoidance', 'cmake_prefix_path')
[40.325s] INFO:colcon.colcon_core.shell:Creating environment hook '/home/hung/ws_offboard_control/src/install/px4_avoidance/share/px4_avoidance/hook/cmake_prefix_path.ps1'
[40.326s] INFO:colcon.colcon_core.shell:Creating environment descriptor '/home/hung/ws_offboard_control/src/install/px4_avoidance/share/px4_avoidance/hook/cmake_prefix_path.dsv'
[40.327s] INFO:colcon.colcon_core.shell:Creating environment hook '/home/hung/ws_offboard_control/src/install/px4_avoidance/share/px4_avoidance/hook/cmake_prefix_path.sh'
[40.327s] Level 1:colcon.colcon_core.environment:checking '/home/hung/ws_offboard_control/src/install/px4_avoidance/lib'
[40.328s] Level 1:colcon.colcon_core.environment:checking '/home/hung/ws_offboard_control/src/install/px4_avoidance/bin'
[40.328s] Level 1:colcon.colcon_core.environment:checking '/home/hung/ws_offboard_control/src/install/px4_avoidance/lib/pkgconfig/px4_avoidance.pc'
[40.328s] Level 1:colcon.colcon_core.environment:checking '/home/hung/ws_offboard_control/src/install/px4_avoidance/lib/python3.12/site-packages'
[40.328s] Level 1:colcon.colcon_core.environment:checking '/home/hung/ws_offboard_control/src/install/px4_avoidance/bin'
[40.329s] INFO:colcon.colcon_core.shell:Creating package script '/home/hung/ws_offboard_control/src/install/px4_avoidance/share/px4_avoidance/package.ps1'
[40.330s] INFO:colcon.colcon_core.shell:Creating package descriptor '/home/hung/ws_offboard_control/src/install/px4_avoidance/share/px4_avoidance/package.dsv'
[40.331s] INFO:colcon.colcon_core.shell:Creating package script '/home/hung/ws_offboard_control/src/install/px4_avoidance/share/px4_avoidance/package.sh'
[40.332s] INFO:colcon.colcon_core.shell:Creating package script '/home/hung/ws_offboard_control/src/install/px4_avoidance/share/px4_avoidance/package.bash'
[40.332s] INFO:colcon.colcon_core.shell:Creating package script '/home/hung/ws_offboard_control/src/install/px4_avoidance/share/px4_avoidance/package.zsh'
[40.333s] Level 1:colcon.colcon_core.environment:create_file_with_runtime_dependencies(/home/hung/ws_offboard_control/src/install/px4_avoidance/share/colcon-core/packages/px4_avoidance)
[40.335s] Level 1:colcon.colcon_core.environment:create_environment_scripts_only(px4_avoidance)
[40.339s] Level 1:colcon.colcon_core.environment:checking '/home/hung/ws_offboard_control/src/install/px4_avoidance' for CMake module files
[40.340s] Level 1:colcon.colcon_core.environment:checking '/home/hung/ws_offboard_control/src/install/px4_avoidance' for CMake config files
[40.340s] Level 1:colcon.colcon_core.shell:create_environment_hook('px4_avoidance', 'cmake_prefix_path')
[40.341s] INFO:colcon.colcon_core.shell:Creating environment hook '/home/hung/ws_offboard_control/src/install/px4_avoidance/share/px4_avoidance/hook/cmake_prefix_path.ps1'
[40.342s] INFO:colcon.colcon_core.shell:Creating environment descriptor '/home/hung/ws_offboard_control/src/install/px4_avoidance/share/px4_avoidance/hook/cmake_prefix_path.dsv'
[40.342s] INFO:colcon.colcon_core.shell:Creating environment hook '/home/hung/ws_offboard_control/src/install/px4_avoidance/share/px4_avoidance/hook/cmake_prefix_path.sh'
[40.343s] Level 1:colcon.colcon_core.environment:checking '/home/hung/ws_offboard_control/src/install/px4_avoidance/lib'
[40.343s] Level 1:colcon.colcon_core.environment:checking '/home/hung/ws_offboard_control/src/install/px4_avoidance/bin'
[40.343s] Level 1:colcon.colcon_core.environment:checking '/home/hung/ws_offboard_control/src/install/px4_avoidance/lib/pkgconfig/px4_avoidance.pc'
[40.344s] Level 1:colcon.colcon_core.environment:checking '/home/hung/ws_offboard_control/src/install/px4_avoidance/lib/python3.12/site-packages'
[40.344s] Level 1:colcon.colcon_core.environment:checking '/home/hung/ws_offboard_control/src/install/px4_avoidance/bin'
[40.344s] INFO:colcon.colcon_core.shell:Creating package script '/home/hung/ws_offboard_control/src/install/px4_avoidance/share/px4_avoidance/package.ps1'
[40.349s] INFO:colcon.colcon_core.shell:Creating package descriptor '/home/hung/ws_offboard_control/src/install/px4_avoidance/share/px4_avoidance/package.dsv'
[40.351s] INFO:colcon.colcon_core.shell:Creating package script '/home/hung/ws_offboard_control/src/install/px4_avoidance/share/px4_avoidance/package.sh'
[40.353s] INFO:colcon.colcon_core.shell:Creating package script '/home/hung/ws_offboard_control/src/install/px4_avoidance/share/px4_avoidance/package.bash'
[40.353s] INFO:colcon.colcon_core.shell:Creating package script '/home/hung/ws_offboard_control/src/install/px4_avoidance/share/px4_avoidance/package.zsh'
[40.354s] Level 1:colcon.colcon_core.environment:create_file_with_runtime_dependencies(/home/hung/ws_offboard_control/src/install/px4_avoidance/share/colcon-core/packages/px4_avoidance)
[40.355s] DEBUG:colcon.colcon_parallel_executor.executor.parallel:closing loop
[40.355s] DEBUG:colcon.colcon_parallel_executor.executor.parallel:loop closed
[40.355s] DEBUG:colcon.colcon_parallel_executor.executor.parallel:run_until_complete finished with '0'
[40.356s] DEBUG:colcon.colcon_core.event_reactor:joining thread
[40.452s] INFO:colcon.colcon_core.plugin_system:Skipping extension 'colcon_notification.desktop_notification.notify_send': Could not find 'notify-send'
[40.452s] INFO:colcon.colcon_core.plugin_system:Skipping extension 'colcon_notification.desktop_notification.terminal_notifier': Not used on non-Darwin systems
[40.452s] INFO:colcon.colcon_core.plugin_system:Skipping extension 'colcon_notification.desktop_notification.win32': Not used on non-Windows systems
[40.452s] INFO:colcon.colcon_notification.desktop_notification:Sending desktop notification using 'notify2'
[40.454s] DEBUG:colcon.colcon_notification.desktop_notification.notify2:Failed to initialize notify2: org.freedesktop.DBus.Error.ServiceUnknown: The name org.freedesktop.Notifications was not provided by any .service files
[40.455s] DEBUG:colcon.colcon_core.event_reactor:joined thread
[40.455s] INFO:colcon.colcon_core.shell:Creating prefix script '/home/hung/ws_offboard_control/src/install/local_setup.ps1'
[40.456s] INFO:colcon.colcon_core.shell:Creating prefix util module '/home/hung/ws_offboard_control/src/install/_local_setup_util_ps1.py'
[40.459s] INFO:colcon.colcon_core.shell:Creating prefix chain script '/home/hung/ws_offboard_control/src/install/setup.ps1'
[40.460s] INFO:colcon.colcon_core.shell:Creating prefix script '/home/hung/ws_offboard_control/src/install/local_setup.sh'
[40.461s] INFO:colcon.colcon_core.shell:Creating prefix util module '/home/hung/ws_offboard_control/src/install/_local_setup_util_sh.py'
[40.467s] INFO:colcon.colcon_core.shell:Creating prefix chain script '/home/hung/ws_offboard_control/src/install/setup.sh'
[40.468s] INFO:colcon.colcon_core.shell:Creating prefix script '/home/hung/ws_offboard_control/src/install/local_setup.bash'
[40.469s] INFO:colcon.colcon_core.shell:Creating prefix chain script '/home/hung/ws_offboard_control/src/install/setup.bash'
[40.475s] INFO:colcon.colcon_core.shell:Creating prefix script '/home/hung/ws_offboard_control/src/install/local_setup.zsh'
[40.476s] INFO:colcon.colcon_core.shell:Creating prefix chain script '/home/hung/ws_offboard_control/src/install/setup.zsh'
