[0.355s] DEBUG:colcon:Command line arguments: ['/usr/bin/colcon', 'build']
[0.355s] DEBUG:colcon:Parsed command line arguments: Namespace(log_base=None, log_level=None, verb_name='build', build_base='build', install_base='install', merge_install=False, symlink_install=False, test_result_base=None, continue_on_error=False, executor='parallel', parallel_workers=12, event_handlers=None, ignore_user_meta=False, metas=['./colcon.meta'], base_paths=['.'], packages_ignore=None, packages_ignore_regex=None, paths=None, packages_up_to=None, packages_up_to_regex=None, packages_above=None, packages_above_and_dependencies=None, packages_above_depth=None, packages_select_by_dep=None, packages_skip_by_dep=None, packages_skip_up_to=None, packages_select_build_failed=False, packages_skip_build_finished=False, packages_select_test_failures=False, packages_skip_test_passed=False, packages_select=None, packages_skip=None, packages_select_regex=None, packages_skip_regex=None, packages_start=None, packages_end=None, allow_overriding=[], cmake_args=None, cmake_target=None, cmake_target_skip_unavailable=False, cmake_clean_cache=False, cmake_clean_first=False, cmake_force_configure=False, ament_cmake_args=None, catkin_cmake_args=None, catkin_skip_building_tests=False, verb_parser=<colcon_defaults.argument_parser.defaults.DefaultArgumentsDecorator object at 0x7d9a5b888170>, verb_extension=<colcon_core.verb.build.BuildVerb object at 0x7d9a5b9a4cb0>, main=<bound method BuildVerb.main of <colcon_core.verb.build.BuildVerb object at 0x7d9a5b9a4cb0>>)
[0.428s] Level 1:colcon.colcon_core.package_discovery:discover_packages(colcon_meta) check parameters
[0.428s] Level 1:colcon.colcon_core.package_discovery:discover_packages(recursive) check parameters
[0.428s] Level 1:colcon.colcon_core.package_discovery:discover_packages(ignore) check parameters
[0.428s] Level 1:colcon.colcon_core.package_discovery:discover_packages(path) check parameters
[0.428s] Level 1:colcon.colcon_core.package_discovery:discover_packages(colcon_meta) discover
[0.428s] Level 1:colcon.colcon_core.package_discovery:discover_packages(recursive) discover
[0.428s] INFO:colcon.colcon_core.package_discovery:Crawling recursively for packages in '/home/hung/ws_offboard_control/src'
[0.428s] Level 1:colcon.colcon_core.package_identification:_identify(.) by extensions ['ignore', 'ignore_ament_install']
[0.428s] Level 1:colcon.colcon_core.package_identification:_identify(.) by extension 'ignore'
[0.429s] Level 1:colcon.colcon_core.package_identification:_identify(.) by extension 'ignore_ament_install'
[0.429s] Level 1:colcon.colcon_core.package_identification:_identify(.) by extensions ['colcon_pkg']
[0.429s] Level 1:colcon.colcon_core.package_identification:_identify(.) by extension 'colcon_pkg'
[0.429s] Level 1:colcon.colcon_core.package_identification:_identify(.) by extensions ['colcon_meta']
[0.429s] Level 1:colcon.colcon_core.package_identification:_identify(.) by extension 'colcon_meta'
[0.429s] Level 1:colcon.colcon_core.package_identification:_identify(.) by extensions ['ros']
[0.429s] Level 1:colcon.colcon_core.package_identification:_identify(.) by extension 'ros'
[0.483s] Level 1:colcon.colcon_core.package_identification:_identify(.) by extensions ['cmake', 'python']
[0.483s] Level 1:colcon.colcon_core.package_identification:_identify(.) by extension 'cmake'
[0.483s] Level 1:colcon.colcon_core.package_identification:_identify(.) by extension 'python'
[0.483s] Level 1:colcon.colcon_core.package_identification:_identify(.) by extensions ['python_setup_py']
[0.483s] Level 1:colcon.colcon_core.package_identification:_identify(.) by extension 'python_setup_py'
[0.483s] Level 1:colcon.colcon_core.package_identification:_identify(build) by extensions ['ignore', 'ignore_ament_install']
[0.483s] Level 1:colcon.colcon_core.package_identification:_identify(build) by extension 'ignore'
[0.483s] Level 1:colcon.colcon_core.package_identification:_identify(build) ignored
[0.484s] Level 1:colcon.colcon_core.package_identification:_identify(install) by extensions ['ignore', 'ignore_ament_install']
[0.484s] Level 1:colcon.colcon_core.package_identification:_identify(install) by extension 'ignore'
[0.484s] Level 1:colcon.colcon_core.package_identification:_identify(install) ignored
[0.484s] Level 1:colcon.colcon_core.package_identification:_identify(log) by extensions ['ignore', 'ignore_ament_install']
[0.484s] Level 1:colcon.colcon_core.package_identification:_identify(log) by extension 'ignore'
[0.484s] Level 1:colcon.colcon_core.package_identification:_identify(log) ignored
[0.484s] Level 1:colcon.colcon_core.package_identification:_identify(px4_avoidance) by extensions ['ignore', 'ignore_ament_install']
[0.485s] Level 1:colcon.colcon_core.package_identification:_identify(px4_avoidance) by extension 'ignore'
[0.485s] Level 1:colcon.colcon_core.package_identification:_identify(px4_avoidance) by extension 'ignore_ament_install'
[0.485s] Level 1:colcon.colcon_core.package_identification:_identify(px4_avoidance) by extensions ['colcon_pkg']
[0.485s] Level 1:colcon.colcon_core.package_identification:_identify(px4_avoidance) by extension 'colcon_pkg'
[0.485s] Level 1:colcon.colcon_core.package_identification:_identify(px4_avoidance) by extensions ['colcon_meta']
[0.485s] Level 1:colcon.colcon_core.package_identification:_identify(px4_avoidance) by extension 'colcon_meta'
[0.485s] Level 1:colcon.colcon_core.package_identification:_identify(px4_avoidance) by extensions ['ros']
[0.485s] Level 1:colcon.colcon_core.package_identification:_identify(px4_avoidance) by extension 'ros'
[0.489s] DEBUG:colcon.colcon_core.package_identification:Package 'px4_avoidance' with type 'ros.ament_cmake' and name 'px4_avoidance'
[0.489s] Level 1:colcon.colcon_core.package_identification:_identify(px4_msgs) by extensions ['ignore', 'ignore_ament_install']
[0.489s] Level 1:colcon.colcon_core.package_identification:_identify(px4_msgs) by extension 'ignore'
[0.489s] Level 1:colcon.colcon_core.package_identification:_identify(px4_msgs) by extension 'ignore_ament_install'
[0.489s] Level 1:colcon.colcon_core.package_identification:_identify(px4_msgs) by extensions ['colcon_pkg']
[0.490s] Level 1:colcon.colcon_core.package_identification:_identify(px4_msgs) by extension 'colcon_pkg'
[0.490s] Level 1:colcon.colcon_core.package_identification:_identify(px4_msgs) by extensions ['colcon_meta']
[0.490s] Level 1:colcon.colcon_core.package_identification:_identify(px4_msgs) by extension 'colcon_meta'
[0.490s] Level 1:colcon.colcon_core.package_identification:_identify(px4_msgs) by extensions ['ros']
[0.490s] Level 1:colcon.colcon_core.package_identification:_identify(px4_msgs) by extension 'ros'
[0.491s] DEBUG:colcon.colcon_core.package_identification:Package 'px4_msgs' with type 'ros.ament_cmake' and name 'px4_msgs'
[0.491s] Level 1:colcon.colcon_core.package_discovery:discover_packages(recursive) using defaults
[0.491s] Level 1:colcon.colcon_core.package_discovery:discover_packages(ignore) discover
[0.491s] Level 1:colcon.colcon_core.package_discovery:discover_packages(ignore) using defaults
[0.491s] Level 1:colcon.colcon_core.package_discovery:discover_packages(path) discover
[0.491s] Level 1:colcon.colcon_core.package_discovery:discover_packages(path) using defaults
[0.526s] Level 1:colcon.colcon_core.package_discovery:discover_packages(prefix_path) check parameters
[0.526s] Level 1:colcon.colcon_core.package_discovery:discover_packages(prefix_path) discover
[0.531s] DEBUG:colcon.colcon_installed_package_information.package_discovery:Found 2 installed packages in /home/hung/ws_offboard_control/src/install
[0.535s] DEBUG:colcon.colcon_installed_package_information.package_discovery:Found 320 installed packages in /opt/ros/jazzy
[0.537s] Level 1:colcon.colcon_core.package_discovery:discover_packages(prefix_path) using defaults
[0.628s] Level 5:colcon.colcon_core.verb:set package 'px4_msgs' build argument 'cmake_args' from command line to 'None'
[0.628s] Level 5:colcon.colcon_core.verb:set package 'px4_msgs' build argument 'cmake_target' from command line to 'None'
[0.628s] Level 5:colcon.colcon_core.verb:set package 'px4_msgs' build argument 'cmake_target_skip_unavailable' from command line to 'False'
[0.628s] Level 5:colcon.colcon_core.verb:set package 'px4_msgs' build argument 'cmake_clean_cache' from command line to 'False'
[0.628s] Level 5:colcon.colcon_core.verb:set package 'px4_msgs' build argument 'cmake_clean_first' from command line to 'False'
[0.628s] Level 5:colcon.colcon_core.verb:set package 'px4_msgs' build argument 'cmake_force_configure' from command line to 'False'
[0.628s] Level 5:colcon.colcon_core.verb:set package 'px4_msgs' build argument 'ament_cmake_args' from command line to 'None'
[0.628s] Level 5:colcon.colcon_core.verb:set package 'px4_msgs' build argument 'catkin_cmake_args' from command line to 'None'
[0.628s] Level 5:colcon.colcon_core.verb:set package 'px4_msgs' build argument 'catkin_skip_building_tests' from command line to 'False'
[0.628s] DEBUG:colcon.colcon_core.verb:Building package 'px4_msgs' with the following arguments: {'ament_cmake_args': None, 'build_base': '/home/hung/ws_offboard_control/src/build/px4_msgs', 'catkin_cmake_args': None, 'catkin_skip_building_tests': False, 'cmake_args': None, 'cmake_clean_cache': False, 'cmake_clean_first': False, 'cmake_force_configure': False, 'cmake_target': None, 'cmake_target_skip_unavailable': False, 'install_base': '/home/hung/ws_offboard_control/src/install/px4_msgs', 'merge_install': False, 'path': '/home/hung/ws_offboard_control/src/px4_msgs', 'symlink_install': False, 'test_result_base': None}
[0.629s] Level 5:colcon.colcon_core.verb:set package 'px4_avoidance' build argument 'cmake_args' from command line to 'None'
[0.629s] Level 5:colcon.colcon_core.verb:set package 'px4_avoidance' build argument 'cmake_target' from command line to 'None'
[0.629s] Level 5:colcon.colcon_core.verb:set package 'px4_avoidance' build argument 'cmake_target_skip_unavailable' from command line to 'False'
[0.629s] Level 5:colcon.colcon_core.verb:set package 'px4_avoidance' build argument 'cmake_clean_cache' from command line to 'False'
[0.629s] Level 5:colcon.colcon_core.verb:set package 'px4_avoidance' build argument 'cmake_clean_first' from command line to 'False'
[0.629s] Level 5:colcon.colcon_core.verb:set package 'px4_avoidance' build argument 'cmake_force_configure' from command line to 'False'
[0.629s] Level 5:colcon.colcon_core.verb:set package 'px4_avoidance' build argument 'ament_cmake_args' from command line to 'None'
[0.629s] Level 5:colcon.colcon_core.verb:set package 'px4_avoidance' build argument 'catkin_cmake_args' from command line to 'None'
[0.629s] Level 5:colcon.colcon_core.verb:set package 'px4_avoidance' build argument 'catkin_skip_building_tests' from command line to 'False'
[0.630s] DEBUG:colcon.colcon_core.verb:Building package 'px4_avoidance' with the following arguments: {'ament_cmake_args': None, 'build_base': '/home/hung/ws_offboard_control/src/build/px4_avoidance', 'catkin_cmake_args': None, 'catkin_skip_building_tests': False, 'cmake_args': None, 'cmake_clean_cache': False, 'cmake_clean_first': False, 'cmake_force_configure': False, 'cmake_target': None, 'cmake_target_skip_unavailable': False, 'install_base': '/home/hung/ws_offboard_control/src/install/px4_avoidance', 'merge_install': False, 'path': '/home/hung/ws_offboard_control/src/px4_avoidance', 'symlink_install': False, 'test_result_base': None}
[0.630s] INFO:colcon.colcon_core.executor:Executing jobs using 'parallel' executor
[0.631s] DEBUG:colcon.colcon_parallel_executor.executor.parallel:run_until_complete
[0.631s] INFO:colcon.colcon_ros.task.ament_cmake.build:Building ROS package in '/home/hung/ws_offboard_control/src/px4_msgs' with build type 'ament_cmake'
[0.631s] INFO:colcon.colcon_cmake.task.cmake.build:Building CMake package in '/home/hung/ws_offboard_control/src/px4_msgs'
[0.636s] INFO:colcon.colcon_core.plugin_system:Skipping extension 'colcon_core.shell.bat': Not used on non-Windows systems
[0.636s] INFO:colcon.colcon_core.shell:Skip shell extension 'powershell' for command environment: Not usable outside of PowerShell
[0.636s] DEBUG:colcon.colcon_core.shell:Skip shell extension 'dsv' for command environment
[0.656s] DEBUG:colcon.colcon_core.event_handler.log_command:Invoking command in '/home/hung/ws_offboard_control/src/build/px4_msgs': CMAKE_PREFIX_PATH=${CMAKE_PREFIX_PATH}:/opt/ros/jazzy DEBUGINFOD_URLS=https://debuginfod.ubuntu.com /usr/bin/cmake --build /home/hung/ws_offboard_control/src/build/px4_msgs -- -j12 -l12
[5.443s] DEBUG:colcon.colcon_core.event_handler.log_command:Invoked command in '/home/hung/ws_offboard_control/src/build/px4_msgs' returned '0': CMAKE_PREFIX_PATH=${CMAKE_PREFIX_PATH}:/opt/ros/jazzy DEBUGINFOD_URLS=https://debuginfod.ubuntu.com /usr/bin/cmake --build /home/hung/ws_offboard_control/src/build/px4_msgs -- -j12 -l12
[5.469s] DEBUG:colcon.colcon_core.event_handler.log_command:Invoking command in '/home/hung/ws_offboard_control/src/build/px4_msgs': CMAKE_PREFIX_PATH=${CMAKE_PREFIX_PATH}:/opt/ros/jazzy DEBUGINFOD_URLS=https://debuginfod.ubuntu.com /usr/bin/cmake --install /home/hung/ws_offboard_control/src/build/px4_msgs
[6.926s] Level 1:colcon.colcon_core.environment:create_environment_scripts_only(px4_msgs)
[6.926s] DEBUG:colcon.colcon_core.event_handler.log_command:Invoked command in '/home/hung/ws_offboard_control/src/build/px4_msgs' returned '0': CMAKE_PREFIX_PATH=${CMAKE_PREFIX_PATH}:/opt/ros/jazzy DEBUGINFOD_URLS=https://debuginfod.ubuntu.com /usr/bin/cmake --install /home/hung/ws_offboard_control/src/build/px4_msgs
[6.931s] Level 1:colcon.colcon_core.environment:checking '/home/hung/ws_offboard_control/src/install/px4_msgs' for CMake module files
[6.932s] Level 1:colcon.colcon_core.environment:checking '/home/hung/ws_offboard_control/src/install/px4_msgs' for CMake config files
[6.932s] Level 1:colcon.colcon_core.shell:create_environment_hook('px4_msgs', 'cmake_prefix_path')
[6.932s] INFO:colcon.colcon_core.shell:Creating environment hook '/home/hung/ws_offboard_control/src/install/px4_msgs/share/px4_msgs/hook/cmake_prefix_path.ps1'
[6.933s] INFO:colcon.colcon_core.shell:Creating environment descriptor '/home/hung/ws_offboard_control/src/install/px4_msgs/share/px4_msgs/hook/cmake_prefix_path.dsv'
[6.934s] INFO:colcon.colcon_core.shell:Creating environment hook '/home/hung/ws_offboard_control/src/install/px4_msgs/share/px4_msgs/hook/cmake_prefix_path.sh'
[6.935s] Level 1:colcon.colcon_core.environment:checking '/home/hung/ws_offboard_control/src/install/px4_msgs/lib'
[6.935s] Level 1:colcon.colcon_core.shell:create_environment_hook('px4_msgs', 'ld_library_path_lib')
[6.935s] INFO:colcon.colcon_core.shell:Creating environment hook '/home/hung/ws_offboard_control/src/install/px4_msgs/share/px4_msgs/hook/ld_library_path_lib.ps1'
[6.936s] INFO:colcon.colcon_core.shell:Creating environment descriptor '/home/hung/ws_offboard_control/src/install/px4_msgs/share/px4_msgs/hook/ld_library_path_lib.dsv'
[6.937s] INFO:colcon.colcon_core.shell:Creating environment hook '/home/hung/ws_offboard_control/src/install/px4_msgs/share/px4_msgs/hook/ld_library_path_lib.sh'
[6.937s] Level 1:colcon.colcon_core.environment:checking '/home/hung/ws_offboard_control/src/install/px4_msgs/bin'
[6.945s] Level 1:colcon.colcon_core.environment:checking '/home/hung/ws_offboard_control/src/install/px4_msgs/lib/pkgconfig/px4_msgs.pc'
[6.946s] Level 1:colcon.colcon_core.environment:checking '/home/hung/ws_offboard_control/src/install/px4_msgs/lib/python3.12/site-packages'
[6.946s] Level 1:colcon.colcon_core.shell:create_environment_hook('px4_msgs', 'pythonpath')
[6.947s] INFO:colcon.colcon_core.shell:Creating environment hook '/home/hung/ws_offboard_control/src/install/px4_msgs/share/px4_msgs/hook/pythonpath.ps1'
[6.948s] INFO:colcon.colcon_core.shell:Creating environment descriptor '/home/hung/ws_offboard_control/src/install/px4_msgs/share/px4_msgs/hook/pythonpath.dsv'
[6.948s] INFO:colcon.colcon_core.shell:Creating environment hook '/home/hung/ws_offboard_control/src/install/px4_msgs/share/px4_msgs/hook/pythonpath.sh'
[6.949s] Level 1:colcon.colcon_core.environment:checking '/home/hung/ws_offboard_control/src/install/px4_msgs/bin'
[6.950s] INFO:colcon.colcon_core.shell:Creating package script '/home/hung/ws_offboard_control/src/install/px4_msgs/share/px4_msgs/package.ps1'
[6.951s] INFO:colcon.colcon_core.shell:Creating package descriptor '/home/hung/ws_offboard_control/src/install/px4_msgs/share/px4_msgs/package.dsv'
[6.952s] INFO:colcon.colcon_core.shell:Creating package script '/home/hung/ws_offboard_control/src/install/px4_msgs/share/px4_msgs/package.sh'
[6.953s] INFO:colcon.colcon_core.shell:Creating package script '/home/hung/ws_offboard_control/src/install/px4_msgs/share/px4_msgs/package.bash'
[6.953s] INFO:colcon.colcon_core.shell:Creating package script '/home/hung/ws_offboard_control/src/install/px4_msgs/share/px4_msgs/package.zsh'
[6.954s] Level 1:colcon.colcon_core.environment:create_file_with_runtime_dependencies(/home/hung/ws_offboard_control/src/install/px4_msgs/share/colcon-core/packages/px4_msgs)
[6.956s] Level 1:colcon.colcon_core.environment:create_environment_scripts_only(px4_msgs)
[6.956s] Level 1:colcon.colcon_core.environment:checking '/home/hung/ws_offboard_control/src/install/px4_msgs' for CMake module files
[6.957s] Level 1:colcon.colcon_core.environment:checking '/home/hung/ws_offboard_control/src/install/px4_msgs' for CMake config files
[6.957s] Level 1:colcon.colcon_core.shell:create_environment_hook('px4_msgs', 'cmake_prefix_path')
[6.957s] INFO:colcon.colcon_core.shell:Creating environment hook '/home/hung/ws_offboard_control/src/install/px4_msgs/share/px4_msgs/hook/cmake_prefix_path.ps1'
[6.958s] INFO:colcon.colcon_core.shell:Creating environment descriptor '/home/hung/ws_offboard_control/src/install/px4_msgs/share/px4_msgs/hook/cmake_prefix_path.dsv'
[6.958s] INFO:colcon.colcon_core.shell:Creating environment hook '/home/hung/ws_offboard_control/src/install/px4_msgs/share/px4_msgs/hook/cmake_prefix_path.sh'
[6.959s] Level 1:colcon.colcon_core.environment:checking '/home/hung/ws_offboard_control/src/install/px4_msgs/lib'
[6.959s] Level 1:colcon.colcon_core.shell:create_environment_hook('px4_msgs', 'ld_library_path_lib')
[6.959s] INFO:colcon.colcon_core.shell:Creating environment hook '/home/hung/ws_offboard_control/src/install/px4_msgs/share/px4_msgs/hook/ld_library_path_lib.ps1'
[6.960s] INFO:colcon.colcon_core.shell:Creating environment descriptor '/home/hung/ws_offboard_control/src/install/px4_msgs/share/px4_msgs/hook/ld_library_path_lib.dsv'
[6.960s] INFO:colcon.colcon_core.shell:Creating environment hook '/home/hung/ws_offboard_control/src/install/px4_msgs/share/px4_msgs/hook/ld_library_path_lib.sh'
[6.961s] Level 1:colcon.colcon_core.environment:checking '/home/hung/ws_offboard_control/src/install/px4_msgs/bin'
[6.961s] Level 1:colcon.colcon_core.environment:checking '/home/hung/ws_offboard_control/src/install/px4_msgs/lib/pkgconfig/px4_msgs.pc'
[6.961s] Level 1:colcon.colcon_core.environment:checking '/home/hung/ws_offboard_control/src/install/px4_msgs/lib/python3.12/site-packages'
[6.962s] Level 1:colcon.colcon_core.shell:create_environment_hook('px4_msgs', 'pythonpath')
[6.962s] INFO:colcon.colcon_core.shell:Creating environment hook '/home/hung/ws_offboard_control/src/install/px4_msgs/share/px4_msgs/hook/pythonpath.ps1'
[6.963s] INFO:colcon.colcon_core.shell:Creating environment descriptor '/home/hung/ws_offboard_control/src/install/px4_msgs/share/px4_msgs/hook/pythonpath.dsv'
[6.963s] INFO:colcon.colcon_core.shell:Creating environment hook '/home/hung/ws_offboard_control/src/install/px4_msgs/share/px4_msgs/hook/pythonpath.sh'
[6.965s] Level 1:colcon.colcon_core.environment:checking '/home/hung/ws_offboard_control/src/install/px4_msgs/bin'
[6.966s] INFO:colcon.colcon_core.shell:Creating package script '/home/hung/ws_offboard_control/src/install/px4_msgs/share/px4_msgs/package.ps1'
[6.967s] INFO:colcon.colcon_core.shell:Creating package descriptor '/home/hung/ws_offboard_control/src/install/px4_msgs/share/px4_msgs/package.dsv'
[6.967s] INFO:colcon.colcon_core.shell:Creating package script '/home/hung/ws_offboard_control/src/install/px4_msgs/share/px4_msgs/package.sh'
[6.968s] INFO:colcon.colcon_core.shell:Creating package script '/home/hung/ws_offboard_control/src/install/px4_msgs/share/px4_msgs/package.bash'
[6.969s] INFO:colcon.colcon_core.shell:Creating package script '/home/hung/ws_offboard_control/src/install/px4_msgs/share/px4_msgs/package.zsh'
[6.970s] Level 1:colcon.colcon_core.environment:create_file_with_runtime_dependencies(/home/hung/ws_offboard_control/src/install/px4_msgs/share/colcon-core/packages/px4_msgs)
[6.970s] INFO:colcon.colcon_ros.task.ament_cmake.build:Building ROS package in '/home/hung/ws_offboard_control/src/px4_avoidance' with build type 'ament_cmake'
[6.970s] INFO:colcon.colcon_cmake.task.cmake.build:Building CMake package in '/home/hung/ws_offboard_control/src/px4_avoidance'
[6.971s] INFO:colcon.colcon_core.shell:Skip shell extension 'powershell' for command environment: Not usable outside of PowerShell
[6.971s] DEBUG:colcon.colcon_core.shell:Skip shell extension 'dsv' for command environment
[7.324s] DEBUG:colcon.colcon_core.event_handler.log_command:Invoking command in '/home/hung/ws_offboard_control/src/build/px4_avoidance': CMAKE_PREFIX_PATH=/home/hung/ws_offboard_control/src/install/px4_msgs:/home/hung/ws_offboard_control/src/install/px4_avoidance:/opt/ros/jazzy/opt/gz_sim_vendor:/opt/ros/jazzy/opt/gz_sensors_vendor:/opt/ros/jazzy/opt/gz_physics_vendor:/opt/ros/jazzy/opt/sdformat_vendor:/opt/ros/jazzy/opt/gz_gui_vendor:/opt/ros/jazzy/opt/gz_transport_vendor:/opt/ros/jazzy/opt/gz_rendering_vendor:/opt/ros/jazzy/opt/gz_plugin_vendor:/opt/ros/jazzy/opt/gz_fuel_tools_vendor:/opt/ros/jazzy/opt/gz_msgs_vendor:/opt/ros/jazzy/opt/gz_common_vendor:/opt/ros/jazzy/opt/gz_math_vendor:/opt/ros/jazzy/opt/gz_utils_vendor:/opt/ros/jazzy/opt/gz_tools_vendor:/opt/ros/jazzy/opt/gz_ogre_next_vendor:/opt/ros/jazzy/opt/gz_dartsim_vendor:/opt/ros/jazzy/opt/gz_cmake_vendor:/opt/ros/jazzy DEBUGINFOD_URLS=https://debuginfod.ubuntu.com /usr/bin/cmake --build /home/hung/ws_offboard_control/src/build/px4_avoidance -- -j12 -l12
[9.744s] DEBUG:colcon.colcon_core.event_handler.log_command:Invoked command in '/home/hung/ws_offboard_control/src/build/px4_avoidance' returned '0': CMAKE_PREFIX_PATH=/home/hung/ws_offboard_control/src/install/px4_msgs:/home/hung/ws_offboard_control/src/install/px4_avoidance:/opt/ros/jazzy/opt/gz_sim_vendor:/opt/ros/jazzy/opt/gz_sensors_vendor:/opt/ros/jazzy/opt/gz_physics_vendor:/opt/ros/jazzy/opt/sdformat_vendor:/opt/ros/jazzy/opt/gz_gui_vendor:/opt/ros/jazzy/opt/gz_transport_vendor:/opt/ros/jazzy/opt/gz_rendering_vendor:/opt/ros/jazzy/opt/gz_plugin_vendor:/opt/ros/jazzy/opt/gz_fuel_tools_vendor:/opt/ros/jazzy/opt/gz_msgs_vendor:/opt/ros/jazzy/opt/gz_common_vendor:/opt/ros/jazzy/opt/gz_math_vendor:/opt/ros/jazzy/opt/gz_utils_vendor:/opt/ros/jazzy/opt/gz_tools_vendor:/opt/ros/jazzy/opt/gz_ogre_next_vendor:/opt/ros/jazzy/opt/gz_dartsim_vendor:/opt/ros/jazzy/opt/gz_cmake_vendor:/opt/ros/jazzy DEBUGINFOD_URLS=https://debuginfod.ubuntu.com /usr/bin/cmake --build /home/hung/ws_offboard_control/src/build/px4_avoidance -- -j12 -l12
[9.748s] DEBUG:colcon.colcon_core.event_handler.log_command:Invoking command in '/home/hung/ws_offboard_control/src/build/px4_avoidance': CMAKE_PREFIX_PATH=/home/hung/ws_offboard_control/src/install/px4_msgs:/home/hung/ws_offboard_control/src/install/px4_avoidance:/opt/ros/jazzy/opt/gz_sim_vendor:/opt/ros/jazzy/opt/gz_sensors_vendor:/opt/ros/jazzy/opt/gz_physics_vendor:/opt/ros/jazzy/opt/sdformat_vendor:/opt/ros/jazzy/opt/gz_gui_vendor:/opt/ros/jazzy/opt/gz_transport_vendor:/opt/ros/jazzy/opt/gz_rendering_vendor:/opt/ros/jazzy/opt/gz_plugin_vendor:/opt/ros/jazzy/opt/gz_fuel_tools_vendor:/opt/ros/jazzy/opt/gz_msgs_vendor:/opt/ros/jazzy/opt/gz_common_vendor:/opt/ros/jazzy/opt/gz_math_vendor:/opt/ros/jazzy/opt/gz_utils_vendor:/opt/ros/jazzy/opt/gz_tools_vendor:/opt/ros/jazzy/opt/gz_ogre_next_vendor:/opt/ros/jazzy/opt/gz_dartsim_vendor:/opt/ros/jazzy/opt/gz_cmake_vendor:/opt/ros/jazzy DEBUGINFOD_URLS=https://debuginfod.ubuntu.com /usr/bin/cmake --install /home/hung/ws_offboard_control/src/build/px4_avoidance
[9.809s] Level 1:colcon.colcon_core.environment:create_environment_scripts_only(px4_avoidance)
[9.809s] Level 1:colcon.colcon_core.environment:checking '/home/hung/ws_offboard_control/src/install/px4_avoidance' for CMake module files
[9.810s] DEBUG:colcon.colcon_core.event_handler.log_command:Invoked command in '/home/hung/ws_offboard_control/src/build/px4_avoidance' returned '0': CMAKE_PREFIX_PATH=/home/hung/ws_offboard_control/src/install/px4_msgs:/home/hung/ws_offboard_control/src/install/px4_avoidance:/opt/ros/jazzy/opt/gz_sim_vendor:/opt/ros/jazzy/opt/gz_sensors_vendor:/opt/ros/jazzy/opt/gz_physics_vendor:/opt/ros/jazzy/opt/sdformat_vendor:/opt/ros/jazzy/opt/gz_gui_vendor:/opt/ros/jazzy/opt/gz_transport_vendor:/opt/ros/jazzy/opt/gz_rendering_vendor:/opt/ros/jazzy/opt/gz_plugin_vendor:/opt/ros/jazzy/opt/gz_fuel_tools_vendor:/opt/ros/jazzy/opt/gz_msgs_vendor:/opt/ros/jazzy/opt/gz_common_vendor:/opt/ros/jazzy/opt/gz_math_vendor:/opt/ros/jazzy/opt/gz_utils_vendor:/opt/ros/jazzy/opt/gz_tools_vendor:/opt/ros/jazzy/opt/gz_ogre_next_vendor:/opt/ros/jazzy/opt/gz_dartsim_vendor:/opt/ros/jazzy/opt/gz_cmake_vendor:/opt/ros/jazzy DEBUGINFOD_URLS=https://debuginfod.ubuntu.com /usr/bin/cmake --install /home/hung/ws_offboard_control/src/build/px4_avoidance
[9.811s] Level 1:colcon.colcon_core.environment:checking '/home/hung/ws_offboard_control/src/install/px4_avoidance' for CMake config files
[9.811s] Level 1:colcon.colcon_core.shell:create_environment_hook('px4_avoidance', 'cmake_prefix_path')
[9.812s] INFO:colcon.colcon_core.shell:Creating environment hook '/home/hung/ws_offboard_control/src/install/px4_avoidance/share/px4_avoidance/hook/cmake_prefix_path.ps1'
[9.813s] INFO:colcon.colcon_core.shell:Creating environment descriptor '/home/hung/ws_offboard_control/src/install/px4_avoidance/share/px4_avoidance/hook/cmake_prefix_path.dsv'
[9.814s] INFO:colcon.colcon_core.shell:Creating environment hook '/home/hung/ws_offboard_control/src/install/px4_avoidance/share/px4_avoidance/hook/cmake_prefix_path.sh'
[9.816s] Level 1:colcon.colcon_core.environment:checking '/home/hung/ws_offboard_control/src/install/px4_avoidance/lib'
[9.816s] Level 1:colcon.colcon_core.environment:checking '/home/hung/ws_offboard_control/src/install/px4_avoidance/bin'
[9.817s] Level 1:colcon.colcon_core.environment:checking '/home/hung/ws_offboard_control/src/install/px4_avoidance/lib/pkgconfig/px4_avoidance.pc'
[9.817s] Level 1:colcon.colcon_core.environment:checking '/home/hung/ws_offboard_control/src/install/px4_avoidance/lib/python3.12/site-packages'
[9.818s] Level 1:colcon.colcon_core.environment:checking '/home/hung/ws_offboard_control/src/install/px4_avoidance/bin'
[9.818s] INFO:colcon.colcon_core.shell:Creating package script '/home/hung/ws_offboard_control/src/install/px4_avoidance/share/px4_avoidance/package.ps1'
[9.819s] INFO:colcon.colcon_core.shell:Creating package descriptor '/home/hung/ws_offboard_control/src/install/px4_avoidance/share/px4_avoidance/package.dsv'
[9.820s] INFO:colcon.colcon_core.shell:Creating package script '/home/hung/ws_offboard_control/src/install/px4_avoidance/share/px4_avoidance/package.sh'
[9.820s] INFO:colcon.colcon_core.shell:Creating package script '/home/hung/ws_offboard_control/src/install/px4_avoidance/share/px4_avoidance/package.bash'
[9.821s] INFO:colcon.colcon_core.shell:Creating package script '/home/hung/ws_offboard_control/src/install/px4_avoidance/share/px4_avoidance/package.zsh'
[9.822s] Level 1:colcon.colcon_core.environment:create_file_with_runtime_dependencies(/home/hung/ws_offboard_control/src/install/px4_avoidance/share/colcon-core/packages/px4_avoidance)
[9.824s] Level 1:colcon.colcon_core.environment:create_environment_scripts_only(px4_avoidance)
[9.824s] Level 1:colcon.colcon_core.environment:checking '/home/hung/ws_offboard_control/src/install/px4_avoidance' for CMake module files
[9.825s] Level 1:colcon.colcon_core.environment:checking '/home/hung/ws_offboard_control/src/install/px4_avoidance' for CMake config files
[9.826s] Level 1:colcon.colcon_core.shell:create_environment_hook('px4_avoidance', 'cmake_prefix_path')
[9.826s] INFO:colcon.colcon_core.shell:Creating environment hook '/home/hung/ws_offboard_control/src/install/px4_avoidance/share/px4_avoidance/hook/cmake_prefix_path.ps1'
[9.829s] INFO:colcon.colcon_core.shell:Creating environment descriptor '/home/hung/ws_offboard_control/src/install/px4_avoidance/share/px4_avoidance/hook/cmake_prefix_path.dsv'
[9.830s] INFO:colcon.colcon_core.shell:Creating environment hook '/home/hung/ws_offboard_control/src/install/px4_avoidance/share/px4_avoidance/hook/cmake_prefix_path.sh'
[9.832s] Level 1:colcon.colcon_core.environment:checking '/home/hung/ws_offboard_control/src/install/px4_avoidance/lib'
[9.832s] Level 1:colcon.colcon_core.environment:checking '/home/hung/ws_offboard_control/src/install/px4_avoidance/bin'
[9.832s] Level 1:colcon.colcon_core.environment:checking '/home/hung/ws_offboard_control/src/install/px4_avoidance/lib/pkgconfig/px4_avoidance.pc'
[9.833s] Level 1:colcon.colcon_core.environment:checking '/home/hung/ws_offboard_control/src/install/px4_avoidance/lib/python3.12/site-packages'
[9.834s] Level 1:colcon.colcon_core.environment:checking '/home/hung/ws_offboard_control/src/install/px4_avoidance/bin'
[9.835s] INFO:colcon.colcon_core.shell:Creating package script '/home/hung/ws_offboard_control/src/install/px4_avoidance/share/px4_avoidance/package.ps1'
[9.836s] INFO:colcon.colcon_core.shell:Creating package descriptor '/home/hung/ws_offboard_control/src/install/px4_avoidance/share/px4_avoidance/package.dsv'
[9.837s] INFO:colcon.colcon_core.shell:Creating package script '/home/hung/ws_offboard_control/src/install/px4_avoidance/share/px4_avoidance/package.sh'
[9.838s] INFO:colcon.colcon_core.shell:Creating package script '/home/hung/ws_offboard_control/src/install/px4_avoidance/share/px4_avoidance/package.bash'
[9.839s] INFO:colcon.colcon_core.shell:Creating package script '/home/hung/ws_offboard_control/src/install/px4_avoidance/share/px4_avoidance/package.zsh'
[9.839s] Level 1:colcon.colcon_core.environment:create_file_with_runtime_dependencies(/home/hung/ws_offboard_control/src/install/px4_avoidance/share/colcon-core/packages/px4_avoidance)
[9.839s] DEBUG:colcon.colcon_parallel_executor.executor.parallel:closing loop
[9.840s] DEBUG:colcon.colcon_parallel_executor.executor.parallel:loop closed
[9.840s] DEBUG:colcon.colcon_parallel_executor.executor.parallel:run_until_complete finished with '0'
[9.840s] DEBUG:colcon.colcon_core.event_reactor:joining thread
[9.933s] INFO:colcon.colcon_core.plugin_system:Skipping extension 'colcon_notification.desktop_notification.notify_send': Could not find 'notify-send'
[9.933s] INFO:colcon.colcon_core.plugin_system:Skipping extension 'colcon_notification.desktop_notification.terminal_notifier': Not used on non-Darwin systems
[9.933s] INFO:colcon.colcon_core.plugin_system:Skipping extension 'colcon_notification.desktop_notification.win32': Not used on non-Windows systems
[9.933s] INFO:colcon.colcon_notification.desktop_notification:Sending desktop notification using 'notify2'
[9.935s] DEBUG:colcon.colcon_notification.desktop_notification.notify2:Failed to initialize notify2: org.freedesktop.DBus.Error.ServiceUnknown: The name org.freedesktop.Notifications was not provided by any .service files
[9.935s] DEBUG:colcon.colcon_core.event_reactor:joined thread
[9.935s] INFO:colcon.colcon_core.shell:Creating prefix script '/home/hung/ws_offboard_control/src/install/local_setup.ps1'
[9.936s] INFO:colcon.colcon_core.shell:Creating prefix util module '/home/hung/ws_offboard_control/src/install/_local_setup_util_ps1.py'
[9.937s] INFO:colcon.colcon_core.shell:Creating prefix chain script '/home/hung/ws_offboard_control/src/install/setup.ps1'
[9.939s] INFO:colcon.colcon_core.shell:Creating prefix script '/home/hung/ws_offboard_control/src/install/local_setup.sh'
[9.939s] INFO:colcon.colcon_core.shell:Creating prefix util module '/home/hung/ws_offboard_control/src/install/_local_setup_util_sh.py'
[9.940s] INFO:colcon.colcon_core.shell:Creating prefix chain script '/home/hung/ws_offboard_control/src/install/setup.sh'
[9.941s] INFO:colcon.colcon_core.shell:Creating prefix script '/home/hung/ws_offboard_control/src/install/local_setup.bash'
[9.942s] INFO:colcon.colcon_core.shell:Creating prefix chain script '/home/hung/ws_offboard_control/src/install/setup.bash'
[9.944s] INFO:colcon.colcon_core.shell:Creating prefix script '/home/hung/ws_offboard_control/src/install/local_setup.zsh'
[9.945s] INFO:colcon.colcon_core.shell:Creating prefix chain script '/home/hung/ws_offboard_control/src/install/setup.zsh'
