[0.213s] Invoking command in '/home/hung/ws_offboard_control/src/build/px4_avoidance': AMENT_PREFIX_PATH=/home/hung/ws_offboard_control/src/install/px4_msgs:${AMENT_PREFIX_PATH} CMAKE_PREFIX_PATH=/home/hung/ws_offboard_control/src/install/px4_msgs:/opt/ros/jazzy/opt/gz_sim_vendor:/opt/ros/jazzy/opt/gz_sensors_vendor:/opt/ros/jazzy/opt/gz_physics_vendor:/opt/ros/jazzy/opt/sdformat_vendor:/opt/ros/jazzy/opt/gz_gui_vendor:/opt/ros/jazzy/opt/gz_transport_vendor:/opt/ros/jazzy/opt/gz_rendering_vendor:/opt/ros/jazzy/opt/gz_plugin_vendor:/opt/ros/jazzy/opt/gz_fuel_tools_vendor:/opt/ros/jazzy/opt/gz_msgs_vendor:/opt/ros/jazzy/opt/gz_common_vendor:/opt/ros/jazzy/opt/gz_math_vendor:/opt/ros/jazzy/opt/gz_utils_vendor:/opt/ros/jazzy/opt/gz_tools_vendor:/opt/ros/jazzy/opt/gz_ogre_next_vendor:/opt/ros/jazzy/opt/gz_dartsim_vendor:/opt/ros/jazzy/opt/gz_cmake_vendor:/opt/ros/jazzy DEBUGINFOD_URLS=https://debuginfod.ubuntu.com LD_LIBRARY_PATH=/home/hung/ws_offboard_control/src/install/px4_msgs/lib:${LD_LIBRARY_PATH} PYTHONPATH=/home/hung/ws_offboard_control/src/install/px4_msgs/lib/python3.12/site-packages:${PYTHONPATH} /usr/bin/cmake --build /home/hung/ws_offboard_control/src/build/px4_avoidance -- -j12 -l12
[0.384s] [ 10%] [32mBuilding CXX object CMakeFiles/vfh_star_node.dir/src/binary_histogram.cpp.o[0m
[0.392s] [ 30%] Built target odom_tf
[0.399s] [ 40%] [32mBuilding CXX object CMakeFiles/vfh_star_node.dir/src/vfh_star_node.cpp.o[0m
[0.401s] [ 50%] [32mBuilding CXX object CMakeFiles/vfh_star_node.dir/src/candidate_search.cpp.o[0m
[4.419s] [01m[K/home/hung/ws_offboard_control/src/px4_avoidance/src/vfh_star_node.cpp:[m[K In member function тАШ[01m[Kvoid VFHStarNode::[01;32m[KpublishPolarHistogram[m[K()[m[KтАЩ:
[4.419s] [01m[K/home/hung/ws_offboard_control/src/px4_avoidance/src/vfh_star_node.cpp:251:20:[m[K [01;35m[Kwarning: [m[Kunused variable тАШ[01m[Klength[m[KтАЩ [[01;35m[K]8;;https://gcc.gnu.org/onlinedocs/gcc/Warning-Options.html#index-Wunused-variable-Wunused-variable]8;;[m[K]
[4.419s]   251 |             double [01;35m[Klength[m[K = polar_hist_.hist[k] * 0.1;
[4.419s]       |                    [01;35m[K^~~~~~[m[K
[17.824s] [ 60%] [32m[1mLinking CXX executable vfh_star_node[0m
[18.909s] [100%] Built target vfh_star_node
[18.934s] Invoked command in '/home/hung/ws_offboard_control/src/build/px4_avoidance' returned '0': AMENT_PREFIX_PATH=/home/hung/ws_offboard_control/src/install/px4_msgs:${AMENT_PREFIX_PATH} CMAKE_PREFIX_PATH=/home/hung/ws_offboard_control/src/install/px4_msgs:/opt/ros/jazzy/opt/gz_sim_vendor:/opt/ros/jazzy/opt/gz_sensors_vendor:/opt/ros/jazzy/opt/gz_physics_vendor:/opt/ros/jazzy/opt/sdformat_vendor:/opt/ros/jazzy/opt/gz_gui_vendor:/opt/ros/jazzy/opt/gz_transport_vendor:/opt/ros/jazzy/opt/gz_rendering_vendor:/opt/ros/jazzy/opt/gz_plugin_vendor:/opt/ros/jazzy/opt/gz_fuel_tools_vendor:/opt/ros/jazzy/opt/gz_msgs_vendor:/opt/ros/jazzy/opt/gz_common_vendor:/opt/ros/jazzy/opt/gz_math_vendor:/opt/ros/jazzy/opt/gz_utils_vendor:/opt/ros/jazzy/opt/gz_tools_vendor:/opt/ros/jazzy/opt/gz_ogre_next_vendor:/opt/ros/jazzy/opt/gz_dartsim_vendor:/opt/ros/jazzy/opt/gz_cmake_vendor:/opt/ros/jazzy DEBUGINFOD_URLS=https://debuginfod.ubuntu.com LD_LIBRARY_PATH=/home/hung/ws_offboard_control/src/install/px4_msgs/lib:${LD_LIBRARY_PATH} PYTHONPATH=/home/hung/ws_offboard_control/src/install/px4_msgs/lib/python3.12/site-packages:${PYTHONPATH} /usr/bin/cmake --build /home/hung/ws_offboard_control/src/build/px4_avoidance -- -j12 -l12
[18.936s] Invoking command in '/home/hung/ws_offboard_control/src/build/px4_avoidance': AMENT_PREFIX_PATH=/home/hung/ws_offboard_control/src/install/px4_msgs:${AMENT_PREFIX_PATH} CMAKE_PREFIX_PATH=/home/hung/ws_offboard_control/src/install/px4_msgs:/opt/ros/jazzy/opt/gz_sim_vendor:/opt/ros/jazzy/opt/gz_sensors_vendor:/opt/ros/jazzy/opt/gz_physics_vendor:/opt/ros/jazzy/opt/sdformat_vendor:/opt/ros/jazzy/opt/gz_gui_vendor:/opt/ros/jazzy/opt/gz_transport_vendor:/opt/ros/jazzy/opt/gz_rendering_vendor:/opt/ros/jazzy/opt/gz_plugin_vendor:/opt/ros/jazzy/opt/gz_fuel_tools_vendor:/opt/ros/jazzy/opt/gz_msgs_vendor:/opt/ros/jazzy/opt/gz_common_vendor:/opt/ros/jazzy/opt/gz_math_vendor:/opt/ros/jazzy/opt/gz_utils_vendor:/opt/ros/jazzy/opt/gz_tools_vendor:/opt/ros/jazzy/opt/gz_ogre_next_vendor:/opt/ros/jazzy/opt/gz_dartsim_vendor:/opt/ros/jazzy/opt/gz_cmake_vendor:/opt/ros/jazzy DEBUGINFOD_URLS=https://debuginfod.ubuntu.com LD_LIBRARY_PATH=/home/hung/ws_offboard_control/src/install/px4_msgs/lib:${LD_LIBRARY_PATH} PYTHONPATH=/home/hung/ws_offboard_control/src/install/px4_msgs/lib/python3.12/site-packages:${PYTHONPATH} /usr/bin/cmake --install /home/hung/ws_offboard_control/src/build/px4_avoidance
[18.949s] -- Install configuration: ""
[18.951s] -- Installing: /home/hung/ws_offboard_control/src/install/px4_avoidance/lib/px4_avoidance/vfh_star_node
[18.972s] -- Set non-toolchain portion of runtime path of "/home/hung/ws_offboard_control/src/install/px4_avoidance/lib/px4_avoidance/vfh_star_node" to ""
[18.972s] -- Up-to-date: /home/hung/ws_offboard_control/src/install/px4_avoidance/lib/px4_avoidance/odom_tf
[18.973s] -- Up-to-date: /home/hung/ws_offboard_control/src/install/px4_avoidance/share/ament_index/resource_index/package_run_dependencies/px4_avoidance
[18.973s] -- Up-to-date: /home/hung/ws_offboard_control/src/install/px4_avoidance/share/ament_index/resource_index/parent_prefix_path/px4_avoidance
[18.974s] -- Up-to-date: /home/hung/ws_offboard_control/src/install/px4_avoidance/share/px4_avoidance/environment/ament_prefix_path.sh
[18.974s] -- Up-to-date: /home/hung/ws_offboard_control/src/install/px4_avoidance/share/px4_avoidance/environment/ament_prefix_path.dsv
[18.974s] -- Up-to-date: /home/hung/ws_offboard_control/src/install/px4_avoidance/share/px4_avoidance/environment/path.sh
[18.974s] -- Up-to-date: /home/hung/ws_offboard_control/src/install/px4_avoidance/share/px4_avoidance/environment/path.dsv
[18.974s] -- Up-to-date: /home/hung/ws_offboard_control/src/install/px4_avoidance/share/px4_avoidance/local_setup.bash
[18.974s] -- Up-to-date: /home/hung/ws_offboard_control/src/install/px4_avoidance/share/px4_avoidance/local_setup.sh
[18.974s] -- Up-to-date: /home/hung/ws_offboard_control/src/install/px4_avoidance/share/px4_avoidance/local_setup.zsh
[18.974s] -- Up-to-date: /home/hung/ws_offboard_control/src/install/px4_avoidance/share/px4_avoidance/local_setup.dsv
[18.974s] -- Installing: /home/hung/ws_offboard_control/src/install/px4_avoidance/share/px4_avoidance/package.dsv
[18.975s] -- Up-to-date: /home/hung/ws_offboard_control/src/install/px4_avoidance/share/ament_index/resource_index/packages/px4_avoidance
[18.975s] -- Up-to-date: /home/hung/ws_offboard_control/src/install/px4_avoidance/share/px4_avoidance/cmake/px4_avoidanceConfig.cmake
[18.975s] -- Up-to-date: /home/hung/ws_offboard_control/src/install/px4_avoidance/share/px4_avoidance/cmake/px4_avoidanceConfig-version.cmake
[18.976s] -- Up-to-date: /home/hung/ws_offboard_control/src/install/px4_avoidance/share/px4_avoidance/package.xml
[18.979s] Invoked command in '/home/hung/ws_offboard_control/src/build/px4_avoidance' returned '0': AMENT_PREFIX_PATH=/home/hung/ws_offboard_control/src/install/px4_msgs:${AMENT_PREFIX_PATH} CMAKE_PREFIX_PATH=/home/hung/ws_offboard_control/src/install/px4_msgs:/opt/ros/jazzy/opt/gz_sim_vendor:/opt/ros/jazzy/opt/gz_sensors_vendor:/opt/ros/jazzy/opt/gz_physics_vendor:/opt/ros/jazzy/opt/sdformat_vendor:/opt/ros/jazzy/opt/gz_gui_vendor:/opt/ros/jazzy/opt/gz_transport_vendor:/opt/ros/jazzy/opt/gz_rendering_vendor:/opt/ros/jazzy/opt/gz_plugin_vendor:/opt/ros/jazzy/opt/gz_fuel_tools_vendor:/opt/ros/jazzy/opt/gz_msgs_vendor:/opt/ros/jazzy/opt/gz_common_vendor:/opt/ros/jazzy/opt/gz_math_vendor:/opt/ros/jazzy/opt/gz_utils_vendor:/opt/ros/jazzy/opt/gz_tools_vendor:/opt/ros/jazzy/opt/gz_ogre_next_vendor:/opt/ros/jazzy/opt/gz_dartsim_vendor:/opt/ros/jazzy/opt/gz_cmake_vendor:/opt/ros/jazzy DEBUGINFOD_URLS=https://debuginfod.ubuntu.com LD_LIBRARY_PATH=/home/hung/ws_offboard_control/src/install/px4_msgs/lib:${LD_LIBRARY_PATH} PYTHONPATH=/home/hung/ws_offboard_control/src/install/px4_msgs/lib/python3.12/site-packages:${PYTHONPATH} /usr/bin/cmake --install /home/hung/ws_offboard_control/src/build/px4_avoidance
