[0.213s] Invoking command in '/home/hung/ws_offboard_control/src/build/px4_avoidance': CMAKE_PREFIX_PATH=/home/hung/ws_offboard_control/src/install/px4_msgs:/home/hung/ws_offboard_control/src/install/px4_avoidance:/opt/ros/jazzy/opt/gz_sim_vendor:/opt/ros/jazzy/opt/gz_sensors_vendor:/opt/ros/jazzy/opt/gz_physics_vendor:/opt/ros/jazzy/opt/sdformat_vendor:/opt/ros/jazzy/opt/gz_gui_vendor:/opt/ros/jazzy/opt/gz_transport_vendor:/opt/ros/jazzy/opt/gz_rendering_vendor:/opt/ros/jazzy/opt/gz_plugin_vendor:/opt/ros/jazzy/opt/gz_fuel_tools_vendor:/opt/ros/jazzy/opt/gz_msgs_vendor:/opt/ros/jazzy/opt/gz_common_vendor:/opt/ros/jazzy/opt/gz_math_vendor:/opt/ros/jazzy/opt/gz_utils_vendor:/opt/ros/jazzy/opt/gz_tools_vendor:/opt/ros/jazzy/opt/gz_ogre_next_vendor:/opt/ros/jazzy/opt/gz_dartsim_vendor:/opt/ros/jazzy/opt/gz_cmake_vendor:/opt/ros/jazzy DEBUGINFOD_URLS=https://debuginfod.ubuntu.com /usr/bin/cmake --build /home/hung/ws_offboard_control/src/build/px4_avoidance -- -j12 -l12
[0.358s] [ 80%] Built target vfh_star_node
[0.423s] [100%] Built target odom_tf
[0.444s] Invoked command in '/home/hung/ws_offboard_control/src/build/px4_avoidance' returned '0': CMAKE_PREFIX_PATH=/home/hung/ws_offboard_control/src/install/px4_msgs:/home/hung/ws_offboard_control/src/install/px4_avoidance:/opt/ros/jazzy/opt/gz_sim_vendor:/opt/ros/jazzy/opt/gz_sensors_vendor:/opt/ros/jazzy/opt/gz_physics_vendor:/opt/ros/jazzy/opt/sdformat_vendor:/opt/ros/jazzy/opt/gz_gui_vendor:/opt/ros/jazzy/opt/gz_transport_vendor:/opt/ros/jazzy/opt/gz_rendering_vendor:/opt/ros/jazzy/opt/gz_plugin_vendor:/opt/ros/jazzy/opt/gz_fuel_tools_vendor:/opt/ros/jazzy/opt/gz_msgs_vendor:/opt/ros/jazzy/opt/gz_common_vendor:/opt/ros/jazzy/opt/gz_math_vendor:/opt/ros/jazzy/opt/gz_utils_vendor:/opt/ros/jazzy/opt/gz_tools_vendor:/opt/ros/jazzy/opt/gz_ogre_next_vendor:/opt/ros/jazzy/opt/gz_dartsim_vendor:/opt/ros/jazzy/opt/gz_cmake_vendor:/opt/ros/jazzy DEBUGINFOD_URLS=https://debuginfod.ubuntu.com /usr/bin/cmake --build /home/hung/ws_offboard_control/src/build/px4_avoidance -- -j12 -l12
[0.445s] Invoking command in '/home/hung/ws_offboard_control/src/build/px4_avoidance': CMAKE_PREFIX_PATH=/home/hung/ws_offboard_control/src/install/px4_msgs:/home/hung/ws_offboard_control/src/install/px4_avoidance:/opt/ros/jazzy/opt/gz_sim_vendor:/opt/ros/jazzy/opt/gz_sensors_vendor:/opt/ros/jazzy/opt/gz_physics_vendor:/opt/ros/jazzy/opt/sdformat_vendor:/opt/ros/jazzy/opt/gz_gui_vendor:/opt/ros/jazzy/opt/gz_transport_vendor:/opt/ros/jazzy/opt/gz_rendering_vendor:/opt/ros/jazzy/opt/gz_plugin_vendor:/opt/ros/jazzy/opt/gz_fuel_tools_vendor:/opt/ros/jazzy/opt/gz_msgs_vendor:/opt/ros/jazzy/opt/gz_common_vendor:/opt/ros/jazzy/opt/gz_math_vendor:/opt/ros/jazzy/opt/gz_utils_vendor:/opt/ros/jazzy/opt/gz_tools_vendor:/opt/ros/jazzy/opt/gz_ogre_next_vendor:/opt/ros/jazzy/opt/gz_dartsim_vendor:/opt/ros/jazzy/opt/gz_cmake_vendor:/opt/ros/jazzy DEBUGINFOD_URLS=https://debuginfod.ubuntu.com /usr/bin/cmake --install /home/hung/ws_offboard_control/src/build/px4_avoidance
[0.463s] -- Install configuration: ""
[0.463s] -- Up-to-date: /home/hung/ws_offboard_control/src/install/px4_avoidance/lib/px4_avoidance/vfh_star_node
[0.464s] -- Up-to-date: /home/hung/ws_offboard_control/src/install/px4_avoidance/lib/px4_avoidance/odom_tf
[0.464s] -- Up-to-date: /home/hung/ws_offboard_control/src/install/px4_avoidance/share/ament_index/resource_index/package_run_dependencies/px4_avoidance
[0.464s] -- Up-to-date: /home/hung/ws_offboard_control/src/install/px4_avoidance/share/ament_index/resource_index/parent_prefix_path/px4_avoidance
[0.465s] -- Up-to-date: /home/hung/ws_offboard_control/src/install/px4_avoidance/share/px4_avoidance/environment/ament_prefix_path.sh
[0.465s] -- Up-to-date: /home/hung/ws_offboard_control/src/install/px4_avoidance/share/px4_avoidance/environment/ament_prefix_path.dsv
[0.465s] -- Up-to-date: /home/hung/ws_offboard_control/src/install/px4_avoidance/share/px4_avoidance/environment/path.sh
[0.465s] -- Up-to-date: /home/hung/ws_offboard_control/src/install/px4_avoidance/share/px4_avoidance/environment/path.dsv
[0.465s] -- Up-to-date: /home/hung/ws_offboard_control/src/install/px4_avoidance/share/px4_avoidance/local_setup.bash
[0.465s] -- Up-to-date: /home/hung/ws_offboard_control/src/install/px4_avoidance/share/px4_avoidance/local_setup.sh
[0.466s] -- Up-to-date: /home/hung/ws_offboard_control/src/install/px4_avoidance/share/px4_avoidance/local_setup.zsh
[0.466s] -- Up-to-date: /home/hung/ws_offboard_control/src/install/px4_avoidance/share/px4_avoidance/local_setup.dsv
[0.466s] -- Installing: /home/hung/ws_offboard_control/src/install/px4_avoidance/share/px4_avoidance/package.dsv
[0.466s] -- Up-to-date: /home/hung/ws_offboard_control/src/install/px4_avoidance/share/ament_index/resource_index/packages/px4_avoidance
[0.466s] -- Up-to-date: /home/hung/ws_offboard_control/src/install/px4_avoidance/share/px4_avoidance/cmake/px4_avoidanceConfig.cmake
[0.466s] -- Up-to-date: /home/hung/ws_offboard_control/src/install/px4_avoidance/share/px4_avoidance/cmake/px4_avoidanceConfig-version.cmake
[0.466s] -- Up-to-date: /home/hung/ws_offboard_control/src/install/px4_avoidance/share/px4_avoidance/package.xml
[0.469s] Invoked command in '/home/hung/ws_offboard_control/src/build/px4_avoidance' returned '0': CMAKE_PREFIX_PATH=/home/hung/ws_offboard_control/src/install/px4_msgs:/home/hung/ws_offboard_control/src/install/px4_avoidance:/opt/ros/jazzy/opt/gz_sim_vendor:/opt/ros/jazzy/opt/gz_sensors_vendor:/opt/ros/jazzy/opt/gz_physics_vendor:/opt/ros/jazzy/opt/sdformat_vendor:/opt/ros/jazzy/opt/gz_gui_vendor:/opt/ros/jazzy/opt/gz_transport_vendor:/opt/ros/jazzy/opt/gz_rendering_vendor:/opt/ros/jazzy/opt/gz_plugin_vendor:/opt/ros/jazzy/opt/gz_fuel_tools_vendor:/opt/ros/jazzy/opt/gz_msgs_vendor:/opt/ros/jazzy/opt/gz_common_vendor:/opt/ros/jazzy/opt/gz_math_vendor:/opt/ros/jazzy/opt/gz_utils_vendor:/opt/ros/jazzy/opt/gz_tools_vendor:/opt/ros/jazzy/opt/gz_ogre_next_vendor:/opt/ros/jazzy/opt/gz_dartsim_vendor:/opt/ros/jazzy/opt/gz_cmake_vendor:/opt/ros/jazzy DEBUGINFOD_URLS=https://debuginfod.ubuntu.com /usr/bin/cmake --install /home/hung/ws_offboard_control/src/build/px4_avoidance
