[ 10%] [32mBuilding CXX object CMakeFiles/vfh_star_node.dir/src/binary_histogram.cpp.o[0m
[ 20%] [32mBuilding CXX object CMakeFiles/vfh_star_node.dir/src/vfh_star_node.cpp.o[0m
[ 30%] [32m[1mLinking CXX executable vfh_star_node[0m
[ 80%] Built target vfh_star_node
[100%] Built target odom_tf
-- Install configuration: ""
-- Installing: /home/hung/ws_offboard_control/src/install/px4_avoidance/lib/px4_avoidance/vfh_star_node
-- Set non-toolchain portion of runtime path of "/home/hung/ws_offboard_control/src/install/px4_avoidance/lib/px4_avoidance/vfh_star_node" to ""
-- Up-to-date: /home/hung/ws_offboard_control/src/install/px4_avoidance/lib/px4_avoidance/odom_tf
-- Up-to-date: /home/hung/ws_offboard_control/src/install/px4_avoidance/share/ament_index/resource_index/package_run_dependencies/px4_avoidance
-- Up-to-date: /home/hung/ws_offboard_control/src/install/px4_avoidance/share/ament_index/resource_index/parent_prefix_path/px4_avoidance
-- Up-to-date: /home/hung/ws_offboard_control/src/install/px4_avoidance/share/px4_avoidance/environment/ament_prefix_path.sh
-- Up-to-date: /home/hung/ws_offboard_control/src/install/px4_avoidance/share/px4_avoidance/environment/ament_prefix_path.dsv
-- Up-to-date: /home/hung/ws_offboard_control/src/install/px4_avoidance/share/px4_avoidance/environment/path.sh
-- Up-to-date: /home/hung/ws_offboard_control/src/install/px4_avoidance/share/px4_avoidance/environment/path.dsv
-- Up-to-date: /home/hung/ws_offboard_control/src/install/px4_avoidance/share/px4_avoidance/local_setup.bash
-- Up-to-date: /home/hung/ws_offboard_control/src/install/px4_avoidance/share/px4_avoidance/local_setup.sh
-- Up-to-date: /home/hung/ws_offboard_control/src/install/px4_avoidance/share/px4_avoidance/local_setup.zsh
-- Up-to-date: /home/hung/ws_offboard_control/src/install/px4_avoidance/share/px4_avoidance/local_setup.dsv
-- Installing: /home/hung/ws_offboard_control/src/install/px4_avoidance/share/px4_avoidance/package.dsv
-- Up-to-date: /home/hung/ws_offboard_control/src/install/px4_avoidance/share/ament_index/resource_index/packages/px4_avoidance
-- Up-to-date: /home/hung/ws_offboard_control/src/install/px4_avoidance/share/px4_avoidance/cmake/px4_avoidanceConfig.cmake
-- Up-to-date: /home/hung/ws_offboard_control/src/install/px4_avoidance/share/px4_avoidance/cmake/px4_avoidanceConfig-version.cmake
-- Up-to-date: /home/hung/ws_offboard_control/src/install/px4_avoidance/share/px4_avoidance/package.xml
