[3.246s] DEBUG:colcon:Command line arguments: ['/usr/bin/colcon', 'build']
[3.247s] DEBUG:colcon:Parsed command line arguments: Namespace(log_base=None, log_level=None, verb_name='build', build_base='build', install_base='install', merge_install=False, symlink_install=False, test_result_base=None, continue_on_error=False, executor='parallel', parallel_workers=12, event_handlers=None, ignore_user_meta=False, metas=['./colcon.meta'], base_paths=['.'], packages_ignore=None, packages_ignore_regex=None, paths=None, packages_up_to=None, packages_up_to_regex=None, packages_above=None, packages_above_and_dependencies=None, packages_above_depth=None, packages_select_by_dep=None, packages_skip_by_dep=None, packages_skip_up_to=None, packages_select_build_failed=False, packages_skip_build_finished=False, packages_select_test_failures=False, packages_skip_test_passed=False, packages_select=None, packages_skip=None, packages_select_regex=None, packages_skip_regex=None, packages_start=None, packages_end=None, allow_overriding=[], cmake_args=None, cmake_target=None, cmake_target_skip_unavailable=False, cmake_clean_cache=False, cmake_clean_first=False, cmake_force_configure=False, ament_cmake_args=None, catkin_cmake_args=None, catkin_skip_building_tests=False, verb_parser=<colcon_defaults.argument_parser.defaults.DefaultArgumentsDecorator object at 0x76e81d427ec0>, verb_extension=<colcon_core.verb.build.BuildVerb object at 0x76e81d5b8770>, main=<bound method BuildVerb.main of <colcon_core.verb.build.BuildVerb object at 0x76e81d5b8770>>)
[3.319s] Level 1:colcon.colcon_core.package_discovery:discover_packages(colcon_meta) check parameters
[3.320s] Level 1:colcon.colcon_core.package_discovery:discover_packages(recursive) check parameters
[3.320s] Level 1:colcon.colcon_core.package_discovery:discover_packages(ignore) check parameters
[3.320s] Level 1:colcon.colcon_core.package_discovery:discover_packages(path) check parameters
[3.320s] Level 1:colcon.colcon_core.package_discovery:discover_packages(colcon_meta) discover
[3.320s] Level 1:colcon.colcon_core.package_discovery:discover_packages(recursive) discover
[3.320s] INFO:colcon.colcon_core.package_discovery:Crawling recursively for packages in '/home/hung/ws_offboard_control/src'
[3.320s] Level 1:colcon.colcon_core.package_identification:_identify(.) by extensions ['ignore', 'ignore_ament_install']
[3.320s] Level 1:colcon.colcon_core.package_identification:_identify(.) by extension 'ignore'
[3.320s] Level 1:colcon.colcon_core.package_identification:_identify(.) by extension 'ignore_ament_install'
[3.320s] Level 1:colcon.colcon_core.package_identification:_identify(.) by extensions ['colcon_pkg']
[3.321s] Level 1:colcon.colcon_core.package_identification:_identify(.) by extension 'colcon_pkg'
[3.321s] Level 1:colcon.colcon_core.package_identification:_identify(.) by extensions ['colcon_meta']
[3.321s] Level 1:colcon.colcon_core.package_identification:_identify(.) by extension 'colcon_meta'
[3.321s] Level 1:colcon.colcon_core.package_identification:_identify(.) by extensions ['ros']
[3.321s] Level 1:colcon.colcon_core.package_identification:_identify(.) by extension 'ros'
[3.362s] Level 1:colcon.colcon_core.package_identification:_identify(.) by extensions ['cmake', 'python']
[3.362s] Level 1:colcon.colcon_core.package_identification:_identify(.) by extension 'cmake'
[3.362s] Level 1:colcon.colcon_core.package_identification:_identify(.) by extension 'python'
[3.362s] Level 1:colcon.colcon_core.package_identification:_identify(.) by extensions ['python_setup_py']
[3.362s] Level 1:colcon.colcon_core.package_identification:_identify(.) by extension 'python_setup_py'
[3.363s] Level 1:colcon.colcon_core.package_identification:_identify(build) by extensions ['ignore', 'ignore_ament_install']
[3.363s] Level 1:colcon.colcon_core.package_identification:_identify(build) by extension 'ignore'
[3.363s] Level 1:colcon.colcon_core.package_identification:_identify(build) ignored
[3.363s] Level 1:colcon.colcon_core.package_identification:_identify(install) by extensions ['ignore', 'ignore_ament_install']
[3.363s] Level 1:colcon.colcon_core.package_identification:_identify(install) by extension 'ignore'
[3.363s] Level 1:colcon.colcon_core.package_identification:_identify(install) ignored
[3.363s] Level 1:colcon.colcon_core.package_identification:_identify(log) by extensions ['ignore', 'ignore_ament_install']
[3.364s] Level 1:colcon.colcon_core.package_identification:_identify(log) by extension 'ignore'
[3.364s] Level 1:colcon.colcon_core.package_identification:_identify(log) ignored
[3.364s] Level 1:colcon.colcon_core.package_identification:_identify(px4_avoidance) by extensions ['ignore', 'ignore_ament_install']
[3.364s] Level 1:colcon.colcon_core.package_identification:_identify(px4_avoidance) by extension 'ignore'
[3.364s] Level 1:colcon.colcon_core.package_identification:_identify(px4_avoidance) by extension 'ignore_ament_install'
[3.364s] Level 1:colcon.colcon_core.package_identification:_identify(px4_avoidance) by extensions ['colcon_pkg']
[3.364s] Level 1:colcon.colcon_core.package_identification:_identify(px4_avoidance) by extension 'colcon_pkg'
[3.364s] Level 1:colcon.colcon_core.package_identification:_identify(px4_avoidance) by extensions ['colcon_meta']
[3.365s] Level 1:colcon.colcon_core.package_identification:_identify(px4_avoidance) by extension 'colcon_meta'
[3.365s] Level 1:colcon.colcon_core.package_identification:_identify(px4_avoidance) by extensions ['ros']
[3.365s] Level 1:colcon.colcon_core.package_identification:_identify(px4_avoidance) by extension 'ros'
[3.368s] DEBUG:colcon.colcon_core.package_identification:Package 'px4_avoidance' with type 'ros.ament_cmake' and name 'px4_avoidance'
[3.368s] Level 1:colcon.colcon_core.package_identification:_identify(px4_msgs) by extensions ['ignore', 'ignore_ament_install']
[3.369s] Level 1:colcon.colcon_core.package_identification:_identify(px4_msgs) by extension 'ignore'
[3.369s] Level 1:colcon.colcon_core.package_identification:_identify(px4_msgs) by extension 'ignore_ament_install'
[3.369s] Level 1:colcon.colcon_core.package_identification:_identify(px4_msgs) by extensions ['colcon_pkg']
[3.369s] Level 1:colcon.colcon_core.package_identification:_identify(px4_msgs) by extension 'colcon_pkg'
[3.369s] Level 1:colcon.colcon_core.package_identification:_identify(px4_msgs) by extensions ['colcon_meta']
[3.369s] Level 1:colcon.colcon_core.package_identification:_identify(px4_msgs) by extension 'colcon_meta'
[3.369s] Level 1:colcon.colcon_core.package_identification:_identify(px4_msgs) by extensions ['ros']
[3.369s] Level 1:colcon.colcon_core.package_identification:_identify(px4_msgs) by extension 'ros'
[3.370s] DEBUG:colcon.colcon_core.package_identification:Package 'px4_msgs' with type 'ros.ament_cmake' and name 'px4_msgs'
[3.370s] Level 1:colcon.colcon_core.package_discovery:discover_packages(recursive) using defaults
[3.370s] Level 1:colcon.colcon_core.package_discovery:discover_packages(ignore) discover
[3.370s] Level 1:colcon.colcon_core.package_discovery:discover_packages(ignore) using defaults
[3.371s] Level 1:colcon.colcon_core.package_discovery:discover_packages(path) discover
[3.371s] Level 1:colcon.colcon_core.package_discovery:discover_packages(path) using defaults
[3.403s] Level 1:colcon.colcon_core.package_discovery:discover_packages(prefix_path) check parameters
[3.404s] Level 1:colcon.colcon_core.package_discovery:discover_packages(prefix_path) discover
[3.407s] DEBUG:colcon.colcon_installed_package_information.package_discovery:Found 2 installed packages in /home/hung/ws_offboard_control/src/install
[3.410s] DEBUG:colcon.colcon_installed_package_information.package_discovery:Found 320 installed packages in /opt/ros/jazzy
[3.412s] Level 1:colcon.colcon_core.package_discovery:discover_packages(prefix_path) using defaults
[3.489s] Level 5:colcon.colcon_core.verb:set package 'px4_msgs' build argument 'cmake_args' from command line to 'None'
[3.490s] Level 5:colcon.colcon_core.verb:set package 'px4_msgs' build argument 'cmake_target' from command line to 'None'
[3.491s] Level 5:colcon.colcon_core.verb:set package 'px4_msgs' build argument 'cmake_target_skip_unavailable' from command line to 'False'
[3.491s] Level 5:colcon.colcon_core.verb:set package 'px4_msgs' build argument 'cmake_clean_cache' from command line to 'False'
[3.491s] Level 5:colcon.colcon_core.verb:set package 'px4_msgs' build argument 'cmake_clean_first' from command line to 'False'
[3.491s] Level 5:colcon.colcon_core.verb:set package 'px4_msgs' build argument 'cmake_force_configure' from command line to 'False'
[3.491s] Level 5:colcon.colcon_core.verb:set package 'px4_msgs' build argument 'ament_cmake_args' from command line to 'None'
[3.491s] Level 5:colcon.colcon_core.verb:set package 'px4_msgs' build argument 'catkin_cmake_args' from command line to 'None'
[3.491s] Level 5:colcon.colcon_core.verb:set package 'px4_msgs' build argument 'catkin_skip_building_tests' from command line to 'False'
[3.491s] DEBUG:colcon.colcon_core.verb:Building package 'px4_msgs' with the following arguments: {'ament_cmake_args': None, 'build_base': '/home/hung/ws_offboard_control/src/build/px4_msgs', 'catkin_cmake_args': None, 'catkin_skip_building_tests': False, 'cmake_args': None, 'cmake_clean_cache': False, 'cmake_clean_first': False, 'cmake_force_configure': False, 'cmake_target': None, 'cmake_target_skip_unavailable': False, 'install_base': '/home/hung/ws_offboard_control/src/install/px4_msgs', 'merge_install': False, 'path': '/home/hung/ws_offboard_control/src/px4_msgs', 'symlink_install': False, 'test_result_base': None}
[3.492s] Level 5:colcon.colcon_core.verb:set package 'px4_avoidance' build argument 'cmake_args' from command line to 'None'
[3.492s] Level 5:colcon.colcon_core.verb:set package 'px4_avoidance' build argument 'cmake_target' from command line to 'None'
[3.492s] Level 5:colcon.colcon_core.verb:set package 'px4_avoidance' build argument 'cmake_target_skip_unavailable' from command line to 'False'
[3.492s] Level 5:colcon.colcon_core.verb:set package 'px4_avoidance' build argument 'cmake_clean_cache' from command line to 'False'
[3.492s] Level 5:colcon.colcon_core.verb:set package 'px4_avoidance' build argument 'cmake_clean_first' from command line to 'False'
[3.492s] Level 5:colcon.colcon_core.verb:set package 'px4_avoidance' build argument 'cmake_force_configure' from command line to 'False'
[3.492s] Level 5:colcon.colcon_core.verb:set package 'px4_avoidance' build argument 'ament_cmake_args' from command line to 'None'
[3.492s] Level 5:colcon.colcon_core.verb:set package 'px4_avoidance' build argument 'catkin_cmake_args' from command line to 'None'
[3.492s] Level 5:colcon.colcon_core.verb:set package 'px4_avoidance' build argument 'catkin_skip_building_tests' from command line to 'False'
[3.492s] DEBUG:colcon.colcon_core.verb:Building package 'px4_avoidance' with the following arguments: {'ament_cmake_args': None, 'build_base': '/home/hung/ws_offboard_control/src/build/px4_avoidance', 'catkin_cmake_args': None, 'catkin_skip_building_tests': False, 'cmake_args': None, 'cmake_clean_cache': False, 'cmake_clean_first': False, 'cmake_force_configure': False, 'cmake_target': None, 'cmake_target_skip_unavailable': False, 'install_base': '/home/hung/ws_offboard_control/src/install/px4_avoidance', 'merge_install': False, 'path': '/home/hung/ws_offboard_control/src/px4_avoidance', 'symlink_install': False, 'test_result_base': None}
[3.492s] INFO:colcon.colcon_core.executor:Executing jobs using 'parallel' executor
[3.494s] DEBUG:colcon.colcon_parallel_executor.executor.parallel:run_until_complete
[3.494s] INFO:colcon.colcon_ros.task.ament_cmake.build:Building ROS package in '/home/hung/ws_offboard_control/src/px4_msgs' with build type 'ament_cmake'
[3.494s] INFO:colcon.colcon_cmake.task.cmake.build:Building CMake package in '/home/hung/ws_offboard_control/src/px4_msgs'
[3.497s] INFO:colcon.colcon_core.plugin_system:Skipping extension 'colcon_core.shell.bat': Not used on non-Windows systems
[3.497s] INFO:colcon.colcon_core.shell:Skip shell extension 'powershell' for command environment: Not usable outside of PowerShell
[3.497s] DEBUG:colcon.colcon_core.shell:Skip shell extension 'dsv' for command environment
[3.522s] DEBUG:colcon.colcon_core.event_handler.log_command:Invoking command in '/home/hung/ws_offboard_control/src/build/px4_msgs': CMAKE_PREFIX_PATH=${CMAKE_PREFIX_PATH}:/opt/ros/jazzy DEBUGINFOD_URLS=https://debuginfod.ubuntu.com /usr/bin/cmake --build /home/hung/ws_offboard_control/src/build/px4_msgs -- -j12 -l12
[6.670s] DEBUG:colcon.colcon_core.event_handler.log_command:Invoked command in '/home/hung/ws_offboard_control/src/build/px4_msgs' returned '0': CMAKE_PREFIX_PATH=${CMAKE_PREFIX_PATH}:/opt/ros/jazzy DEBUGINFOD_URLS=https://debuginfod.ubuntu.com /usr/bin/cmake --build /home/hung/ws_offboard_control/src/build/px4_msgs -- -j12 -l12
[6.701s] DEBUG:colcon.colcon_core.event_handler.log_command:Invoking command in '/home/hung/ws_offboard_control/src/build/px4_msgs': CMAKE_PREFIX_PATH=${CMAKE_PREFIX_PATH}:/opt/ros/jazzy DEBUGINFOD_URLS=https://debuginfod.ubuntu.com /usr/bin/cmake --install /home/hung/ws_offboard_control/src/build/px4_msgs
[8.200s] Level 1:colcon.colcon_core.environment:create_environment_scripts_only(px4_msgs)
[8.205s] Level 1:colcon.colcon_core.environment:checking '/home/hung/ws_offboard_control/src/install/px4_msgs' for CMake module files
[8.205s] DEBUG:colcon.colcon_core.event_handler.log_command:Invoked command in '/home/hung/ws_offboard_control/src/build/px4_msgs' returned '0': CMAKE_PREFIX_PATH=${CMAKE_PREFIX_PATH}:/opt/ros/jazzy DEBUGINFOD_URLS=https://debuginfod.ubuntu.com /usr/bin/cmake --install /home/hung/ws_offboard_control/src/build/px4_msgs
[8.206s] Level 1:colcon.colcon_core.environment:checking '/home/hung/ws_offboard_control/src/install/px4_msgs' for CMake config files
[8.207s] Level 1:colcon.colcon_core.shell:create_environment_hook('px4_msgs', 'cmake_prefix_path')
[8.207s] INFO:colcon.colcon_core.shell:Creating environment hook '/home/hung/ws_offboard_control/src/install/px4_msgs/share/px4_msgs/hook/cmake_prefix_path.ps1'
[8.208s] INFO:colcon.colcon_core.shell:Creating environment descriptor '/home/hung/ws_offboard_control/src/install/px4_msgs/share/px4_msgs/hook/cmake_prefix_path.dsv'
[8.208s] INFO:colcon.colcon_core.shell:Creating environment hook '/home/hung/ws_offboard_control/src/install/px4_msgs/share/px4_msgs/hook/cmake_prefix_path.sh'
[8.210s] Level 1:colcon.colcon_core.environment:checking '/home/hung/ws_offboard_control/src/install/px4_msgs/lib'
[8.210s] Level 1:colcon.colcon_core.shell:create_environment_hook('px4_msgs', 'ld_library_path_lib')
[8.210s] INFO:colcon.colcon_core.shell:Creating environment hook '/home/hung/ws_offboard_control/src/install/px4_msgs/share/px4_msgs/hook/ld_library_path_lib.ps1'
[8.211s] INFO:colcon.colcon_core.shell:Creating environment descriptor '/home/hung/ws_offboard_control/src/install/px4_msgs/share/px4_msgs/hook/ld_library_path_lib.dsv'
[8.211s] INFO:colcon.colcon_core.shell:Creating environment hook '/home/hung/ws_offboard_control/src/install/px4_msgs/share/px4_msgs/hook/ld_library_path_lib.sh'
[8.212s] Level 1:colcon.colcon_core.environment:checking '/home/hung/ws_offboard_control/src/install/px4_msgs/bin'
[8.212s] Level 1:colcon.colcon_core.environment:checking '/home/hung/ws_offboard_control/src/install/px4_msgs/lib/pkgconfig/px4_msgs.pc'
[8.212s] Level 1:colcon.colcon_core.environment:checking '/home/hung/ws_offboard_control/src/install/px4_msgs/lib/python3.12/site-packages'
[8.212s] Level 1:colcon.colcon_core.shell:create_environment_hook('px4_msgs', 'pythonpath')
[8.212s] INFO:colcon.colcon_core.shell:Creating environment hook '/home/hung/ws_offboard_control/src/install/px4_msgs/share/px4_msgs/hook/pythonpath.ps1'
[8.213s] INFO:colcon.colcon_core.shell:Creating environment descriptor '/home/hung/ws_offboard_control/src/install/px4_msgs/share/px4_msgs/hook/pythonpath.dsv'
[8.213s] INFO:colcon.colcon_core.shell:Creating environment hook '/home/hung/ws_offboard_control/src/install/px4_msgs/share/px4_msgs/hook/pythonpath.sh'
[8.214s] Level 1:colcon.colcon_core.environment:checking '/home/hung/ws_offboard_control/src/install/px4_msgs/bin'
[8.215s] INFO:colcon.colcon_core.shell:Creating package script '/home/hung/ws_offboard_control/src/install/px4_msgs/share/px4_msgs/package.ps1'
[8.219s] INFO:colcon.colcon_core.shell:Creating package descriptor '/home/hung/ws_offboard_control/src/install/px4_msgs/share/px4_msgs/package.dsv'
[8.220s] INFO:colcon.colcon_core.shell:Creating package script '/home/hung/ws_offboard_control/src/install/px4_msgs/share/px4_msgs/package.sh'
[8.221s] INFO:colcon.colcon_core.shell:Creating package script '/home/hung/ws_offboard_control/src/install/px4_msgs/share/px4_msgs/package.bash'
[8.222s] INFO:colcon.colcon_core.shell:Creating package script '/home/hung/ws_offboard_control/src/install/px4_msgs/share/px4_msgs/package.zsh'
[8.224s] Level 1:colcon.colcon_core.environment:create_file_with_runtime_dependencies(/home/hung/ws_offboard_control/src/install/px4_msgs/share/colcon-core/packages/px4_msgs)
[8.225s] Level 1:colcon.colcon_core.environment:create_environment_scripts_only(px4_msgs)
[8.225s] Level 1:colcon.colcon_core.environment:checking '/home/hung/ws_offboard_control/src/install/px4_msgs' for CMake module files
[8.226s] Level 1:colcon.colcon_core.environment:checking '/home/hung/ws_offboard_control/src/install/px4_msgs' for CMake config files
[8.226s] Level 1:colcon.colcon_core.shell:create_environment_hook('px4_msgs', 'cmake_prefix_path')
[8.227s] INFO:colcon.colcon_core.shell:Creating environment hook '/home/hung/ws_offboard_control/src/install/px4_msgs/share/px4_msgs/hook/cmake_prefix_path.ps1'
[8.227s] INFO:colcon.colcon_core.shell:Creating environment descriptor '/home/hung/ws_offboard_control/src/install/px4_msgs/share/px4_msgs/hook/cmake_prefix_path.dsv'
[8.228s] INFO:colcon.colcon_core.shell:Creating environment hook '/home/hung/ws_offboard_control/src/install/px4_msgs/share/px4_msgs/hook/cmake_prefix_path.sh'
[8.229s] Level 1:colcon.colcon_core.environment:checking '/home/hung/ws_offboard_control/src/install/px4_msgs/lib'
[8.229s] Level 1:colcon.colcon_core.shell:create_environment_hook('px4_msgs', 'ld_library_path_lib')
[8.229s] INFO:colcon.colcon_core.shell:Creating environment hook '/home/hung/ws_offboard_control/src/install/px4_msgs/share/px4_msgs/hook/ld_library_path_lib.ps1'
[8.230s] INFO:colcon.colcon_core.shell:Creating environment descriptor '/home/hung/ws_offboard_control/src/install/px4_msgs/share/px4_msgs/hook/ld_library_path_lib.dsv'
[8.230s] INFO:colcon.colcon_core.shell:Creating environment hook '/home/hung/ws_offboard_control/src/install/px4_msgs/share/px4_msgs/hook/ld_library_path_lib.sh'
[8.230s] Level 1:colcon.colcon_core.environment:checking '/home/hung/ws_offboard_control/src/install/px4_msgs/bin'
[8.231s] Level 1:colcon.colcon_core.environment:checking '/home/hung/ws_offboard_control/src/install/px4_msgs/lib/pkgconfig/px4_msgs.pc'
[8.231s] Level 1:colcon.colcon_core.environment:checking '/home/hung/ws_offboard_control/src/install/px4_msgs/lib/python3.12/site-packages'
[8.231s] Level 1:colcon.colcon_core.shell:create_environment_hook('px4_msgs', 'pythonpath')
[8.231s] INFO:colcon.colcon_core.shell:Creating environment hook '/home/hung/ws_offboard_control/src/install/px4_msgs/share/px4_msgs/hook/pythonpath.ps1'
[8.232s] INFO:colcon.colcon_core.shell:Creating environment descriptor '/home/hung/ws_offboard_control/src/install/px4_msgs/share/px4_msgs/hook/pythonpath.dsv'
[8.232s] INFO:colcon.colcon_core.shell:Creating environment hook '/home/hung/ws_offboard_control/src/install/px4_msgs/share/px4_msgs/hook/pythonpath.sh'
[8.233s] Level 1:colcon.colcon_core.environment:checking '/home/hung/ws_offboard_control/src/install/px4_msgs/bin'
[8.234s] INFO:colcon.colcon_core.shell:Creating package script '/home/hung/ws_offboard_control/src/install/px4_msgs/share/px4_msgs/package.ps1'
[8.235s] INFO:colcon.colcon_core.shell:Creating package descriptor '/home/hung/ws_offboard_control/src/install/px4_msgs/share/px4_msgs/package.dsv'
[8.235s] INFO:colcon.colcon_core.shell:Creating package script '/home/hung/ws_offboard_control/src/install/px4_msgs/share/px4_msgs/package.sh'
[8.236s] INFO:colcon.colcon_core.shell:Creating package script '/home/hung/ws_offboard_control/src/install/px4_msgs/share/px4_msgs/package.bash'
[8.237s] INFO:colcon.colcon_core.shell:Creating package script '/home/hung/ws_offboard_control/src/install/px4_msgs/share/px4_msgs/package.zsh'
[8.237s] Level 1:colcon.colcon_core.environment:create_file_with_runtime_dependencies(/home/hung/ws_offboard_control/src/install/px4_msgs/share/colcon-core/packages/px4_msgs)
[8.238s] INFO:colcon.colcon_ros.task.ament_cmake.build:Building ROS package in '/home/hung/ws_offboard_control/src/px4_avoidance' with build type 'ament_cmake'
[8.238s] INFO:colcon.colcon_cmake.task.cmake.build:Building CMake package in '/home/hung/ws_offboard_control/src/px4_avoidance'
[8.238s] INFO:colcon.colcon_core.shell:Skip shell extension 'powershell' for command environment: Not usable outside of PowerShell
[8.238s] DEBUG:colcon.colcon_core.shell:Skip shell extension 'dsv' for command environment
[8.571s] DEBUG:colcon.colcon_core.event_handler.log_command:Invoking command in '/home/hung/ws_offboard_control/src/build/px4_avoidance': CMAKE_PREFIX_PATH=/home/hung/ws_offboard_control/src/install/px4_msgs:/home/hung/ws_offboard_control/src/install/px4_avoidance:/opt/ros/jazzy/opt/gz_sim_vendor:/opt/ros/jazzy/opt/gz_sensors_vendor:/opt/ros/jazzy/opt/gz_physics_vendor:/opt/ros/jazzy/opt/sdformat_vendor:/opt/ros/jazzy/opt/gz_gui_vendor:/opt/ros/jazzy/opt/gz_transport_vendor:/opt/ros/jazzy/opt/gz_rendering_vendor:/opt/ros/jazzy/opt/gz_plugin_vendor:/opt/ros/jazzy/opt/gz_fuel_tools_vendor:/opt/ros/jazzy/opt/gz_msgs_vendor:/opt/ros/jazzy/opt/gz_common_vendor:/opt/ros/jazzy/opt/gz_math_vendor:/opt/ros/jazzy/opt/gz_utils_vendor:/opt/ros/jazzy/opt/gz_tools_vendor:/opt/ros/jazzy/opt/gz_ogre_next_vendor:/opt/ros/jazzy/opt/gz_dartsim_vendor:/opt/ros/jazzy/opt/gz_cmake_vendor:/opt/ros/jazzy DEBUGINFOD_URLS=https://debuginfod.ubuntu.com /usr/bin/cmake --build /home/hung/ws_offboard_control/src/build/px4_avoidance -- -j12 -l12
[11.428s] DEBUG:colcon.colcon_core.event_handler.log_command:Invoked command in '/home/hung/ws_offboard_control/src/build/px4_avoidance' returned '0': CMAKE_PREFIX_PATH=/home/hung/ws_offboard_control/src/install/px4_msgs:/home/hung/ws_offboard_control/src/install/px4_avoidance:/opt/ros/jazzy/opt/gz_sim_vendor:/opt/ros/jazzy/opt/gz_sensors_vendor:/opt/ros/jazzy/opt/gz_physics_vendor:/opt/ros/jazzy/opt/sdformat_vendor:/opt/ros/jazzy/opt/gz_gui_vendor:/opt/ros/jazzy/opt/gz_transport_vendor:/opt/ros/jazzy/opt/gz_rendering_vendor:/opt/ros/jazzy/opt/gz_plugin_vendor:/opt/ros/jazzy/opt/gz_fuel_tools_vendor:/opt/ros/jazzy/opt/gz_msgs_vendor:/opt/ros/jazzy/opt/gz_common_vendor:/opt/ros/jazzy/opt/gz_math_vendor:/opt/ros/jazzy/opt/gz_utils_vendor:/opt/ros/jazzy/opt/gz_tools_vendor:/opt/ros/jazzy/opt/gz_ogre_next_vendor:/opt/ros/jazzy/opt/gz_dartsim_vendor:/opt/ros/jazzy/opt/gz_cmake_vendor:/opt/ros/jazzy DEBUGINFOD_URLS=https://debuginfod.ubuntu.com /usr/bin/cmake --build /home/hung/ws_offboard_control/src/build/px4_avoidance -- -j12 -l12
[11.430s] DEBUG:colcon.colcon_core.event_handler.log_command:Invoking command in '/home/hung/ws_offboard_control/src/build/px4_avoidance': CMAKE_PREFIX_PATH=/home/hung/ws_offboard_control/src/install/px4_msgs:/home/hung/ws_offboard_control/src/install/px4_avoidance:/opt/ros/jazzy/opt/gz_sim_vendor:/opt/ros/jazzy/opt/gz_sensors_vendor:/opt/ros/jazzy/opt/gz_physics_vendor:/opt/ros/jazzy/opt/sdformat_vendor:/opt/ros/jazzy/opt/gz_gui_vendor:/opt/ros/jazzy/opt/gz_transport_vendor:/opt/ros/jazzy/opt/gz_rendering_vendor:/opt/ros/jazzy/opt/gz_plugin_vendor:/opt/ros/jazzy/opt/gz_fuel_tools_vendor:/opt/ros/jazzy/opt/gz_msgs_vendor:/opt/ros/jazzy/opt/gz_common_vendor:/opt/ros/jazzy/opt/gz_math_vendor:/opt/ros/jazzy/opt/gz_utils_vendor:/opt/ros/jazzy/opt/gz_tools_vendor:/opt/ros/jazzy/opt/gz_ogre_next_vendor:/opt/ros/jazzy/opt/gz_dartsim_vendor:/opt/ros/jazzy/opt/gz_cmake_vendor:/opt/ros/jazzy DEBUGINFOD_URLS=https://debuginfod.ubuntu.com /usr/bin/cmake --install /home/hung/ws_offboard_control/src/build/px4_avoidance
[11.488s] Level 1:colcon.colcon_core.environment:create_environment_scripts_only(px4_avoidance)
[11.489s] Level 1:colcon.colcon_core.environment:checking '/home/hung/ws_offboard_control/src/install/px4_avoidance' for CMake module files
[11.491s] DEBUG:colcon.colcon_core.event_handler.log_command:Invoked command in '/home/hung/ws_offboard_control/src/build/px4_avoidance' returned '0': CMAKE_PREFIX_PATH=/home/hung/ws_offboard_control/src/install/px4_msgs:/home/hung/ws_offboard_control/src/install/px4_avoidance:/opt/ros/jazzy/opt/gz_sim_vendor:/opt/ros/jazzy/opt/gz_sensors_vendor:/opt/ros/jazzy/opt/gz_physics_vendor:/opt/ros/jazzy/opt/sdformat_vendor:/opt/ros/jazzy/opt/gz_gui_vendor:/opt/ros/jazzy/opt/gz_transport_vendor:/opt/ros/jazzy/opt/gz_rendering_vendor:/opt/ros/jazzy/opt/gz_plugin_vendor:/opt/ros/jazzy/opt/gz_fuel_tools_vendor:/opt/ros/jazzy/opt/gz_msgs_vendor:/opt/ros/jazzy/opt/gz_common_vendor:/opt/ros/jazzy/opt/gz_math_vendor:/opt/ros/jazzy/opt/gz_utils_vendor:/opt/ros/jazzy/opt/gz_tools_vendor:/opt/ros/jazzy/opt/gz_ogre_next_vendor:/opt/ros/jazzy/opt/gz_dartsim_vendor:/opt/ros/jazzy/opt/gz_cmake_vendor:/opt/ros/jazzy DEBUGINFOD_URLS=https://debuginfod.ubuntu.com /usr/bin/cmake --install /home/hung/ws_offboard_control/src/build/px4_avoidance
[11.491s] Level 1:colcon.colcon_core.environment:checking '/home/hung/ws_offboard_control/src/install/px4_avoidance' for CMake config files
[11.491s] Level 1:colcon.colcon_core.shell:create_environment_hook('px4_avoidance', 'cmake_prefix_path')
[11.492s] INFO:colcon.colcon_core.shell:Creating environment hook '/home/hung/ws_offboard_control/src/install/px4_avoidance/share/px4_avoidance/hook/cmake_prefix_path.ps1'
[11.493s] INFO:colcon.colcon_core.shell:Creating environment descriptor '/home/hung/ws_offboard_control/src/install/px4_avoidance/share/px4_avoidance/hook/cmake_prefix_path.dsv'
[11.493s] INFO:colcon.colcon_core.shell:Creating environment hook '/home/hung/ws_offboard_control/src/install/px4_avoidance/share/px4_avoidance/hook/cmake_prefix_path.sh'
[11.495s] Level 1:colcon.colcon_core.environment:checking '/home/hung/ws_offboard_control/src/install/px4_avoidance/lib'
[11.495s] Level 1:colcon.colcon_core.environment:checking '/home/hung/ws_offboard_control/src/install/px4_avoidance/bin'
[11.495s] Level 1:colcon.colcon_core.environment:checking '/home/hung/ws_offboard_control/src/install/px4_avoidance/lib/pkgconfig/px4_avoidance.pc'
[11.495s] Level 1:colcon.colcon_core.environment:checking '/home/hung/ws_offboard_control/src/install/px4_avoidance/lib/python3.12/site-packages'
[11.496s] Level 1:colcon.colcon_core.environment:checking '/home/hung/ws_offboard_control/src/install/px4_avoidance/bin'
[11.496s] INFO:colcon.colcon_core.shell:Creating package script '/home/hung/ws_offboard_control/src/install/px4_avoidance/share/px4_avoidance/package.ps1'
[11.497s] INFO:colcon.colcon_core.shell:Creating package descriptor '/home/hung/ws_offboard_control/src/install/px4_avoidance/share/px4_avoidance/package.dsv'
[11.498s] INFO:colcon.colcon_core.shell:Creating package script '/home/hung/ws_offboard_control/src/install/px4_avoidance/share/px4_avoidance/package.sh'
[11.498s] INFO:colcon.colcon_core.shell:Creating package script '/home/hung/ws_offboard_control/src/install/px4_avoidance/share/px4_avoidance/package.bash'
[11.499s] INFO:colcon.colcon_core.shell:Creating package script '/home/hung/ws_offboard_control/src/install/px4_avoidance/share/px4_avoidance/package.zsh'
[11.500s] Level 1:colcon.colcon_core.environment:create_file_with_runtime_dependencies(/home/hung/ws_offboard_control/src/install/px4_avoidance/share/colcon-core/packages/px4_avoidance)
[11.501s] Level 1:colcon.colcon_core.environment:create_environment_scripts_only(px4_avoidance)
[11.501s] Level 1:colcon.colcon_core.environment:checking '/home/hung/ws_offboard_control/src/install/px4_avoidance' for CMake module files
[11.502s] Level 1:colcon.colcon_core.environment:checking '/home/hung/ws_offboard_control/src/install/px4_avoidance' for CMake config files
[11.502s] Level 1:colcon.colcon_core.shell:create_environment_hook('px4_avoidance', 'cmake_prefix_path')
[11.502s] INFO:colcon.colcon_core.shell:Creating environment hook '/home/hung/ws_offboard_control/src/install/px4_avoidance/share/px4_avoidance/hook/cmake_prefix_path.ps1'
[11.503s] INFO:colcon.colcon_core.shell:Creating environment descriptor '/home/hung/ws_offboard_control/src/install/px4_avoidance/share/px4_avoidance/hook/cmake_prefix_path.dsv'
[11.503s] INFO:colcon.colcon_core.shell:Creating environment hook '/home/hung/ws_offboard_control/src/install/px4_avoidance/share/px4_avoidance/hook/cmake_prefix_path.sh'
[11.504s] Level 1:colcon.colcon_core.environment:checking '/home/hung/ws_offboard_control/src/install/px4_avoidance/lib'
[11.504s] Level 1:colcon.colcon_core.environment:checking '/home/hung/ws_offboard_control/src/install/px4_avoidance/bin'
[11.505s] Level 1:colcon.colcon_core.environment:checking '/home/hung/ws_offboard_control/src/install/px4_avoidance/lib/pkgconfig/px4_avoidance.pc'
[11.505s] Level 1:colcon.colcon_core.environment:checking '/home/hung/ws_offboard_control/src/install/px4_avoidance/lib/python3.12/site-packages'
[11.506s] Level 1:colcon.colcon_core.environment:checking '/home/hung/ws_offboard_control/src/install/px4_avoidance/bin'
[11.507s] INFO:colcon.colcon_core.shell:Creating package script '/home/hung/ws_offboard_control/src/install/px4_avoidance/share/px4_avoidance/package.ps1'
[11.508s] INFO:colcon.colcon_core.shell:Creating package descriptor '/home/hung/ws_offboard_control/src/install/px4_avoidance/share/px4_avoidance/package.dsv'
[11.509s] INFO:colcon.colcon_core.shell:Creating package script '/home/hung/ws_offboard_control/src/install/px4_avoidance/share/px4_avoidance/package.sh'
[11.509s] INFO:colcon.colcon_core.shell:Creating package script '/home/hung/ws_offboard_control/src/install/px4_avoidance/share/px4_avoidance/package.bash'
[11.510s] INFO:colcon.colcon_core.shell:Creating package script '/home/hung/ws_offboard_control/src/install/px4_avoidance/share/px4_avoidance/package.zsh'
[11.511s] Level 1:colcon.colcon_core.environment:create_file_with_runtime_dependencies(/home/hung/ws_offboard_control/src/install/px4_avoidance/share/colcon-core/packages/px4_avoidance)
[11.512s] DEBUG:colcon.colcon_parallel_executor.executor.parallel:closing loop
[11.513s] DEBUG:colcon.colcon_parallel_executor.executor.parallel:loop closed
[11.513s] DEBUG:colcon.colcon_parallel_executor.executor.parallel:run_until_complete finished with '0'
[11.513s] DEBUG:colcon.colcon_core.event_reactor:joining thread
[11.593s] INFO:colcon.colcon_core.plugin_system:Skipping extension 'colcon_notification.desktop_notification.notify_send': Could not find 'notify-send'
[11.594s] INFO:colcon.colcon_core.plugin_system:Skipping extension 'colcon_notification.desktop_notification.terminal_notifier': Not used on non-Darwin systems
[11.594s] INFO:colcon.colcon_core.plugin_system:Skipping extension 'colcon_notification.desktop_notification.win32': Not used on non-Windows systems
[11.594s] INFO:colcon.colcon_notification.desktop_notification:Sending desktop notification using 'notify2'
[11.595s] DEBUG:colcon.colcon_notification.desktop_notification.notify2:Failed to initialize notify2: org.freedesktop.DBus.Error.ServiceUnknown: The name org.freedesktop.Notifications was not provided by any .service files
[11.595s] DEBUG:colcon.colcon_core.event_reactor:joined thread
[11.595s] INFO:colcon.colcon_core.shell:Creating prefix script '/home/hung/ws_offboard_control/src/install/local_setup.ps1'
[11.596s] INFO:colcon.colcon_core.shell:Creating prefix util module '/home/hung/ws_offboard_control/src/install/_local_setup_util_ps1.py'
[11.598s] INFO:colcon.colcon_core.shell:Creating prefix chain script '/home/hung/ws_offboard_control/src/install/setup.ps1'
[11.599s] INFO:colcon.colcon_core.shell:Creating prefix script '/home/hung/ws_offboard_control/src/install/local_setup.sh'
[11.600s] INFO:colcon.colcon_core.shell:Creating prefix util module '/home/hung/ws_offboard_control/src/install/_local_setup_util_sh.py'
[11.600s] INFO:colcon.colcon_core.shell:Creating prefix chain script '/home/hung/ws_offboard_control/src/install/setup.sh'
[11.602s] INFO:colcon.colcon_core.shell:Creating prefix script '/home/hung/ws_offboard_control/src/install/local_setup.bash'
[11.602s] INFO:colcon.colcon_core.shell:Creating prefix chain script '/home/hung/ws_offboard_control/src/install/setup.bash'
[11.604s] INFO:colcon.colcon_core.shell:Creating prefix script '/home/hung/ws_offboard_control/src/install/local_setup.zsh'
[11.608s] INFO:colcon.colcon_core.shell:Creating prefix chain script '/home/hung/ws_offboard_control/src/install/setup.zsh'
